OPERATIONS SCHEDULING JOB LOG 20260217_055130
----------------------
20260217_055130 ## Passed Parameter Values:
20260217_055130 DOMAIN: operations
20260217_055130 SUB_DOMAIN: scheduling
20260217_055130 USER_NAME: ops_user1
20260217_055130 TABLE_NAME: job_resource_alloc
20260217_055130 EXEC_SCOPE: DEV

20260217_055130 ## Derived Variable Values:
20260217_055130 STARTTIME: 055130
20260217_055130 LOGDATE: 20260217_055130
20260217_055130 JOB=job_resource_alloc

20260217_055130 ###############################################################
20260217_055130 ### RUNNING RESOURCE ALLOC SCRIPT
20260217_055130 ###############################################################

20260217_055130 ## Checking if script exists
20260217_055130 Script File: /scripts/operations/scheduling/job_resource_alloc/job_resource_alloc.sql
20260217_055130 File exists...

20260217_055130 ## Running script
20260217_055130  *** Logon successfully completed.
  *** Total elapsed time was 2 seconds.
  *** All data processed without errors.
  *** Script execution successful.
  *** RC (return code) = 0
20260217_055135
20260217_055135
Execution Return Code: 0
20260217_055135
-----------
JOB SUCCESS
-----------
Start Time: 055130, End Time: 055135