OPERATIONS SCHEDULING JOB LOG 20250520_191553
----------------------
20250520_191553 ## Passed Parameter Values:
20250520_191553 DOMAIN: operations
20250520_191553 SUB_DOMAIN: scheduling
20250520_191553 USER_NAME: scheduler
20250520_191553 TABLE_NAME: job_resource_alloc
20250520_191553 EXEC_SCOPE: PROD

20250520_191553 ## Derived Variable Values:
20250520_191553 STARTTIME: 191553
20250520_191553 LOGDATE: 20250520_191553
20250520_191553 JOB=job_resource_alloc

20250520_191553 ###############################################################
20250520_191553 ### RUNNING RESOURCE ALLOC SCRIPT
20250520_191553 ###############################################################

20250520_191553 ## Checking if script exists
20250520_191553 Script File: /scripts/operations/scheduling/job_resource_alloc/job_resource_alloc.sql
20250520_191553 File exists...

20250520_191553 ## Running script
20250520_191553  *** Logon successfully completed.
  *** Total elapsed time was 1 second.
  *** Data extraction and transformation successful.
  *** Script execution successful.
  *** RC (return code) = 0
20250520_191615
20250520_191615
Execution Return Code: 0
20250520_191615
-----------
JOB SUCCESS
-----------
Start Time: 191553, End Time: 191615