OPERATIONS SCHEDULING JOB LOG 20250727_154352
----------------------
20250727_154352 ## Passed Parameter Values:
20250727_154352 DOMAIN: operations
20250727_154352 SUB_DOMAIN: scheduling
20250727_154352 USER_NAME: logistics_manager
20250727_154352 TABLE_NAME: job_resource_alloc
20250727_154352 EXEC_SCOPE: TEST

20250727_154352 ## Derived Variable Values:
20250727_154352 STARTTIME: 154352
20250727_154352 LOGDATE: 20250727_154352
20250727_154352 JOB=job_resource_alloc

20250727_154352 ###############################################################
20250727_154352 ### RUNNING RESOURCE ALLOC SCRIPT
20250727_154352 ###############################################################

20250727_154352 ## Checking if script exists
20250727_154352 Script File: /scripts/operations/scheduling/job_resource_alloc/job_resource_alloc.sql
20250727_154352 File exists...

20250727_154352 ## Running script
20250727_154352  *** Logon successfully completed.
  *** Total elapsed time was 3 seconds.
  *** Analysis completed with no issues.
  *** Script execution successful.
  *** RC (return code) = 0
20250727_154419
20250727_154419
Execution Return Code: 0
20250727_154419
-----------
JOB SUCCESS
-----------
Start Time: 154352, End Time: 154419