OPERATIONS SCHEDULING JOB LOG 20260609_054356
----------------------
20260609_054356 ## Passed Parameter Values:
20260609_054356 DOMAIN: operations
20260609_054356 SUB_DOMAIN: scheduling
20260609_054356 USER_NAME: ops_user1
20260609_054356 TABLE_NAME: job_resource_alloc
20260609_054356 EXEC_SCOPE: PROD

20260609_054356 ## Derived Variable Values:
20260609_054356 STARTTIME: 054356
20260609_054356 LOGDATE: 20260609_054356
20260609_054356 JOB=job_resource_alloc

20260609_054356 ###############################################################
20260609_054356 ### RUNNING RESOURCE ALLOC SCRIPT
20260609_054356 ###############################################################

20260609_054356 ## Checking if script exists
20260609_054356 Script File: /scripts/operations/scheduling/job_resource_alloc/job_resource_alloc.sql
20260609_054356 File exists...

20260609_054356 ## Running script
20260609_054356  *** Logon successfully completed.
  *** Total elapsed time was 2 seconds.
  *** Script executed successfully.
  *** Script execution successful.
  *** RC (return code) = 0
20260609_054436
20260609_054436
Execution Return Code: 0
20260609_054436
-----------
JOB SUCCESS
-----------
Start Time: 054356, End Time: 054436