OPERATIONS SCHEDULING JOB LOG 20251118_212526
----------------------
20251118_212526 ## Passed Parameter Values:
20251118_212526 DOMAIN: operations
20251118_212526 SUB_DOMAIN: scheduling
20251118_212526 USER_NAME: scheduler
20251118_212526 TABLE_NAME: job_resource_alloc
20251118_212526 EXEC_SCOPE: TEST

20251118_212526 ## Derived Variable Values:
20251118_212526 STARTTIME: 212526
20251118_212526 LOGDATE: 20251118_212526
20251118_212526 JOB=job_resource_alloc

20251118_212526 ###############################################################
20251118_212526 ### RUNNING RESOURCE ALLOC SCRIPT
20251118_212526 ###############################################################

20251118_212526 ## Checking if script exists
20251118_212526 Script File: /scripts/operations/scheduling/job_resource_alloc/job_resource_alloc.sql
20251118_212526 File exists...

20251118_212526 ## Running script
20251118_212526  *** Logon successfully completed.
  *** Total elapsed time was 3 seconds.
  *** Error: Scheduling report failed: Missing required metrics.
  *** Script execution failed.
  *** RC (return code) = 1
20251118_212533
20251118_212533
Execution Return Code: 1
20251118_212533
---------
JOB ERROR
---------
Start Time: 212526, End Time: 212533