OPERATIONS SCHEDULING JOB LOG 20260421_154509
----------------------
20260421_154509 ## Passed Parameter Values:
20260421_154509 DOMAIN: operations
20260421_154509 SUB_DOMAIN: scheduling
20260421_154509 USER_NAME: ops_user1
20260421_154509 TABLE_NAME: job_resource_alloc
20260421_154509 EXEC_SCOPE: UAT

20260421_154509 ## Derived Variable Values:
20260421_154509 STARTTIME: 154509
20260421_154509 LOGDATE: 20260421_154509
20260421_154509 JOB=job_resource_alloc

20260421_154509 ###############################################################
20260421_154509 ### RUNNING RESOURCE ALLOC SCRIPT
20260421_154509 ###############################################################

20260421_154509 ## Checking if script exists
20260421_154509 Script File: /scripts/operations/scheduling/job_resource_alloc/job_resource_alloc.sql
20260421_154509 File exists...

20260421_154509 ## Running script
20260421_154509  *** Logon successfully completed.
  *** Total elapsed time was 2 seconds.
  *** Script executed successfully.
  *** Script execution successful.
  *** RC (return code) = 0
20260421_154514
20260421_154514
Execution Return Code: 0
20260421_154514
-----------
JOB SUCCESS
-----------
Start Time: 154509, End Time: 154514