OPERATIONS SCHEDULING JOB LOG 20250518_154711
----------------------
20250518_154711 ## Passed Parameter Values:
20250518_154711 DOMAIN: operations
20250518_154711 SUB_DOMAIN: scheduling
20250518_154711 USER_NAME: logistics_manager
20250518_154711 TABLE_NAME: job_resource_alloc
20250518_154711 EXEC_SCOPE: PROD

20250518_154711 ## Derived Variable Values:
20250518_154711 STARTTIME: 154711
20250518_154711 LOGDATE: 20250518_154711
20250518_154711 JOB=job_resource_alloc

20250518_154711 ###############################################################
20250518_154711 ### RUNNING RESOURCE ALLOC SCRIPT
20250518_154711 ###############################################################

20250518_154711 ## Checking if script exists
20250518_154711 Script File: /scripts/operations/scheduling/job_resource_alloc/job_resource_alloc.sql
20250518_154711 File exists...

20250518_154711 ## Running script
20250518_154711  *** Logon successfully completed.
  *** Total elapsed time was 1 second.
  *** Error: Scheduling aggregation error: Inconsistent daily data.
  *** Script execution failed.
  *** RC (return code) = 2
20250518_154739
20250518_154739
Execution Return Code: 2
20250518_154739
---------
JOB ERROR
---------
Start Time: 154711, End Time: 154739