OPERATIONS SCHEDULING JOB LOG 20260219_080319
----------------------
20260219_080319 ## Passed Parameter Values:
20260219_080319 DOMAIN: operations
20260219_080319 SUB_DOMAIN: scheduling
20260219_080319 USER_NAME: logistics_manager
20260219_080319 TABLE_NAME: job_resource_alloc
20260219_080319 EXEC_SCOPE: TEST

20260219_080319 ## Derived Variable Values:
20260219_080319 STARTTIME: 080319
20260219_080319 LOGDATE: 20260219_080319
20260219_080319 JOB=job_resource_alloc

20260219_080319 ###############################################################
20260219_080319 ### RUNNING RESOURCE ALLOC SCRIPT
20260219_080319 ###############################################################

20260219_080319 ## Checking if script exists
20260219_080319 Script File: /scripts/operations/scheduling/job_resource_alloc/job_resource_alloc.sql
20260219_080319 File exists...

20260219_080319 ## Running script
20260219_080319  *** Logon successfully completed.
  *** Total elapsed time was 3 seconds.
  *** Error: Scheduling report failed: Missing required metrics.
  *** Script execution failed.
  *** RC (return code) = 4
20260219_080405
20260219_080405
Execution Return Code: 4
20260219_080405
---------
JOB ERROR
---------
Start Time: 080319, End Time: 080405