OPERATIONS SCHEDULING JOB LOG 20260719_113501
----------------------
20260719_113501 ## Passed Parameter Values:
20260719_113501 DOMAIN: operations
20260719_113501 SUB_DOMAIN: scheduling
20260719_113501 USER_NAME: logistics_manager
20260719_113501 TABLE_NAME: job_resource_alloc
20260719_113501 EXEC_SCOPE: TEST

20260719_113501 ## Derived Variable Values:
20260719_113501 STARTTIME: 113501
20260719_113501 LOGDATE: 20260719_113501
20260719_113501 JOB=job_resource_alloc

20260719_113501 ###############################################################
20260719_113501 ### RUNNING RESOURCE ALLOC SCRIPT
20260719_113501 ###############################################################

20260719_113501 ## Checking if script exists
20260719_113501 Script File: /scripts/operations/scheduling/job_resource_alloc/job_resource_alloc.sql
20260719_113501 File exists...

20260719_113501 ## Running script
20260719_113501  *** Logon successfully completed.
  *** Total elapsed time was 5 seconds.
  *** Analysis completed with no issues.
  *** Script execution successful.
  *** RC (return code) = 0
20260719_113514
20260719_113514
Execution Return Code: 0
20260719_113514
-----------
JOB SUCCESS
-----------
Start Time: 113501, End Time: 113514