OPERATIONS LOGISTICS JOB LOG 20260419_130338
----------------------
20260419_130338 ## Passed Parameter Values:
20260419_130338 DOMAIN: operations
20260419_130338 SUB_DOMAIN: logistics
20260419_130338 USER_NAME: scheduler
20260419_130338 TABLE_NAME: job_warehouse_mgmt
20260419_130338 EXEC_SCOPE: DEV

20260419_130338 ## Derived Variable Values:
20260419_130338 STARTTIME: 130338
20260419_130338 LOGDATE: 20260419_130338
20260419_130338 JOB=job_warehouse_mgmt

20260419_130338 ###############################################################
20260419_130338 ### RUNNING WAREHOUSE MGMT SCRIPT
20260419_130338 ###############################################################

20260419_130338 ## Checking if script exists
20260419_130338 Script File: /scripts/operations/logistics/job_warehouse_mgmt/job_warehouse_mgmt.sql
20260419_130338 File exists...

20260419_130338 ## Running script
20260419_130338  *** Logon successfully completed.
  *** Total elapsed time was 4 seconds.
  *** Report generated successfully.
  *** Script execution successful.
  *** RC (return code) = 0
20260419_130413
20260419_130413
Execution Return Code: 0
20260419_130413
-----------
JOB SUCCESS
-----------
Start Time: 130338, End Time: 130413