OPERATIONS LOGISTICS JOB LOG 20250821_020236
----------------------
20250821_020236 ## Passed Parameter Values:
20250821_020236 DOMAIN: operations
20250821_020236 SUB_DOMAIN: logistics
20250821_020236 USER_NAME: logistics_manager
20250821_020236 TABLE_NAME: job_warehouse_mgmt
20250821_020236 EXEC_SCOPE: UAT

20250821_020236 ## Derived Variable Values:
20250821_020236 STARTTIME: 020236
20250821_020236 LOGDATE: 20250821_020236
20250821_020236 JOB=job_warehouse_mgmt

20250821_020236 ###############################################################
20250821_020236 ### RUNNING WAREHOUSE MGMT SCRIPT
20250821_020236 ###############################################################

20250821_020236 ## Checking if script exists
20250821_020236 Script File: /scripts/operations/logistics/job_warehouse_mgmt/job_warehouse_mgmt.sql
20250821_020236 File exists...

20250821_020236 ## Running script
20250821_020236  *** Logon successfully completed.
  *** Total elapsed time was 1 second.
  *** Script executed successfully.
  *** Script execution successful.
  *** RC (return code) = 0
20250821_020324
20250821_020324
Execution Return Code: 0
20250821_020324
-----------
JOB SUCCESS
-----------
Start Time: 020236, End Time: 020324