OPERATIONS LOGISTICS JOB LOG 20250928_010419
----------------------
20250928_010419 ## Passed Parameter Values:
20250928_010419 DOMAIN: operations
20250928_010419 SUB_DOMAIN: logistics
20250928_010419 USER_NAME: logistics_manager
20250928_010419 TABLE_NAME: job_warehouse_mgmt
20250928_010419 EXEC_SCOPE: UAT

20250928_010419 ## Derived Variable Values:
20250928_010419 STARTTIME: 010419
20250928_010419 LOGDATE: 20250928_010419
20250928_010419 JOB=job_warehouse_mgmt

20250928_010419 ###############################################################
20250928_010419 ### RUNNING WAREHOUSE MGMT SCRIPT
20250928_010419 ###############################################################

20250928_010419 ## Checking if script exists
20250928_010419 Script File: /scripts/operations/logistics/job_warehouse_mgmt/job_warehouse_mgmt.sql
20250928_010419 File exists...

20250928_010419 ## Running script
20250928_010419  *** Logon successfully completed.
  *** Total elapsed time was 5 seconds.
  *** Analysis completed with no issues.
  *** Script execution successful.
  *** RC (return code) = 0
20250928_010455
20250928_010455
Execution Return Code: 0
20250928_010455
-----------
JOB SUCCESS
-----------
Start Time: 010419, End Time: 010455