OPERATIONS LOGISTICS JOB LOG 20250717_072001
----------------------
20250717_072001 ## Passed Parameter Values:
20250717_072001 DOMAIN: operations
20250717_072001 SUB_DOMAIN: logistics
20250717_072001 USER_NAME: ops_user1
20250717_072001 TABLE_NAME: job_warehouse_mgmt
20250717_072001 EXEC_SCOPE: DEV

20250717_072001 ## Derived Variable Values:
20250717_072001 STARTTIME: 072001
20250717_072001 LOGDATE: 20250717_072001
20250717_072001 JOB=job_warehouse_mgmt

20250717_072001 ###############################################################
20250717_072001 ### RUNNING WAREHOUSE MGMT SCRIPT
20250717_072001 ###############################################################

20250717_072001 ## Checking if script exists
20250717_072001 Script File: /scripts/operations/logistics/job_warehouse_mgmt/job_warehouse_mgmt.sql
20250717_072001 File exists...

20250717_072001 ## Running script
20250717_072001  *** Logon successfully completed.
  *** Total elapsed time was 4 seconds.
  *** All data processed without errors.
  *** Script execution successful.
  *** RC (return code) = 0
20250717_072100
20250717_072100
Execution Return Code: 0
20250717_072100
-----------
JOB SUCCESS
-----------
Start Time: 072001, End Time: 072100