OPERATIONS LOGISTICS JOB LOG 20260526_032405
----------------------
20260526_032405 ## Passed Parameter Values:
20260526_032405 DOMAIN: operations
20260526_032405 SUB_DOMAIN: logistics
20260526_032405 USER_NAME: logistics_manager
20260526_032405 TABLE_NAME: job_warehouse_mgmt
20260526_032405 EXEC_SCOPE: TEST

20260526_032405 ## Derived Variable Values:
20260526_032405 STARTTIME: 032405
20260526_032405 LOGDATE: 20260526_032405
20260526_032405 JOB=job_warehouse_mgmt

20260526_032405 ###############################################################
20260526_032405 ### RUNNING WAREHOUSE MGMT SCRIPT
20260526_032405 ###############################################################

20260526_032405 ## Checking if script exists
20260526_032405 Script File: /scripts/operations/logistics/job_warehouse_mgmt/job_warehouse_mgmt.sql
20260526_032405 File exists...

20260526_032405 ## Running script
20260526_032405  *** Logon successfully completed.
  *** Total elapsed time was 3 seconds.
  *** All data processed without errors.
  *** Script execution successful.
  *** RC (return code) = 0
20260526_032423
20260526_032423
Execution Return Code: 0
20260526_032423
-----------
JOB SUCCESS
-----------
Start Time: 032405, End Time: 032423