OPERATIONS LOGISTICS JOB LOG 20260101_155723
----------------------
20260101_155723 ## Passed Parameter Values:
20260101_155723 DOMAIN: operations
20260101_155723 SUB_DOMAIN: logistics
20260101_155723 USER_NAME: scheduler
20260101_155723 TABLE_NAME: job_warehouse_mgmt
20260101_155723 EXEC_SCOPE: UAT

20260101_155723 ## Derived Variable Values:
20260101_155723 STARTTIME: 155723
20260101_155723 LOGDATE: 20260101_155723
20260101_155723 JOB=job_warehouse_mgmt

20260101_155723 ###############################################################
20260101_155723 ### RUNNING WAREHOUSE MGMT SCRIPT
20260101_155723 ###############################################################

20260101_155723 ## Checking if script exists
20260101_155723 Script File: /scripts/operations/logistics/job_warehouse_mgmt/job_warehouse_mgmt.sql
20260101_155723 File exists...

20260101_155723 ## Running script
20260101_155723  *** Logon successfully completed.
  *** Total elapsed time was 2 seconds.
  *** Report generated successfully.
  *** Script execution successful.
  *** RC (return code) = 0
20260101_155742
20260101_155742
Execution Return Code: 0
20260101_155742
-----------
JOB SUCCESS
-----------
Start Time: 155723, End Time: 155742