OPERATIONS LOGISTICS JOB LOG 20260217_184745
----------------------
20260217_184745 ## Passed Parameter Values:
20260217_184745 DOMAIN: operations
20260217_184745 SUB_DOMAIN: logistics
20260217_184745 USER_NAME: ops_user1
20260217_184745 TABLE_NAME: job_warehouse_mgmt
20260217_184745 EXEC_SCOPE: UAT

20260217_184745 ## Derived Variable Values:
20260217_184745 STARTTIME: 184745
20260217_184745 LOGDATE: 20260217_184745
20260217_184745 JOB=job_warehouse_mgmt

20260217_184745 ###############################################################
20260217_184745 ### RUNNING WAREHOUSE MGMT SCRIPT
20260217_184745 ###############################################################

20260217_184745 ## Checking if script exists
20260217_184745 Script File: /scripts/operations/logistics/job_warehouse_mgmt/job_warehouse_mgmt.sql
20260217_184745 File exists...

20260217_184745 ## Running script
20260217_184745  *** Logon successfully completed.
  *** Total elapsed time was 2 seconds.
  *** All data processed without errors.
  *** Script execution successful.
  *** RC (return code) = 0
20260217_184826
20260217_184826
Execution Return Code: 0
20260217_184826
-----------
JOB SUCCESS
-----------
Start Time: 184745, End Time: 184826