FINANCE BILLING JOB LOG 20260310_113227
----------------------
20260310_113227 ## Passed Parameter Values:
20260310_113227 DOMAIN: finance
20260310_113227 SUB_DOMAIN: billing
20260310_113227 USER_NAME: finance_user1
20260310_113227 TABLE_NAME: job_invoice_gen
20260310_113227 EXEC_SCOPE: DEV

20260310_113227 ## Derived Variable Values:
20260310_113227 STARTTIME: 113227
20260310_113227 LOGDATE: 20260310_113227
20260310_113227 JOB=job_invoice_gen

20260310_113227 ###############################################################
20260310_113227 ### RUNNING INVOICE GEN SCRIPT
20260310_113227 ###############################################################

20260310_113227 ## Checking if script exists
20260310_113227 Script File: /scripts/finance/billing/job_invoice_gen/job_invoice_gen.sql
20260310_113227 File exists...

20260310_113227 ## Running script
20260310_113227  *** Logon successfully completed.
  *** Total elapsed time was 3 seconds.
  *** Script executed successfully.
  *** Script execution successful.
  *** RC (return code) = 0
20260310_113236
20260310_113236
Execution Return Code: 0
20260310_113236
-----------
JOB SUCCESS
-----------
Start Time: 113227, End Time: 113236