FINANCE BILLING JOB LOG 20250930_110141
----------------------
20250930_110141 ## Passed Parameter Values:
20250930_110141 DOMAIN: finance
20250930_110141 SUB_DOMAIN: billing
20250930_110141 USER_NAME: finance_user1
20250930_110141 TABLE_NAME: job_invoice_gen
20250930_110141 EXEC_SCOPE: TEST

20250930_110141 ## Derived Variable Values:
20250930_110141 STARTTIME: 110141
20250930_110141 LOGDATE: 20250930_110141
20250930_110141 JOB=job_invoice_gen

20250930_110141 ###############################################################
20250930_110141 ### RUNNING INVOICE GEN SCRIPT
20250930_110141 ###############################################################

20250930_110141 ## Checking if script exists
20250930_110141 Script File: /scripts/finance/billing/job_invoice_gen/job_invoice_gen.sql
20250930_110141 File exists...

20250930_110141 ## Running script
20250930_110141  *** Logon successfully completed.
  *** Total elapsed time was 5 seconds.
  *** Analysis completed with no issues.
  *** Script execution successful.
  *** RC (return code) = 0
20250930_110236
20250930_110236
Execution Return Code: 0
20250930_110236
-----------
JOB SUCCESS
-----------
Start Time: 110141, End Time: 110236