FINANCE BILLING JOB LOG 20260430_074311
----------------------
20260430_074311 ## Passed Parameter Values:
20260430_074311 DOMAIN: finance
20260430_074311 SUB_DOMAIN: billing
20260430_074311 USER_NAME: finance_user1
20260430_074311 TABLE_NAME: job_invoice_gen
20260430_074311 EXEC_SCOPE: DEV

20260430_074311 ## Derived Variable Values:
20260430_074311 STARTTIME: 074311
20260430_074311 LOGDATE: 20260430_074311
20260430_074311 JOB=job_invoice_gen

20260430_074311 ###############################################################
20260430_074311 ### RUNNING INVOICE GEN SCRIPT
20260430_074311 ###############################################################

20260430_074311 ## Checking if script exists
20260430_074311 Script File: /scripts/finance/billing/job_invoice_gen/job_invoice_gen.sql
20260430_074311 File exists...

20260430_074311 ## Running script
20260430_074311  *** Logon successfully completed.
  *** Total elapsed time was 5 seconds.
  *** Data extraction and transformation successful.
  *** Script execution successful.
  *** RC (return code) = 0
20260430_074319
20260430_074319
Execution Return Code: 0
20260430_074319
-----------
JOB SUCCESS
-----------
Start Time: 074311, End Time: 074319