FINANCE BILLING JOB LOG 20260510_172428
----------------------
20260510_172428 ## Passed Parameter Values:
20260510_172428 DOMAIN: finance
20260510_172428 SUB_DOMAIN: billing
20260510_172428 USER_NAME: finance_admin
20260510_172428 TABLE_NAME: job_invoice_gen
20260510_172428 EXEC_SCOPE: UAT

20260510_172428 ## Derived Variable Values:
20260510_172428 STARTTIME: 172428
20260510_172428 LOGDATE: 20260510_172428
20260510_172428 JOB=job_invoice_gen

20260510_172428 ###############################################################
20260510_172428 ### RUNNING INVOICE GEN SCRIPT
20260510_172428 ###############################################################

20260510_172428 ## Checking if script exists
20260510_172428 Script File: /scripts/finance/billing/job_invoice_gen/job_invoice_gen.sql
20260510_172428 File exists...

20260510_172428 ## Running script
20260510_172428  *** Logon successfully completed.
  *** Total elapsed time was 1 second.
  *** Script executed successfully.
  *** Script execution successful.
  *** RC (return code) = 0
20260510_172436
20260510_172436
Execution Return Code: 0
20260510_172436
-----------
JOB SUCCESS
-----------
Start Time: 172428, End Time: 172436