FINANCE BILLING JOB LOG 20260519_185726
----------------------
20260519_185726 ## Passed Parameter Values:
20260519_185726 DOMAIN: finance
20260519_185726 SUB_DOMAIN: billing
20260519_185726 USER_NAME: accountant1
20260519_185726 TABLE_NAME: job_invoice_gen
20260519_185726 EXEC_SCOPE: PROD

20260519_185726 ## Derived Variable Values:
20260519_185726 STARTTIME: 185726
20260519_185726 LOGDATE: 20260519_185726
20260519_185726 JOB=job_invoice_gen

20260519_185726 ###############################################################
20260519_185726 ### RUNNING INVOICE GEN SCRIPT
20260519_185726 ###############################################################

20260519_185726 ## Checking if script exists
20260519_185726 Script File: /scripts/finance/billing/job_invoice_gen/job_invoice_gen.sql
20260519_185726 File exists...

20260519_185726 ## Running script
20260519_185726  *** Logon successfully completed.
  *** Total elapsed time was 5 seconds.
  *** All data processed without errors.
  *** Script execution successful.
  *** RC (return code) = 0
20260519_185818
20260519_185818
Execution Return Code: 0
20260519_185818
-----------
JOB SUCCESS
-----------
Start Time: 185726, End Time: 185818