FINANCE BILLING JOB LOG 20260707_211232
----------------------
20260707_211232 ## Passed Parameter Values:
20260707_211232 DOMAIN: finance
20260707_211232 SUB_DOMAIN: billing
20260707_211232 USER_NAME: accountant1
20260707_211232 TABLE_NAME: job_invoice_gen
20260707_211232 EXEC_SCOPE: TEST

20260707_211232 ## Derived Variable Values:
20260707_211232 STARTTIME: 211232
20260707_211232 LOGDATE: 20260707_211232
20260707_211232 JOB=job_invoice_gen

20260707_211232 ###############################################################
20260707_211232 ### RUNNING INVOICE GEN SCRIPT
20260707_211232 ###############################################################

20260707_211232 ## Checking if script exists
20260707_211232 Script File: /scripts/finance/billing/job_invoice_gen/job_invoice_gen.sql
20260707_211232 File exists...

20260707_211232 ## Running script
20260707_211232  *** Logon successfully completed.
  *** Total elapsed time was 1 second.
  *** All data processed without errors.
  *** Script execution successful.
  *** RC (return code) = 0
20260707_211308
20260707_211308
Execution Return Code: 0
20260707_211308
-----------
JOB SUCCESS
-----------
Start Time: 211232, End Time: 211308