FINANCE BILLING JOB LOG 20260625_060348
----------------------
20260625_060348 ## Passed Parameter Values:
20260625_060348 DOMAIN: finance
20260625_060348 SUB_DOMAIN: billing
20260625_060348 USER_NAME: finance_user1
20260625_060348 TABLE_NAME: job_invoice_gen
20260625_060348 EXEC_SCOPE: TEST

20260625_060348 ## Derived Variable Values:
20260625_060348 STARTTIME: 060348
20260625_060348 LOGDATE: 20260625_060348
20260625_060348 JOB=job_invoice_gen

20260625_060348 ###############################################################
20260625_060348 ### RUNNING INVOICE GEN SCRIPT
20260625_060348 ###############################################################

20260625_060348 ## Checking if script exists
20260625_060348 Script File: /scripts/finance/billing/job_invoice_gen/job_invoice_gen.sql
20260625_060348 File exists...

20260625_060348 ## Running script
20260625_060348  *** Logon successfully completed.
  *** Total elapsed time was 4 seconds.
  *** Report generated successfully.
  *** Script execution successful.
  *** RC (return code) = 0
20260625_060417
20260625_060417
Execution Return Code: 0
20260625_060417
-----------
JOB SUCCESS
-----------
Start Time: 060348, End Time: 060417