FINANCE BILLING JOB LOG 20250603_051641
----------------------
20250603_051641 ## Passed Parameter Values:
20250603_051641 DOMAIN: finance
20250603_051641 SUB_DOMAIN: billing
20250603_051641 USER_NAME: accountant1
20250603_051641 TABLE_NAME: job_invoice_gen
20250603_051641 EXEC_SCOPE: TEST

20250603_051641 ## Derived Variable Values:
20250603_051641 STARTTIME: 051641
20250603_051641 LOGDATE: 20250603_051641
20250603_051641 JOB=job_invoice_gen

20250603_051641 ###############################################################
20250603_051641 ### RUNNING INVOICE GEN SCRIPT
20250603_051641 ###############################################################

20250603_051641 ## Checking if script exists
20250603_051641 Script File: /scripts/finance/billing/job_invoice_gen/job_invoice_gen.sql
20250603_051641 File exists...

20250603_051641 ## Running script
20250603_051641  *** Logon successfully completed.
  *** Total elapsed time was 2 seconds.
  *** Error: Tax calculation failed: Missing tax rate for region.
  *** Script execution failed.
  *** RC (return code) = 1
20250603_051712
20250603_051712
Execution Return Code: 1
20250603_051712
---------
JOB ERROR
---------
Start Time: 051641, End Time: 051712