OPERATIONS LOGISTICS JOB LOG 20260625_162706
----------------------
20260625_162706 ## Passed Parameter Values:
20260625_162706 DOMAIN: operations
20260625_162706 SUB_DOMAIN: logistics
20260625_162706 USER_NAME: ops_user1
20260625_162706 TABLE_NAME: job_inventory_check
20260625_162706 EXEC_SCOPE: DEV

20260625_162706 ## Derived Variable Values:
20260625_162706 STARTTIME: 162706
20260625_162706 LOGDATE: 20260625_162706
20260625_162706 JOB=job_inventory_check

20260625_162706 ###############################################################
20260625_162706 ### RUNNING INVENTORY CHECK SCRIPT
20260625_162706 ###############################################################

20260625_162706 ## Checking if script exists
20260625_162706 Script File: /scripts/operations/logistics/job_inventory_check/job_inventory_check.sql
20260625_162706 File exists...

20260625_162706 ## Running script
20260625_162706  *** Logon successfully completed.
  *** Total elapsed time was 2 seconds.
  *** All data processed without errors.
  *** Script execution successful.
  *** RC (return code) = 0
20260625_162742
20260625_162742
Execution Return Code: 0
20260625_162742
-----------
JOB SUCCESS
-----------
Start Time: 162706, End Time: 162742