OPERATIONS LOGISTICS JOB LOG 20250617_170207
----------------------
20250617_170207 ## Passed Parameter Values:
20250617_170207 DOMAIN: operations
20250617_170207 SUB_DOMAIN: logistics
20250617_170207 USER_NAME: ops_user1
20250617_170207 TABLE_NAME: job_inventory_check
20250617_170207 EXEC_SCOPE: TEST

20250617_170207 ## Derived Variable Values:
20250617_170207 STARTTIME: 170207
20250617_170207 LOGDATE: 20250617_170207
20250617_170207 JOB=job_inventory_check

20250617_170207 ###############################################################
20250617_170207 ### RUNNING INVENTORY CHECK SCRIPT
20250617_170207 ###############################################################

20250617_170207 ## Checking if script exists
20250617_170207 Script File: /scripts/operations/logistics/job_inventory_check/job_inventory_check.sql
20250617_170207 File exists...

20250617_170207 ## Running script
20250617_170207  *** Logon successfully completed.
  *** Total elapsed time was 1 second.
  *** Report generated successfully.
  *** Script execution successful.
  *** RC (return code) = 0
20250617_170254
20250617_170254
Execution Return Code: 0
20250617_170254
-----------
JOB SUCCESS
-----------
Start Time: 170207, End Time: 170254