OPERATIONS LOGISTICS JOB LOG 20250828_121414
----------------------
20250828_121414 ## Passed Parameter Values:
20250828_121414 DOMAIN: operations
20250828_121414 SUB_DOMAIN: logistics
20250828_121414 USER_NAME: scheduler
20250828_121414 TABLE_NAME: job_inventory_check
20250828_121414 EXEC_SCOPE: UAT

20250828_121414 ## Derived Variable Values:
20250828_121414 STARTTIME: 121414
20250828_121414 LOGDATE: 20250828_121414
20250828_121414 JOB=job_inventory_check

20250828_121414 ###############################################################
20250828_121414 ### RUNNING INVENTORY CHECK SCRIPT
20250828_121414 ###############################################################

20250828_121414 ## Checking if script exists
20250828_121414 Script File: /scripts/operations/logistics/job_inventory_check/job_inventory_check.sql
20250828_121414 File exists...

20250828_121414 ## Running script
20250828_121414  *** Logon successfully completed.
  *** Total elapsed time was 3 seconds.
  *** All data processed without errors.
  *** Script execution successful.
  *** RC (return code) = 0
20250828_121436
20250828_121436
Execution Return Code: 0
20250828_121436
-----------
JOB SUCCESS
-----------
Start Time: 121414, End Time: 121436