OPERATIONS LOGISTICS JOB LOG 20260324_222502
----------------------
20260324_222502 ## Passed Parameter Values:
20260324_222502 DOMAIN: operations
20260324_222502 SUB_DOMAIN: logistics
20260324_222502 USER_NAME: ops_user1
20260324_222502 TABLE_NAME: job_inventory_check
20260324_222502 EXEC_SCOPE: TEST

20260324_222502 ## Derived Variable Values:
20260324_222502 STARTTIME: 222502
20260324_222502 LOGDATE: 20260324_222502
20260324_222502 JOB=job_inventory_check

20260324_222502 ###############################################################
20260324_222502 ### RUNNING INVENTORY CHECK SCRIPT
20260324_222502 ###############################################################

20260324_222502 ## Checking if script exists
20260324_222502 Script File: /scripts/operations/logistics/job_inventory_check/job_inventory_check.sql
20260324_222502 File exists...

20260324_222502 ## Running script
20260324_222502  *** Logon successfully completed.
  *** Total elapsed time was 2 seconds.
  *** Data extraction and transformation successful.
  *** Script execution successful.
  *** RC (return code) = 0
20260324_222514
20260324_222514
Execution Return Code: 0
20260324_222514
-----------
JOB SUCCESS
-----------
Start Time: 222502, End Time: 222514