OPERATIONS LOGISTICS JOB LOG 20260430_112117
----------------------
20260430_112117 ## Passed Parameter Values:
20260430_112117 DOMAIN: operations
20260430_112117 SUB_DOMAIN: logistics
20260430_112117 USER_NAME: ops_user1
20260430_112117 TABLE_NAME: job_inventory_check
20260430_112117 EXEC_SCOPE: DEV

20260430_112117 ## Derived Variable Values:
20260430_112117 STARTTIME: 112117
20260430_112117 LOGDATE: 20260430_112117
20260430_112117 JOB=job_inventory_check

20260430_112117 ###############################################################
20260430_112117 ### RUNNING INVENTORY CHECK SCRIPT
20260430_112117 ###############################################################

20260430_112117 ## Checking if script exists
20260430_112117 Script File: /scripts/operations/logistics/job_inventory_check/job_inventory_check.sql
20260430_112117 File exists...

20260430_112117 ## Running script
20260430_112117  *** Logon successfully completed.
  *** Total elapsed time was 4 seconds.
  *** All data processed without errors.
  *** Script execution successful.
  *** RC (return code) = 0
20260430_112132
20260430_112132
Execution Return Code: 0
20260430_112132
-----------
JOB SUCCESS
-----------
Start Time: 112117, End Time: 112132