OPERATIONS LOGISTICS JOB LOG 20250717_123445
----------------------
20250717_123445 ## Passed Parameter Values:
20250717_123445 DOMAIN: operations
20250717_123445 SUB_DOMAIN: logistics
20250717_123445 USER_NAME: ops_user1
20250717_123445 TABLE_NAME: job_inventory_check
20250717_123445 EXEC_SCOPE: TEST

20250717_123445 ## Derived Variable Values:
20250717_123445 STARTTIME: 123445
20250717_123445 LOGDATE: 20250717_123445
20250717_123445 JOB=job_inventory_check

20250717_123445 ###############################################################
20250717_123445 ### RUNNING INVENTORY CHECK SCRIPT
20250717_123445 ###############################################################

20250717_123445 ## Checking if script exists
20250717_123445 Script File: /scripts/operations/logistics/job_inventory_check/job_inventory_check.sql
20250717_123445 File exists...

20250717_123445 ## Running script
20250717_123445  *** Logon successfully completed.
  *** Total elapsed time was 3 seconds.
  *** Error: Logistics processing error: Gateway timeout.
  *** Script execution failed.
  *** RC (return code) = 8
20250717_123527
20250717_123527
Execution Return Code: 8
20250717_123527
---------
JOB ERROR
---------
Start Time: 123445, End Time: 123527