OPERATIONS LOGISTICS JOB LOG 20250914_191332
----------------------
20250914_191332 ## Passed Parameter Values:
20250914_191332 DOMAIN: operations
20250914_191332 SUB_DOMAIN: logistics
20250914_191332 USER_NAME: ops_user1
20250914_191332 TABLE_NAME: job_inventory_check
20250914_191332 EXEC_SCOPE: TEST

20250914_191332 ## Derived Variable Values:
20250914_191332 STARTTIME: 191332
20250914_191332 LOGDATE: 20250914_191332
20250914_191332 JOB=job_inventory_check

20250914_191332 ###############################################################
20250914_191332 ### RUNNING INVENTORY CHECK SCRIPT
20250914_191332 ###############################################################

20250914_191332 ## Checking if script exists
20250914_191332 Script File: /scripts/operations/logistics/job_inventory_check/job_inventory_check.sql
20250914_191332 File exists...

20250914_191332 ## Running script
20250914_191332  *** Logon successfully completed.
  *** Total elapsed time was 3 seconds.
  *** All data processed without errors.
  *** Script execution successful.
  *** RC (return code) = 0
20250914_191408
20250914_191408
Execution Return Code: 0
20250914_191408
-----------
JOB SUCCESS
-----------
Start Time: 191332, End Time: 191408