MARKETING CAMPAIGNS JOB LOG 20260716_012708
----------------------
20260716_012708 ## Passed Parameter Values:
20260716_012708 DOMAIN: marketing
20260716_012708 SUB_DOMAIN: campaigns
20260716_012708 USER_NAME: analyst1
20260716_012708 TABLE_NAME: job_update_crm
20260716_012708 EXEC_SCOPE: UAT

20260716_012708 ## Derived Variable Values:
20260716_012708 STARTTIME: 012708
20260716_012708 LOGDATE: 20260716_012708
20260716_012708 JOB=job_update_crm

20260716_012708 ###############################################################
20260716_012708 ### RUNNING UPDATE CRM SCRIPT
20260716_012708 ###############################################################

20260716_012708 ## Checking if script exists
20260716_012708 Script File: /scripts/marketing/campaigns/job_update_crm/job_update_crm.sql
20260716_012708 File exists...

20260716_012708 ## Running script
20260716_012708  *** Logon successfully completed.
  *** Total elapsed time was 3 seconds.
  *** Error: Email blast failed: SMTP server connection error.
  *** Script execution failed.
  *** RC (return code) = 8
20260716_012744
20260716_012744
Execution Return Code: 8
20260716_012744
---------
JOB ERROR
---------
Start Time: 012708, End Time: 012744