MARKETING CAMPAIGNS JOB LOG 20260723_100015
----------------------
20260723_100015 ## Passed Parameter Values:
20260723_100015 DOMAIN: marketing
20260723_100015 SUB_DOMAIN: campaigns
20260723_100015 USER_NAME: analyst1
20260723_100015 TABLE_NAME: job_update_crm
20260723_100015 EXEC_SCOPE: DEV

20260723_100015 ## Derived Variable Values:
20260723_100015 STARTTIME: 100015
20260723_100015 LOGDATE: 20260723_100015
20260723_100015 JOB=job_update_crm

20260723_100015 ###############################################################
20260723_100015 ### RUNNING UPDATE CRM SCRIPT
20260723_100015 ###############################################################

20260723_100015 ## Checking if script exists
20260723_100015 Script File: /scripts/marketing/campaigns/job_update_crm/job_update_crm.sql
20260723_100015 File exists...

20260723_100015 ## Running script
20260723_100015  *** Logon successfully completed.
  *** Total elapsed time was 3 seconds.
  *** All data processed without errors.
  *** Script execution successful.
  *** RC (return code) = 0
20260723_100059
20260723_100059
Execution Return Code: 0
20260723_100059
-----------
JOB SUCCESS
-----------
Start Time: 100015, End Time: 100059