MARKETING CAMPAIGNS JOB LOG 20250930_155839
----------------------
20250930_155839 ## Passed Parameter Values:
20250930_155839 DOMAIN: marketing
20250930_155839 SUB_DOMAIN: campaigns
20250930_155839 USER_NAME: marketing_user1
20250930_155839 TABLE_NAME: job_update_crm
20250930_155839 EXEC_SCOPE: PROD

20250930_155839 ## Derived Variable Values:
20250930_155839 STARTTIME: 155839
20250930_155839 LOGDATE: 20250930_155839
20250930_155839 JOB=job_update_crm

20250930_155839 ###############################################################
20250930_155839 ### RUNNING UPDATE CRM SCRIPT
20250930_155839 ###############################################################

20250930_155839 ## Checking if script exists
20250930_155839 Script File: /scripts/marketing/campaigns/job_update_crm/job_update_crm.sql
20250930_155839 File exists...

20250930_155839 ## Running script
20250930_155839  *** Logon successfully completed.
  *** Total elapsed time was 3 seconds.
  *** Error: Email blast failed: SMTP server connection error.
  *** Script execution failed.
  *** RC (return code) = 2
20250930_155937
20250930_155937
Execution Return Code: 2
20250930_155937
---------
JOB ERROR
---------
Start Time: 155839, End Time: 155937