MARKETING CAMPAIGNS JOB LOG 20251118_173534
----------------------
20251118_173534 ## Passed Parameter Values:
20251118_173534 DOMAIN: marketing
20251118_173534 SUB_DOMAIN: campaigns
20251118_173534 USER_NAME: analyst1
20251118_173534 TABLE_NAME: job_update_crm
20251118_173534 EXEC_SCOPE: PROD

20251118_173534 ## Derived Variable Values:
20251118_173534 STARTTIME: 173534
20251118_173534 LOGDATE: 20251118_173534
20251118_173534 JOB=job_update_crm

20251118_173534 ###############################################################
20251118_173534 ### RUNNING UPDATE CRM SCRIPT
20251118_173534 ###############################################################

20251118_173534 ## Checking if script exists
20251118_173534 Script File: /scripts/marketing/campaigns/job_update_crm/job_update_crm.sql
20251118_173534 File exists...

20251118_173534 ## Running script
20251118_173534  *** Logon successfully completed.
  *** Total elapsed time was 4 seconds.
  *** Script executed successfully.
  *** Script execution successful.
  *** RC (return code) = 0
20251118_173540
20251118_173540
Execution Return Code: 0
20251118_173540
-----------
JOB SUCCESS
-----------
Start Time: 173534, End Time: 173540