MARKETING CAMPAIGNS JOB LOG 20260301_032804
----------------------
20260301_032804 ## Passed Parameter Values:
20260301_032804 DOMAIN: marketing
20260301_032804 SUB_DOMAIN: campaigns
20260301_032804 USER_NAME: analyst1
20260301_032804 TABLE_NAME: job_update_crm
20260301_032804 EXEC_SCOPE: TEST

20260301_032804 ## Derived Variable Values:
20260301_032804 STARTTIME: 032804
20260301_032804 LOGDATE: 20260301_032804
20260301_032804 JOB=job_update_crm

20260301_032804 ###############################################################
20260301_032804 ### RUNNING UPDATE CRM SCRIPT
20260301_032804 ###############################################################

20260301_032804 ## Checking if script exists
20260301_032804 Script File: /scripts/marketing/campaigns/job_update_crm/job_update_crm.sql
20260301_032804 File exists...

20260301_032804 ## Running script
20260301_032804  *** Logon successfully completed.
  *** Total elapsed time was 5 seconds.
  *** Error: Configuration file contains deprecated parameters.
  *** Script execution failed.
  *** RC (return code) = 2
20260301_032819
20260301_032819
Execution Return Code: 2
20260301_032819
---------
JOB ERROR
---------
Start Time: 032804, End Time: 032819