MARKETING CAMPAIGNS JOB LOG 20260709_104403
----------------------
20260709_104403 ## Passed Parameter Values:
20260709_104403 DOMAIN: marketing
20260709_104403 SUB_DOMAIN: campaigns
20260709_104403 USER_NAME: marketing_user1
20260709_104403 TABLE_NAME: job_update_crm
20260709_104403 EXEC_SCOPE: UAT

20260709_104403 ## Derived Variable Values:
20260709_104403 STARTTIME: 104403
20260709_104403 LOGDATE: 20260709_104403
20260709_104403 JOB=job_update_crm

20260709_104403 ###############################################################
20260709_104403 ### RUNNING UPDATE CRM SCRIPT
20260709_104403 ###############################################################

20260709_104403 ## Checking if script exists
20260709_104403 Script File: /scripts/marketing/campaigns/job_update_crm/job_update_crm.sql
20260709_104403 File exists...

20260709_104403 ## Running script
20260709_104403  *** Logon successfully completed.
  *** Total elapsed time was 5 seconds.
  *** Error: Invalid data format in source table.
  *** Script execution failed.
  *** RC (return code) = 4
20260709_104442
20260709_104442
Execution Return Code: 4
20260709_104442
---------
JOB ERROR
---------
Start Time: 104403, End Time: 104442