MARKETING CAMPAIGNS JOB LOG 20250518_042952
----------------------
20250518_042952 ## Passed Parameter Values:
20250518_042952 DOMAIN: marketing
20250518_042952 SUB_DOMAIN: campaigns
20250518_042952 USER_NAME: campaign_manager
20250518_042952 TABLE_NAME: job_update_crm
20250518_042952 EXEC_SCOPE: UAT

20250518_042952 ## Derived Variable Values:
20250518_042952 STARTTIME: 042952
20250518_042952 LOGDATE: 20250518_042952
20250518_042952 JOB=job_update_crm

20250518_042952 ###############################################################
20250518_042952 ### RUNNING UPDATE CRM SCRIPT
20250518_042952 ###############################################################

20250518_042952 ## Checking if script exists
20250518_042952 Script File: /scripts/marketing/campaigns/job_update_crm/job_update_crm.sql
20250518_042952 File exists...

20250518_042952 ## Running script
20250518_042952  *** Logon successfully completed.
  *** Total elapsed time was 3 seconds.
  *** All data processed without errors.
  *** Script execution successful.
  *** RC (return code) = 0
20250518_043022
20250518_043022
Execution Return Code: 0
20250518_043022
-----------
JOB SUCCESS
-----------
Start Time: 042952, End Time: 043022