MARKETING CAMPAIGNS JOB LOG 20251014_222931
----------------------
20251014_222931 ## Passed Parameter Values:
20251014_222931 DOMAIN: marketing
20251014_222931 SUB_DOMAIN: campaigns
20251014_222931 USER_NAME: marketing_user1
20251014_222931 TABLE_NAME: job_update_crm
20251014_222931 EXEC_SCOPE: TEST

20251014_222931 ## Derived Variable Values:
20251014_222931 STARTTIME: 222931
20251014_222931 LOGDATE: 20251014_222931
20251014_222931 JOB=job_update_crm

20251014_222931 ###############################################################
20251014_222931 ### RUNNING UPDATE CRM SCRIPT
20251014_222931 ###############################################################

20251014_222931 ## Checking if script exists
20251014_222931 Script File: /scripts/marketing/campaigns/job_update_crm/job_update_crm.sql
20251014_222931 File exists...

20251014_222931 ## Running script
20251014_222931  *** Logon successfully completed.
  *** Total elapsed time was 2 seconds.
  *** Report generated successfully.
  *** Script execution successful.
  *** RC (return code) = 0
20251014_223012
20251014_223012
Execution Return Code: 0
20251014_223012
-----------
JOB SUCCESS
-----------
Start Time: 222931, End Time: 223012