MARKETING CAMPAIGNS JOB LOG 20250720_173025
----------------------
20250720_173025 ## Passed Parameter Values:
20250720_173025 DOMAIN: marketing
20250720_173025 SUB_DOMAIN: campaigns
20250720_173025 USER_NAME: marketing_user1
20250720_173025 TABLE_NAME: job_update_crm
20250720_173025 EXEC_SCOPE: DEV

20250720_173025 ## Derived Variable Values:
20250720_173025 STARTTIME: 173025
20250720_173025 LOGDATE: 20250720_173025
20250720_173025 JOB=job_update_crm

20250720_173025 ###############################################################
20250720_173025 ### RUNNING UPDATE CRM SCRIPT
20250720_173025 ###############################################################

20250720_173025 ## Checking if script exists
20250720_173025 Script File: /scripts/marketing/campaigns/job_update_crm/job_update_crm.sql
20250720_173025 File exists...

20250720_173025 ## Running script
20250720_173025  *** Logon successfully completed.
  *** Total elapsed time was 2 seconds.
  *** Report generated successfully.
  *** Script execution successful.
  *** RC (return code) = 0
20250720_173105
20250720_173105
Execution Return Code: 0
20250720_173105
-----------
JOB SUCCESS
-----------
Start Time: 173025, End Time: 173105