MARKETING CAMPAIGNS JOB LOG 20260421_162140
----------------------
20260421_162140 ## Passed Parameter Values:
20260421_162140 DOMAIN: marketing
20260421_162140 SUB_DOMAIN: campaigns
20260421_162140 USER_NAME: analyst1
20260421_162140 TABLE_NAME: job_update_crm
20260421_162140 EXEC_SCOPE: PROD

20260421_162140 ## Derived Variable Values:
20260421_162140 STARTTIME: 162140
20260421_162140 LOGDATE: 20260421_162140
20260421_162140 JOB=job_update_crm

20260421_162140 ###############################################################
20260421_162140 ### RUNNING UPDATE CRM SCRIPT
20260421_162140 ###############################################################

20260421_162140 ## Checking if script exists
20260421_162140 Script File: /scripts/marketing/campaigns/job_update_crm/job_update_crm.sql
20260421_162140 File exists...

20260421_162140 ## Running script
20260421_162140  *** Logon successfully completed.
  *** Total elapsed time was 3 seconds.
  *** All data processed without errors.
  *** Script execution successful.
  *** RC (return code) = 0
20260421_162223
20260421_162223
Execution Return Code: 0
20260421_162223
-----------
JOB SUCCESS
-----------
Start Time: 162140, End Time: 162223