MARKETING CAMPAIGNS JOB LOG 20260707_035730
----------------------
20260707_035730 ## Passed Parameter Values:
20260707_035730 DOMAIN: marketing
20260707_035730 SUB_DOMAIN: campaigns
20260707_035730 USER_NAME: analyst1
20260707_035730 TABLE_NAME: job_update_crm
20260707_035730 EXEC_SCOPE: UAT

20260707_035730 ## Derived Variable Values:
20260707_035730 STARTTIME: 035730
20260707_035730 LOGDATE: 20260707_035730
20260707_035730 JOB=job_update_crm

20260707_035730 ###############################################################
20260707_035730 ### RUNNING UPDATE CRM SCRIPT
20260707_035730 ###############################################################

20260707_035730 ## Checking if script exists
20260707_035730 Script File: /scripts/marketing/campaigns/job_update_crm/job_update_crm.sql
20260707_035730 File exists...

20260707_035730 ## Running script
20260707_035730  *** Logon successfully completed.
  *** Total elapsed time was 4 seconds.
  *** Error: Email blast failed: SMTP server connection error.
  *** Script execution failed.
  *** RC (return code) = 2
20260707_035801
20260707_035801
Execution Return Code: 2
20260707_035801
---------
JOB ERROR
---------
Start Time: 035730, End Time: 035801