MARKETING CAMPAIGNS JOB LOG 20251005_175441
----------------------
20251005_175441 ## Passed Parameter Values:
20251005_175441 DOMAIN: marketing
20251005_175441 SUB_DOMAIN: campaigns
20251005_175441 USER_NAME: analyst1
20251005_175441 TABLE_NAME: job_update_crm
20251005_175441 EXEC_SCOPE: TEST

20251005_175441 ## Derived Variable Values:
20251005_175441 STARTTIME: 175441
20251005_175441 LOGDATE: 20251005_175441
20251005_175441 JOB=job_update_crm

20251005_175441 ###############################################################
20251005_175441 ### RUNNING UPDATE CRM SCRIPT
20251005_175441 ###############################################################

20251005_175441 ## Checking if script exists
20251005_175441 Script File: /scripts/marketing/campaigns/job_update_crm/job_update_crm.sql
20251005_175441 File exists...

20251005_175441 ## Running script
20251005_175441  *** Logon successfully completed.
  *** Total elapsed time was 2 seconds.
  *** Error: Email blast failed: SMTP server connection error.
  *** Script execution failed.
  *** RC (return code) = 8
20251005_175517
20251005_175517
Execution Return Code: 8
20251005_175517
---------
JOB ERROR
---------
Start Time: 175441, End Time: 175517