MARKETING CAMPAIGNS JOB LOG 20260423_105745
----------------------
20260423_105745 ## Passed Parameter Values:
20260423_105745 DOMAIN: marketing
20260423_105745 SUB_DOMAIN: campaigns
20260423_105745 USER_NAME: campaign_manager
20260423_105745 TABLE_NAME: job_update_crm
20260423_105745 EXEC_SCOPE: PROD

20260423_105745 ## Derived Variable Values:
20260423_105745 STARTTIME: 105745
20260423_105745 LOGDATE: 20260423_105745
20260423_105745 JOB=job_update_crm

20260423_105745 ###############################################################
20260423_105745 ### RUNNING UPDATE CRM SCRIPT
20260423_105745 ###############################################################

20260423_105745 ## Checking if script exists
20260423_105745 Script File: /scripts/marketing/campaigns/job_update_crm/job_update_crm.sql
20260423_105745 File exists...

20260423_105745 ## Running script
20260423_105745  *** Logon successfully completed.
  *** Total elapsed time was 3 seconds.
  *** Data extraction and transformation successful.
  *** Script execution successful.
  *** RC (return code) = 0
20260423_105755
20260423_105755
Execution Return Code: 0
20260423_105755
-----------
JOB SUCCESS
-----------
Start Time: 105745, End Time: 105755