MARKETING CAMPAIGNS JOB LOG 20250828_092141
----------------------
20250828_092141 ## Passed Parameter Values:
20250828_092141 DOMAIN: marketing
20250828_092141 SUB_DOMAIN: campaigns
20250828_092141 USER_NAME: campaign_manager
20250828_092141 TABLE_NAME: job_update_crm
20250828_092141 EXEC_SCOPE: DEV

20250828_092141 ## Derived Variable Values:
20250828_092141 STARTTIME: 092141
20250828_092141 LOGDATE: 20250828_092141
20250828_092141 JOB=job_update_crm

20250828_092141 ###############################################################
20250828_092141 ### RUNNING UPDATE CRM SCRIPT
20250828_092141 ###############################################################

20250828_092141 ## Checking if script exists
20250828_092141 Script File: /scripts/marketing/campaigns/job_update_crm/job_update_crm.sql
20250828_092141 File exists...

20250828_092141 ## Running script
20250828_092141  *** Logon successfully completed.
  *** Total elapsed time was 3 seconds.
  *** All data processed without errors.
  *** Script execution successful.
  *** RC (return code) = 0
20250828_092146
20250828_092146
Execution Return Code: 0
20250828_092146
-----------
JOB SUCCESS
-----------
Start Time: 092141, End Time: 092146