MARKETING CAMPAIGNS JOB LOG 20260519_180649
----------------------
20260519_180649 ## Passed Parameter Values:
20260519_180649 DOMAIN: marketing
20260519_180649 SUB_DOMAIN: campaigns
20260519_180649 USER_NAME: campaign_manager
20260519_180649 TABLE_NAME: job_update_crm
20260519_180649 EXEC_SCOPE: PROD

20260519_180649 ## Derived Variable Values:
20260519_180649 STARTTIME: 180649
20260519_180649 LOGDATE: 20260519_180649
20260519_180649 JOB=job_update_crm

20260519_180649 ###############################################################
20260519_180649 ### RUNNING UPDATE CRM SCRIPT
20260519_180649 ###############################################################

20260519_180649 ## Checking if script exists
20260519_180649 Script File: /scripts/marketing/campaigns/job_update_crm/job_update_crm.sql
20260519_180649 File exists...

20260519_180649 ## Running script
20260519_180649  *** Logon successfully completed.
  *** Total elapsed time was 3 seconds.
  *** Error: Email blast failed: SMTP server connection error.
  *** Script execution failed.
  *** RC (return code) = 8
20260519_180739
20260519_180739
Execution Return Code: 8
20260519_180739
---------
JOB ERROR
---------
Start Time: 180649, End Time: 180739