MARKETING CAMPAIGNS JOB LOG 20251021_013257
----------------------
20251021_013257 ## Passed Parameter Values:
20251021_013257 DOMAIN: marketing
20251021_013257 SUB_DOMAIN: campaigns
20251021_013257 USER_NAME: analyst1
20251021_013257 TABLE_NAME: job_update_crm
20251021_013257 EXEC_SCOPE: PROD

20251021_013257 ## Derived Variable Values:
20251021_013257 STARTTIME: 013257
20251021_013257 LOGDATE: 20251021_013257
20251021_013257 JOB=job_update_crm

20251021_013257 ###############################################################
20251021_013257 ### RUNNING UPDATE CRM SCRIPT
20251021_013257 ###############################################################

20251021_013257 ## Checking if script exists
20251021_013257 Script File: /scripts/marketing/campaigns/job_update_crm/job_update_crm.sql
20251021_013257 File exists...

20251021_013257 ## Running script
20251021_013257  *** Logon successfully completed.
  *** Total elapsed time was 4 seconds.
  *** All data processed without errors.
  *** Script execution successful.
  *** RC (return code) = 0
20251021_013352
20251021_013352
Execution Return Code: 0
20251021_013352
-----------
JOB SUCCESS
-----------
Start Time: 013257, End Time: 013352