MARKETING CAMPAIGNS JOB LOG 20251111_092324
----------------------
20251111_092324 ## Passed Parameter Values:
20251111_092324 DOMAIN: marketing
20251111_092324 SUB_DOMAIN: campaigns
20251111_092324 USER_NAME: marketing_user1
20251111_092324 TABLE_NAME: job_segment_users
20251111_092324 EXEC_SCOPE: PROD

20251111_092324 ## Derived Variable Values:
20251111_092324 STARTTIME: 092324
20251111_092324 LOGDATE: 20251111_092324
20251111_092324 JOB=job_segment_users

20251111_092324 ###############################################################
20251111_092324 ### RUNNING SEGMENT USERS SCRIPT
20251111_092324 ###############################################################

20251111_092324 ## Checking if script exists
20251111_092324 Script File: /scripts/marketing/campaigns/job_segment_users/job_segment_users.sql
20251111_092324 File exists...

20251111_092324 ## Running script
20251111_092324  *** Logon successfully completed.
  *** Total elapsed time was 2 seconds.
  *** All data processed without errors.
  *** Script execution successful.
  *** RC (return code) = 0
20251111_092403
20251111_092403
Execution Return Code: 0
20251111_092403
-----------
JOB SUCCESS
-----------
Start Time: 092324, End Time: 092403