MARKETING CAMPAIGNS JOB LOG 20251223_061741
----------------------
20251223_061741 ## Passed Parameter Values:
20251223_061741 DOMAIN: marketing
20251223_061741 SUB_DOMAIN: campaigns
20251223_061741 USER_NAME: campaign_manager
20251223_061741 TABLE_NAME: job_segment_users
20251223_061741 EXEC_SCOPE: DEV

20251223_061741 ## Derived Variable Values:
20251223_061741 STARTTIME: 061741
20251223_061741 LOGDATE: 20251223_061741
20251223_061741 JOB=job_segment_users

20251223_061741 ###############################################################
20251223_061741 ### RUNNING SEGMENT USERS SCRIPT
20251223_061741 ###############################################################

20251223_061741 ## Checking if script exists
20251223_061741 Script File: /scripts/marketing/campaigns/job_segment_users/job_segment_users.sql
20251223_061741 File exists...

20251223_061741 ## Running script
20251223_061741  *** Logon successfully completed.
  *** Total elapsed time was 2 seconds.
  *** Analysis completed with no issues.
  *** Script execution successful.
  *** RC (return code) = 0
20251223_061816
20251223_061816
Execution Return Code: 0
20251223_061816
-----------
JOB SUCCESS
-----------
Start Time: 061741, End Time: 061816