MARKETING CAMPAIGNS JOB LOG 20250504_230721
----------------------
20250504_230721 ## Passed Parameter Values:
20250504_230721 DOMAIN: marketing
20250504_230721 SUB_DOMAIN: campaigns
20250504_230721 USER_NAME: campaign_manager
20250504_230721 TABLE_NAME: job_segment_users
20250504_230721 EXEC_SCOPE: PROD

20250504_230721 ## Derived Variable Values:
20250504_230721 STARTTIME: 230721
20250504_230721 LOGDATE: 20250504_230721
20250504_230721 JOB=job_segment_users

20250504_230721 ###############################################################
20250504_230721 ### RUNNING SEGMENT USERS SCRIPT
20250504_230721 ###############################################################

20250504_230721 ## Checking if script exists
20250504_230721 Script File: /scripts/marketing/campaigns/job_segment_users/job_segment_users.sql
20250504_230721 File exists...

20250504_230721 ## Running script
20250504_230721  *** Logon successfully completed.
  *** Total elapsed time was 2 seconds.
  *** All data processed without errors.
  *** Script execution successful.
  *** RC (return code) = 0
20250504_230736
20250504_230736
Execution Return Code: 0
20250504_230736
-----------
JOB SUCCESS
-----------
Start Time: 230721, End Time: 230736