MARKETING CAMPAIGNS JOB LOG 20250819_200341
----------------------
20250819_200341 ## Passed Parameter Values:
20250819_200341 DOMAIN: marketing
20250819_200341 SUB_DOMAIN: campaigns
20250819_200341 USER_NAME: marketing_user1
20250819_200341 TABLE_NAME: job_segment_users
20250819_200341 EXEC_SCOPE: PROD

20250819_200341 ## Derived Variable Values:
20250819_200341 STARTTIME: 200341
20250819_200341 LOGDATE: 20250819_200341
20250819_200341 JOB=job_segment_users

20250819_200341 ###############################################################
20250819_200341 ### RUNNING SEGMENT USERS SCRIPT
20250819_200341 ###############################################################

20250819_200341 ## Checking if script exists
20250819_200341 Script File: /scripts/marketing/campaigns/job_segment_users/job_segment_users.sql
20250819_200341 File exists...

20250819_200341 ## Running script
20250819_200341  *** Logon successfully completed.
  *** Total elapsed time was 5 seconds.
  *** Error: Email blast failed: SMTP server connection error.
  *** Script execution failed.
  *** RC (return code) = 4
20250819_200419
20250819_200419
Execution Return Code: 4
20250819_200419
---------
JOB ERROR
---------
Start Time: 200341, End Time: 200419