MARKETING CAMPAIGNS JOB LOG 20250710_100255
----------------------
20250710_100255 ## Passed Parameter Values:
20250710_100255 DOMAIN: marketing
20250710_100255 SUB_DOMAIN: campaigns
20250710_100255 USER_NAME: marketing_user1
20250710_100255 TABLE_NAME: job_segment_users
20250710_100255 EXEC_SCOPE: UAT

20250710_100255 ## Derived Variable Values:
20250710_100255 STARTTIME: 100255
20250710_100255 LOGDATE: 20250710_100255
20250710_100255 JOB=job_segment_users

20250710_100255 ###############################################################
20250710_100255 ### RUNNING SEGMENT USERS SCRIPT
20250710_100255 ###############################################################

20250710_100255 ## Checking if script exists
20250710_100255 Script File: /scripts/marketing/campaigns/job_segment_users/job_segment_users.sql
20250710_100255 File exists...

20250710_100255 ## Running script
20250710_100255  *** Logon successfully completed.
  *** Total elapsed time was 4 seconds.
  *** Data extraction and transformation successful.
  *** Script execution successful.
  *** RC (return code) = 0
20250710_100345
20250710_100345
Execution Return Code: 0
20250710_100345
-----------
JOB SUCCESS
-----------
Start Time: 100255, End Time: 100345