MARKETING CAMPAIGNS JOB LOG 20250907_095448
----------------------
20250907_095448 ## Passed Parameter Values:
20250907_095448 DOMAIN: marketing
20250907_095448 SUB_DOMAIN: campaigns
20250907_095448 USER_NAME: marketing_user1
20250907_095448 TABLE_NAME: job_segment_users
20250907_095448 EXEC_SCOPE: UAT

20250907_095448 ## Derived Variable Values:
20250907_095448 STARTTIME: 095448
20250907_095448 LOGDATE: 20250907_095448
20250907_095448 JOB=job_segment_users

20250907_095448 ###############################################################
20250907_095448 ### RUNNING SEGMENT USERS SCRIPT
20250907_095448 ###############################################################

20250907_095448 ## Checking if script exists
20250907_095448 Script File: /scripts/marketing/campaigns/job_segment_users/job_segment_users.sql
20250907_095448 File exists...

20250907_095448 ## Running script
20250907_095448  *** Logon successfully completed.
  *** Total elapsed time was 5 seconds.
  *** Error: Invalid data format in source table.
  *** Script execution failed.
  *** RC (return code) = 4
20250907_095508
20250907_095508
Execution Return Code: 4
20250907_095508
---------
JOB ERROR
---------
Start Time: 095448, End Time: 095508