MARKETING CAMPAIGNS JOB LOG 20250701_130829
----------------------
20250701_130829 ## Passed Parameter Values:
20250701_130829 DOMAIN: marketing
20250701_130829 SUB_DOMAIN: campaigns
20250701_130829 USER_NAME: marketing_user1
20250701_130829 TABLE_NAME: job_segment_users
20250701_130829 EXEC_SCOPE: DEV

20250701_130829 ## Derived Variable Values:
20250701_130829 STARTTIME: 130829
20250701_130829 LOGDATE: 20250701_130829
20250701_130829 JOB=job_segment_users

20250701_130829 ###############################################################
20250701_130829 ### RUNNING SEGMENT USERS SCRIPT
20250701_130829 ###############################################################

20250701_130829 ## Checking if script exists
20250701_130829 Script File: /scripts/marketing/campaigns/job_segment_users/job_segment_users.sql
20250701_130829 File exists...

20250701_130829 ## Running script
20250701_130829  *** Logon successfully completed.
  *** Total elapsed time was 3 seconds.
  *** Report generated successfully.
  *** Script execution successful.
  *** RC (return code) = 0
20250701_130906
20250701_130906
Execution Return Code: 0
20250701_130906
-----------
JOB SUCCESS
-----------
Start Time: 130829, End Time: 130906