MARKETING CAMPAIGNS JOB LOG 20260614_131738
----------------------
20260614_131738 ## Passed Parameter Values:
20260614_131738 DOMAIN: marketing
20260614_131738 SUB_DOMAIN: campaigns
20260614_131738 USER_NAME: marketing_user1
20260614_131738 TABLE_NAME: job_segment_users
20260614_131738 EXEC_SCOPE: UAT

20260614_131738 ## Derived Variable Values:
20260614_131738 STARTTIME: 131738
20260614_131738 LOGDATE: 20260614_131738
20260614_131738 JOB=job_segment_users

20260614_131738 ###############################################################
20260614_131738 ### RUNNING SEGMENT USERS SCRIPT
20260614_131738 ###############################################################

20260614_131738 ## Checking if script exists
20260614_131738 Script File: /scripts/marketing/campaigns/job_segment_users/job_segment_users.sql
20260614_131738 File exists...

20260614_131738 ## Running script
20260614_131738  *** Logon successfully completed.
  *** Total elapsed time was 3 seconds.
  *** Data extraction and transformation successful.
  *** Script execution successful.
  *** RC (return code) = 0
20260614_131808
20260614_131808
Execution Return Code: 0
20260614_131808
-----------
JOB SUCCESS
-----------
Start Time: 131738, End Time: 131808