MARKETING CAMPAIGNS JOB LOG 20260203_024531
----------------------
20260203_024531 ## Passed Parameter Values:
20260203_024531 DOMAIN: marketing
20260203_024531 SUB_DOMAIN: campaigns
20260203_024531 USER_NAME: marketing_user1
20260203_024531 TABLE_NAME: job_segment_users
20260203_024531 EXEC_SCOPE: DEV

20260203_024531 ## Derived Variable Values:
20260203_024531 STARTTIME: 024531
20260203_024531 LOGDATE: 20260203_024531
20260203_024531 JOB=job_segment_users

20260203_024531 ###############################################################
20260203_024531 ### RUNNING SEGMENT USERS SCRIPT
20260203_024531 ###############################################################

20260203_024531 ## Checking if script exists
20260203_024531 Script File: /scripts/marketing/campaigns/job_segment_users/job_segment_users.sql
20260203_024531 File exists...

20260203_024531 ## Running script
20260203_024531  *** Logon successfully completed.
  *** Total elapsed time was 1 second.
  *** Data extraction and transformation successful.
  *** Script execution successful.
  *** RC (return code) = 0
20260203_024616
20260203_024616
Execution Return Code: 0
20260203_024616
-----------
JOB SUCCESS
-----------
Start Time: 024531, End Time: 024616