MARKETING CAMPAIGNS JOB LOG 20250921_064205
----------------------
20250921_064205 ## Passed Parameter Values:
20250921_064205 DOMAIN: marketing
20250921_064205 SUB_DOMAIN: campaigns
20250921_064205 USER_NAME: marketing_user1
20250921_064205 TABLE_NAME: job_segment_users
20250921_064205 EXEC_SCOPE: DEV

20250921_064205 ## Derived Variable Values:
20250921_064205 STARTTIME: 064205
20250921_064205 LOGDATE: 20250921_064205
20250921_064205 JOB=job_segment_users

20250921_064205 ###############################################################
20250921_064205 ### RUNNING SEGMENT USERS SCRIPT
20250921_064205 ###############################################################

20250921_064205 ## Checking if script exists
20250921_064205 Script File: /scripts/marketing/campaigns/job_segment_users/job_segment_users.sql
20250921_064205 File exists...

20250921_064205 ## Running script
20250921_064205  *** Logon successfully completed.
  *** Total elapsed time was 4 seconds.
  *** Error: Email blast failed: SMTP server connection error.
  *** Script execution failed.
  *** RC (return code) = 8
20250921_064215
20250921_064215
Execution Return Code: 8
20250921_064215
---------
JOB ERROR
---------
Start Time: 064205, End Time: 064215