HR PAYROLL JOB LOG 20250715_110335
----------------------
20250715_110335 ## Passed Parameter Values:
20250715_110335 DOMAIN: hr
20250715_110335 SUB_DOMAIN: payroll
20250715_110335 USER_NAME: payroll_admin
20250715_110335 TABLE_NAME: job_salary_calc
20250715_110335 EXEC_SCOPE: TEST

20250715_110335 ## Derived Variable Values:
20250715_110335 STARTTIME: 110335
20250715_110335 LOGDATE: 20250715_110335
20250715_110335 JOB=job_salary_calc

20250715_110335 ###############################################################
20250715_110335 ### RUNNING SALARY CALC SCRIPT
20250715_110335 ###############################################################

20250715_110335 ## Checking if script exists
20250715_110335 Script File: /scripts/hr/payroll/job_salary_calc/job_salary_calc.sql
20250715_110335 File exists...

20250715_110335 ## Running script
20250715_110335  *** Logon successfully completed.
  *** Total elapsed time was 4 seconds.
  *** Report generated successfully.
  *** Script execution successful.
  *** RC (return code) = 0
20250715_110353
20250715_110353
Execution Return Code: 0
20250715_110353
-----------
JOB SUCCESS
-----------
Start Time: 110335, End Time: 110353