HR PAYROLL JOB LOG 20260201_045031
----------------------
20260201_045031 ## Passed Parameter Values:
20260201_045031 DOMAIN: hr
20260201_045031 SUB_DOMAIN: payroll
20260201_045031 USER_NAME: hr_user1
20260201_045031 TABLE_NAME: job_salary_calc
20260201_045031 EXEC_SCOPE: DEV

20260201_045031 ## Derived Variable Values:
20260201_045031 STARTTIME: 045031
20260201_045031 LOGDATE: 20260201_045031
20260201_045031 JOB=job_salary_calc

20260201_045031 ###############################################################
20260201_045031 ### RUNNING SALARY CALC SCRIPT
20260201_045031 ###############################################################

20260201_045031 ## Checking if script exists
20260201_045031 Script File: /scripts/hr/payroll/job_salary_calc/job_salary_calc.sql
20260201_045031 File exists...

20260201_045031 ## Running script
20260201_045031  *** Logon successfully completed.
  *** Total elapsed time was 5 seconds.
  *** Data extraction and transformation successful.
  *** Script execution successful.
  *** RC (return code) = 0
20260201_045039
20260201_045039
Execution Return Code: 0
20260201_045039
-----------
JOB SUCCESS
-----------
Start Time: 045031, End Time: 045039