HR PAYROLL JOB LOG 20250701_044658
----------------------
20250701_044658 ## Passed Parameter Values:
20250701_044658 DOMAIN: hr
20250701_044658 SUB_DOMAIN: payroll
20250701_044658 USER_NAME: recruiter1
20250701_044658 TABLE_NAME: job_salary_calc
20250701_044658 EXEC_SCOPE: PROD

20250701_044658 ## Derived Variable Values:
20250701_044658 STARTTIME: 044658
20250701_044658 LOGDATE: 20250701_044658
20250701_044658 JOB=job_salary_calc

20250701_044658 ###############################################################
20250701_044658 ### RUNNING SALARY CALC SCRIPT
20250701_044658 ###############################################################

20250701_044658 ## Checking if script exists
20250701_044658 Script File: /scripts/hr/payroll/job_salary_calc/job_salary_calc.sql
20250701_044658 File exists...

20250701_044658 ## Running script
20250701_044658  *** Logon successfully completed.
  *** Total elapsed time was 5 seconds.
  *** Data extraction and transformation successful.
  *** Script execution successful.
  *** RC (return code) = 0
20250701_044711
20250701_044711
Execution Return Code: 0
20250701_044711
-----------
JOB SUCCESS
-----------
Start Time: 044658, End Time: 044711