HR PAYROLL JOB LOG 20250724_094716
----------------------
20250724_094716 ## Passed Parameter Values:
20250724_094716 DOMAIN: hr
20250724_094716 SUB_DOMAIN: payroll
20250724_094716 USER_NAME: payroll_admin
20250724_094716 TABLE_NAME: job_salary_calc
20250724_094716 EXEC_SCOPE: UAT

20250724_094716 ## Derived Variable Values:
20250724_094716 STARTTIME: 094716
20250724_094716 LOGDATE: 20250724_094716
20250724_094716 JOB=job_salary_calc

20250724_094716 ###############################################################
20250724_094716 ### RUNNING SALARY CALC SCRIPT
20250724_094716 ###############################################################

20250724_094716 ## Checking if script exists
20250724_094716 Script File: /scripts/hr/payroll/job_salary_calc/job_salary_calc.sql
20250724_094716 File exists...

20250724_094716 ## Running script
20250724_094716  *** Logon successfully completed.
  *** Total elapsed time was 1 second.
  *** Data extraction and transformation successful.
  *** Script execution successful.
  *** RC (return code) = 0
20250724_094754
20250724_094754
Execution Return Code: 0
20250724_094754
-----------
JOB SUCCESS
-----------
Start Time: 094716, End Time: 094754