HR PAYROLL JOB LOG 20250923_163705
----------------------
20250923_163705 ## Passed Parameter Values:
20250923_163705 DOMAIN: hr
20250923_163705 SUB_DOMAIN: payroll
20250923_163705 USER_NAME: recruiter1
20250923_163705 TABLE_NAME: job_salary_calc
20250923_163705 EXEC_SCOPE: TEST

20250923_163705 ## Derived Variable Values:
20250923_163705 STARTTIME: 163705
20250923_163705 LOGDATE: 20250923_163705
20250923_163705 JOB=job_salary_calc

20250923_163705 ###############################################################
20250923_163705 ### RUNNING SALARY CALC SCRIPT
20250923_163705 ###############################################################

20250923_163705 ## Checking if script exists
20250923_163705 Script File: /scripts/hr/payroll/job_salary_calc/job_salary_calc.sql
20250923_163705 File exists...

20250923_163705 ## Running script
20250923_163705  *** Logon successfully completed.
  *** Total elapsed time was 1 second.
  *** Data extraction and transformation successful.
  *** Script execution successful.
  *** RC (return code) = 0
20250923_163748
20250923_163748
Execution Return Code: 0
20250923_163748
-----------
JOB SUCCESS
-----------
Start Time: 163705, End Time: 163748