HR PAYROLL JOB LOG 20260201_151337
----------------------
20260201_151337 ## Passed Parameter Values:
20260201_151337 DOMAIN: hr
20260201_151337 SUB_DOMAIN: payroll
20260201_151337 USER_NAME: recruiter1
20260201_151337 TABLE_NAME: job_tax_withhold
20260201_151337 EXEC_SCOPE: PROD

20260201_151337 ## Derived Variable Values:
20260201_151337 STARTTIME: 151337
20260201_151337 LOGDATE: 20260201_151337
20260201_151337 JOB=job_tax_withhold

20260201_151337 ###############################################################
20260201_151337 ### RUNNING TAX WITHHOLD SCRIPT
20260201_151337 ###############################################################

20260201_151337 ## Checking if script exists
20260201_151337 Script File: /scripts/hr/payroll/job_tax_withhold/job_tax_withhold.sql
20260201_151337 File exists...

20260201_151337 ## Running script
20260201_151337  *** Logon successfully completed.
  *** Total elapsed time was 2 seconds.
  *** Report generated successfully.
  *** Script execution successful.
  *** RC (return code) = 0
20260201_151350
20260201_151350
Execution Return Code: 0
20260201_151350
-----------
JOB SUCCESS
-----------
Start Time: 151337, End Time: 151350