HR PAYROLL JOB LOG 20251109_160016
----------------------
20251109_160016 ## Passed Parameter Values:
20251109_160016 DOMAIN: hr
20251109_160016 SUB_DOMAIN: payroll
20251109_160016 USER_NAME: recruiter1
20251109_160016 TABLE_NAME: job_tax_withhold
20251109_160016 EXEC_SCOPE: DEV

20251109_160016 ## Derived Variable Values:
20251109_160016 STARTTIME: 160016
20251109_160016 LOGDATE: 20251109_160016
20251109_160016 JOB=job_tax_withhold

20251109_160016 ###############################################################
20251109_160016 ### RUNNING TAX WITHHOLD SCRIPT
20251109_160016 ###############################################################

20251109_160016 ## Checking if script exists
20251109_160016 Script File: /scripts/hr/payroll/job_tax_withhold/job_tax_withhold.sql
20251109_160016 File exists...

20251109_160016 ## Running script
20251109_160016  *** Logon successfully completed.
  *** Total elapsed time was 4 seconds.
  *** Error: Payroll aggregation error: Inconsistent daily data.
  *** Script execution failed.
  *** RC (return code) = 1
20251109_160116
20251109_160116
Execution Return Code: 1
20251109_160116
---------
JOB ERROR
---------
Start Time: 160016, End Time: 160116