HR PAYROLL JOB LOG 20260621_071032
----------------------
20260621_071032 ## Passed Parameter Values:
20260621_071032 DOMAIN: hr
20260621_071032 SUB_DOMAIN: payroll
20260621_071032 USER_NAME: hr_user1
20260621_071032 TABLE_NAME: job_tax_withhold
20260621_071032 EXEC_SCOPE: UAT

20260621_071032 ## Derived Variable Values:
20260621_071032 STARTTIME: 071032
20260621_071032 LOGDATE: 20260621_071032
20260621_071032 JOB=job_tax_withhold

20260621_071032 ###############################################################
20260621_071032 ### RUNNING TAX WITHHOLD SCRIPT
20260621_071032 ###############################################################

20260621_071032 ## Checking if script exists
20260621_071032 Script File: /scripts/hr/payroll/job_tax_withhold/job_tax_withhold.sql
20260621_071032 File exists...

20260621_071032 ## Running script
20260621_071032  *** Logon successfully completed.
  *** Total elapsed time was 2 seconds.
  *** All data processed without errors.
  *** Script execution successful.
  *** RC (return code) = 0
20260621_071043
20260621_071043
Execution Return Code: 0
20260621_071043
-----------
JOB SUCCESS
-----------
Start Time: 071032, End Time: 071043