HR PAYROLL JOB LOG 20260623_235136
----------------------
20260623_235136 ## Passed Parameter Values:
20260623_235136 DOMAIN: hr
20260623_235136 SUB_DOMAIN: payroll
20260623_235136 USER_NAME: hr_user1
20260623_235136 TABLE_NAME: job_tax_withhold
20260623_235136 EXEC_SCOPE: TEST

20260623_235136 ## Derived Variable Values:
20260623_235136 STARTTIME: 235136
20260623_235136 LOGDATE: 20260623_235136
20260623_235136 JOB=job_tax_withhold

20260623_235136 ###############################################################
20260623_235136 ### RUNNING TAX WITHHOLD SCRIPT
20260623_235136 ###############################################################

20260623_235136 ## Checking if script exists
20260623_235136 Script File: /scripts/hr/payroll/job_tax_withhold/job_tax_withhold.sql
20260623_235136 File exists...

20260623_235136 ## Running script
20260623_235136  *** Logon successfully completed.
  *** Total elapsed time was 2 seconds.
  *** Analysis completed with no issues.
  *** Script execution successful.
  *** RC (return code) = 0
20260623_235236
20260623_235236
Execution Return Code: 0
20260623_235236
-----------
JOB SUCCESS
-----------
Start Time: 235136, End Time: 235236