HR PAYROLL JOB LOG 20250715_220543
----------------------
20250715_220543 ## Passed Parameter Values:
20250715_220543 DOMAIN: hr
20250715_220543 SUB_DOMAIN: payroll
20250715_220543 USER_NAME: hr_user1
20250715_220543 TABLE_NAME: job_tax_withhold
20250715_220543 EXEC_SCOPE: DEV

20250715_220543 ## Derived Variable Values:
20250715_220543 STARTTIME: 220543
20250715_220543 LOGDATE: 20250715_220543
20250715_220543 JOB=job_tax_withhold

20250715_220543 ###############################################################
20250715_220543 ### RUNNING TAX WITHHOLD SCRIPT
20250715_220543 ###############################################################

20250715_220543 ## Checking if script exists
20250715_220543 Script File: /scripts/hr/payroll/job_tax_withhold/job_tax_withhold.sql
20250715_220543 File exists...

20250715_220543 ## Running script
20250715_220543  *** Logon successfully completed.
  *** Total elapsed time was 2 seconds.
  *** Analysis completed with no issues.
  *** Script execution successful.
  *** RC (return code) = 0
20250715_220626
20250715_220626
Execution Return Code: 0
20250715_220626
-----------
JOB SUCCESS
-----------
Start Time: 220543, End Time: 220626