HR PAYROLL JOB LOG 20260301_190422
----------------------
20260301_190422 ## Passed Parameter Values:
20260301_190422 DOMAIN: hr
20260301_190422 SUB_DOMAIN: payroll
20260301_190422 USER_NAME: hr_user1
20260301_190422 TABLE_NAME: job_tax_withhold
20260301_190422 EXEC_SCOPE: PROD

20260301_190422 ## Derived Variable Values:
20260301_190422 STARTTIME: 190422
20260301_190422 LOGDATE: 20260301_190422
20260301_190422 JOB=job_tax_withhold

20260301_190422 ###############################################################
20260301_190422 ### RUNNING TAX WITHHOLD SCRIPT
20260301_190422 ###############################################################

20260301_190422 ## Checking if script exists
20260301_190422 Script File: /scripts/hr/payroll/job_tax_withhold/job_tax_withhold.sql
20260301_190422 File exists...

20260301_190422 ## Running script
20260301_190422  *** Logon successfully completed.
  *** Total elapsed time was 4 seconds.
  *** Data extraction and transformation successful.
  *** Script execution successful.
  *** RC (return code) = 0
20260301_190439
20260301_190439
Execution Return Code: 0
20260301_190439
-----------
JOB SUCCESS
-----------
Start Time: 190422, End Time: 190439