MARKETING ANALYTICS JOB LOG 20251026_054229
----------------------
20251026_054229 ## Passed Parameter Values:
20251026_054229 DOMAIN: marketing
20251026_054229 SUB_DOMAIN: analytics
20251026_054229 USER_NAME: analyst1
20251026_054229 TABLE_NAME: job_web_traffic
20251026_054229 EXEC_SCOPE: TEST

20251026_054229 ## Derived Variable Values:
20251026_054229 STARTTIME: 054229
20251026_054229 LOGDATE: 20251026_054229
20251026_054229 JOB=job_web_traffic

20251026_054229 ###############################################################
20251026_054229 ### RUNNING WEB TRAFFIC SCRIPT
20251026_054229 ###############################################################

20251026_054229 ## Checking if script exists
20251026_054229 Script File: /scripts/marketing/analytics/job_web_traffic/job_web_traffic.sql
20251026_054229 File exists...

20251026_054229 ## Running script
20251026_054229  *** Logon successfully completed.
  *** Total elapsed time was 1 second.
  *** All data processed without errors.
  *** Script execution successful.
  *** RC (return code) = 0
20251026_054241
20251026_054241
Execution Return Code: 0
20251026_054241
-----------
JOB SUCCESS
-----------
Start Time: 054229, End Time: 054241