MARKETING ANALYTICS JOB LOG 20260215_183702
----------------------
20260215_183702 ## Passed Parameter Values:
20260215_183702 DOMAIN: marketing
20260215_183702 SUB_DOMAIN: analytics
20260215_183702 USER_NAME: campaign_manager
20260215_183702 TABLE_NAME: job_web_traffic
20260215_183702 EXEC_SCOPE: PROD

20260215_183702 ## Derived Variable Values:
20260215_183702 STARTTIME: 183702
20260215_183702 LOGDATE: 20260215_183702
20260215_183702 JOB=job_web_traffic

20260215_183702 ###############################################################
20260215_183702 ### RUNNING WEB TRAFFIC SCRIPT
20260215_183702 ###############################################################

20260215_183702 ## Checking if script exists
20260215_183702 Script File: /scripts/marketing/analytics/job_web_traffic/job_web_traffic.sql
20260215_183702 File exists...

20260215_183702 ## Running script
20260215_183702  *** Logon successfully completed.
  *** Total elapsed time was 5 seconds.
  *** Error: ROI calculation failed: Revenue data unavailable.
  *** Script execution failed.
  *** RC (return code) = 2
20260215_183745
20260215_183745
Execution Return Code: 2
20260215_183745
---------
JOB ERROR
---------
Start Time: 183702, End Time: 183745