MARKETING ANALYTICS JOB LOG 20260517_075025
----------------------
20260517_075025 ## Passed Parameter Values:
20260517_075025 DOMAIN: marketing
20260517_075025 SUB_DOMAIN: analytics
20260517_075025 USER_NAME: marketing_user1
20260517_075025 TABLE_NAME: job_web_traffic
20260517_075025 EXEC_SCOPE: PROD

20260517_075025 ## Derived Variable Values:
20260517_075025 STARTTIME: 075025
20260517_075025 LOGDATE: 20260517_075025
20260517_075025 JOB=job_web_traffic

20260517_075025 ###############################################################
20260517_075025 ### RUNNING WEB TRAFFIC SCRIPT
20260517_075025 ###############################################################

20260517_075025 ## Checking if script exists
20260517_075025 Script File: /scripts/marketing/analytics/job_web_traffic/job_web_traffic.sql
20260517_075025 File exists...

20260517_075025 ## Running script
20260517_075025  *** Logon successfully completed.
  *** Total elapsed time was 2 seconds.
  *** All data processed without errors.
  *** Script execution successful.
  *** RC (return code) = 0
20260517_075050
20260517_075050
Execution Return Code: 0
20260517_075050
-----------
JOB SUCCESS
-----------
Start Time: 075025, End Time: 075050