MARKETING ANALYTICS JOB LOG 20251214_141635
----------------------
20251214_141635 ## Passed Parameter Values:
20251214_141635 DOMAIN: marketing
20251214_141635 SUB_DOMAIN: analytics
20251214_141635 USER_NAME: campaign_manager
20251214_141635 TABLE_NAME: job_web_traffic
20251214_141635 EXEC_SCOPE: UAT

20251214_141635 ## Derived Variable Values:
20251214_141635 STARTTIME: 141635
20251214_141635 LOGDATE: 20251214_141635
20251214_141635 JOB=job_web_traffic

20251214_141635 ###############################################################
20251214_141635 ### RUNNING WEB TRAFFIC SCRIPT
20251214_141635 ###############################################################

20251214_141635 ## Checking if script exists
20251214_141635 Script File: /scripts/marketing/analytics/job_web_traffic/job_web_traffic.sql
20251214_141635 File exists...

20251214_141635 ## Running script
20251214_141635  *** Logon successfully completed.
  *** Total elapsed time was 1 second.
  *** All data processed without errors.
  *** Script execution successful.
  *** RC (return code) = 0
20251214_141734
20251214_141734
Execution Return Code: 0
20251214_141734
-----------
JOB SUCCESS
-----------
Start Time: 141635, End Time: 141734