MARKETING ANALYTICS JOB LOG 20260125_001024
----------------------
20260125_001024 ## Passed Parameter Values:
20260125_001024 DOMAIN: marketing
20260125_001024 SUB_DOMAIN: analytics
20260125_001024 USER_NAME: marketing_user1
20260125_001024 TABLE_NAME: job_web_traffic
20260125_001024 EXEC_SCOPE: DEV

20260125_001024 ## Derived Variable Values:
20260125_001024 STARTTIME: 001024
20260125_001024 LOGDATE: 20260125_001024
20260125_001024 JOB=job_web_traffic

20260125_001024 ###############################################################
20260125_001024 ### RUNNING WEB TRAFFIC SCRIPT
20260125_001024 ###############################################################

20260125_001024 ## Checking if script exists
20260125_001024 Script File: /scripts/marketing/analytics/job_web_traffic/job_web_traffic.sql
20260125_001024 File exists...

20260125_001024 ## Running script
20260125_001024  *** Logon successfully completed.
  *** Total elapsed time was 3 seconds.
  *** Script executed successfully.
  *** Script execution successful.
  *** RC (return code) = 0
20260125_001038
20260125_001038
Execution Return Code: 0
20260125_001038
-----------
JOB SUCCESS
-----------
Start Time: 001024, End Time: 001038