MARKETING ANALYTICS JOB LOG 20260407_131703
----------------------
20260407_131703 ## Passed Parameter Values:
20260407_131703 DOMAIN: marketing
20260407_131703 SUB_DOMAIN: analytics
20260407_131703 USER_NAME: campaign_manager
20260407_131703 TABLE_NAME: job_web_traffic
20260407_131703 EXEC_SCOPE: TEST

20260407_131703 ## Derived Variable Values:
20260407_131703 STARTTIME: 131703
20260407_131703 LOGDATE: 20260407_131703
20260407_131703 JOB=job_web_traffic

20260407_131703 ###############################################################
20260407_131703 ### RUNNING WEB TRAFFIC SCRIPT
20260407_131703 ###############################################################

20260407_131703 ## Checking if script exists
20260407_131703 Script File: /scripts/marketing/analytics/job_web_traffic/job_web_traffic.sql
20260407_131703 File exists...

20260407_131703 ## Running script
20260407_131703  *** Logon successfully completed.
  *** Total elapsed time was 3 seconds.
  *** Script executed successfully.
  *** Script execution successful.
  *** RC (return code) = 0
20260407_131730
20260407_131730
Execution Return Code: 0
20260407_131730
-----------
JOB SUCCESS
-----------
Start Time: 131703, End Time: 131730