MARKETING ANALYTICS JOB LOG
20250430_111000 ----------------------
20250430_111000 ## Passed Parameter Values:
20250430_111000 DOMAIN: marketing
20250430_111000 SUB_DOMAIN: analytics
20250430_111000 USER_NAME: analyst3
20250430_111000 TABLE_NAME: job_web_traffic
20250430_111000 EXEC_SCOPE: PROD

20250430_111000 ## Derived Variable Values:
20250430_111000 STARTTIME: 111000
20250430_111000 LOGDATE: 20250430_111000
20250430_111000 JOB=job_web_traffic

20250430_111000 ###############################################################
20250430_111000 ### RUNNING WEB TRAFFIC ANALYSIS SCRIPT
20250430_111000 ###############################################################

20250430_111000 ## Checking if script exists
20250430_111000 Script File: /scripts/marketing/analytics/job_web_traffic/job_web_traffic.sql
20250430_111000 File exists...

20250430_111000 ## Running script
20250430_111000
 *** Logon successfully completed.
 *** Total elapsed time was 1 second.

 *** Analysis completed. 50000 rows processed.
 *** Total elapsed time was 6 seconds.

 *** Script execution completed successfully.
 *** RC (return code) = 0
20250430_111020
20250430_111020 Execution Return Code: 0
20250430_111020
20250430_111020 ---------
20250430_111020 JOB DONE
20250430_111020 ---------
20250430_111020 Start Time: 111000, End Time: 111020
