MARKETING ANALYTICS JOB LOG 20260219_121435
----------------------
20260219_121435 ## Passed Parameter Values:
20260219_121435 DOMAIN: marketing
20260219_121435 SUB_DOMAIN: analytics
20260219_121435 USER_NAME: campaign_manager
20260219_121435 TABLE_NAME: job_web_traffic
20260219_121435 EXEC_SCOPE: DEV

20260219_121435 ## Derived Variable Values:
20260219_121435 STARTTIME: 121435
20260219_121435 LOGDATE: 20260219_121435
20260219_121435 JOB=job_web_traffic

20260219_121435 ###############################################################
20260219_121435 ### RUNNING WEB TRAFFIC SCRIPT
20260219_121435 ###############################################################

20260219_121435 ## Checking if script exists
20260219_121435 Script File: /scripts/marketing/analytics/job_web_traffic/job_web_traffic.sql
20260219_121435 File exists...

20260219_121435 ## Running script
20260219_121435  *** Logon successfully completed.
  *** Total elapsed time was 5 seconds.
  *** Analysis completed with no issues.
  *** Script execution successful.
  *** RC (return code) = 0
20260219_121457
20260219_121457
Execution Return Code: 0
20260219_121457
-----------
JOB SUCCESS
-----------
Start Time: 121435, End Time: 121457