MARKETING ANALYTICS JOB LOG 20260331_120433
----------------------
20260331_120433 ## Passed Parameter Values:
20260331_120433 DOMAIN: marketing
20260331_120433 SUB_DOMAIN: analytics
20260331_120433 USER_NAME: marketing_user1
20260331_120433 TABLE_NAME: job_web_traffic
20260331_120433 EXEC_SCOPE: PROD

20260331_120433 ## Derived Variable Values:
20260331_120433 STARTTIME: 120433
20260331_120433 LOGDATE: 20260331_120433
20260331_120433 JOB=job_web_traffic

20260331_120433 ###############################################################
20260331_120433 ### RUNNING WEB TRAFFIC SCRIPT
20260331_120433 ###############################################################

20260331_120433 ## Checking if script exists
20260331_120433 Script File: /scripts/marketing/analytics/job_web_traffic/job_web_traffic.sql
20260331_120433 File exists...

20260331_120433 ## Running script
20260331_120433  *** Logon successfully completed.
  *** Total elapsed time was 2 seconds.
  *** Data extraction and transformation successful.
  *** Script execution successful.
  *** RC (return code) = 0
20260331_120512
20260331_120512
Execution Return Code: 0
20260331_120512
-----------
JOB SUCCESS
-----------
Start Time: 120433, End Time: 120512