MARKETING ANALYTICS JOB LOG 20250907_040850
----------------------
20250907_040850 ## Passed Parameter Values:
20250907_040850 DOMAIN: marketing
20250907_040850 SUB_DOMAIN: analytics
20250907_040850 USER_NAME: campaign_manager
20250907_040850 TABLE_NAME: job_web_traffic
20250907_040850 EXEC_SCOPE: PROD

20250907_040850 ## Derived Variable Values:
20250907_040850 STARTTIME: 040850
20250907_040850 LOGDATE: 20250907_040850
20250907_040850 JOB=job_web_traffic

20250907_040850 ###############################################################
20250907_040850 ### RUNNING WEB TRAFFIC SCRIPT
20250907_040850 ###############################################################

20250907_040850 ## Checking if script exists
20250907_040850 Script File: /scripts/marketing/analytics/job_web_traffic/job_web_traffic.sql
20250907_040850 File exists...

20250907_040850 ## Running script
20250907_040850  *** Logon successfully completed.
  *** Total elapsed time was 4 seconds.
  *** Script executed successfully.
  *** Script execution successful.
  *** RC (return code) = 0
20250907_040923
20250907_040923
Execution Return Code: 0
20250907_040923
-----------
JOB SUCCESS
-----------
Start Time: 040850, End Time: 040923