MARKETING ANALYTICS JOB LOG 20251028_150600
----------------------
20251028_150600 ## Passed Parameter Values:
20251028_150600 DOMAIN: marketing
20251028_150600 SUB_DOMAIN: analytics
20251028_150600 USER_NAME: marketing_user1
20251028_150600 TABLE_NAME: job_web_traffic
20251028_150600 EXEC_SCOPE: TEST

20251028_150600 ## Derived Variable Values:
20251028_150600 STARTTIME: 150600
20251028_150600 LOGDATE: 20251028_150600
20251028_150600 JOB=job_web_traffic

20251028_150600 ###############################################################
20251028_150600 ### RUNNING WEB TRAFFIC SCRIPT
20251028_150600 ###############################################################

20251028_150600 ## Checking if script exists
20251028_150600 Script File: /scripts/marketing/analytics/job_web_traffic/job_web_traffic.sql
20251028_150600 File exists...

20251028_150600 ## Running script
20251028_150600  *** Logon successfully completed.
  *** Total elapsed time was 1 second.
  *** All data processed without errors.
  *** Script execution successful.
  *** RC (return code) = 0
20251028_150659
20251028_150659
Execution Return Code: 0
20251028_150659
-----------
JOB SUCCESS
-----------
Start Time: 150600, End Time: 150659