MARKETING ANALYTICS JOB LOG 20250821_073317
----------------------
20250821_073317 ## Passed Parameter Values:
20250821_073317 DOMAIN: marketing
20250821_073317 SUB_DOMAIN: analytics
20250821_073317 USER_NAME: campaign_manager
20250821_073317 TABLE_NAME: job_web_traffic
20250821_073317 EXEC_SCOPE: UAT

20250821_073317 ## Derived Variable Values:
20250821_073317 STARTTIME: 073317
20250821_073317 LOGDATE: 20250821_073317
20250821_073317 JOB=job_web_traffic

20250821_073317 ###############################################################
20250821_073317 ### RUNNING WEB TRAFFIC SCRIPT
20250821_073317 ###############################################################

20250821_073317 ## Checking if script exists
20250821_073317 Script File: /scripts/marketing/analytics/job_web_traffic/job_web_traffic.sql
20250821_073317 File exists...

20250821_073317 ## Running script
20250821_073317  *** Logon successfully completed.
  *** Total elapsed time was 4 seconds.
  *** All data processed without errors.
  *** Script execution successful.
  *** RC (return code) = 0
20250821_073346
20250821_073346
Execution Return Code: 0
20250821_073346
-----------
JOB SUCCESS
-----------
Start Time: 073317, End Time: 073346