MARKETING ANALYTICS JOB LOG 20250619_031428
----------------------
20250619_031428 ## Passed Parameter Values:
20250619_031428 DOMAIN: marketing
20250619_031428 SUB_DOMAIN: analytics
20250619_031428 USER_NAME: analyst1
20250619_031428 TABLE_NAME: job_web_traffic
20250619_031428 EXEC_SCOPE: UAT

20250619_031428 ## Derived Variable Values:
20250619_031428 STARTTIME: 031428
20250619_031428 LOGDATE: 20250619_031428
20250619_031428 JOB=job_web_traffic

20250619_031428 ###############################################################
20250619_031428 ### RUNNING WEB TRAFFIC SCRIPT
20250619_031428 ###############################################################

20250619_031428 ## Checking if script exists
20250619_031428 Script File: /scripts/marketing/analytics/job_web_traffic/job_web_traffic.sql
20250619_031428 File exists...

20250619_031428 ## Running script
20250619_031428  *** Logon successfully completed.
  *** Total elapsed time was 2 seconds.
  *** Report generated successfully.
  *** Script execution successful.
  *** RC (return code) = 0
20250619_031520
20250619_031520
Execution Return Code: 0
20250619_031520
-----------
JOB SUCCESS
-----------
Start Time: 031428, End Time: 031520