MARKETING ANALYTICS JOB LOG 20251111_221643
----------------------
20251111_221643 ## Passed Parameter Values:
20251111_221643 DOMAIN: marketing
20251111_221643 SUB_DOMAIN: analytics
20251111_221643 USER_NAME: marketing_user1
20251111_221643 TABLE_NAME: job_web_traffic
20251111_221643 EXEC_SCOPE: PROD

20251111_221643 ## Derived Variable Values:
20251111_221643 STARTTIME: 221643
20251111_221643 LOGDATE: 20251111_221643
20251111_221643 JOB=job_web_traffic

20251111_221643 ###############################################################
20251111_221643 ### RUNNING WEB TRAFFIC SCRIPT
20251111_221643 ###############################################################

20251111_221643 ## Checking if script exists
20251111_221643 Script File: /scripts/marketing/analytics/job_web_traffic/job_web_traffic.sql
20251111_221643 File exists...

20251111_221643 ## Running script
20251111_221643  *** Logon successfully completed.
  *** Total elapsed time was 3 seconds.
  *** Data extraction and transformation successful.
  *** Script execution successful.
  *** RC (return code) = 0
20251111_221715
20251111_221715
Execution Return Code: 0
20251111_221715
-----------
JOB SUCCESS
-----------
Start Time: 221643, End Time: 221715