MARKETING ANALYTICS JOB LOG 20251211_190824
----------------------
20251211_190824 ## Passed Parameter Values:
20251211_190824 DOMAIN: marketing
20251211_190824 SUB_DOMAIN: analytics
20251211_190824 USER_NAME: marketing_user1
20251211_190824 TABLE_NAME: job_web_traffic
20251211_190824 EXEC_SCOPE: TEST

20251211_190824 ## Derived Variable Values:
20251211_190824 STARTTIME: 190824
20251211_190824 LOGDATE: 20251211_190824
20251211_190824 JOB=job_web_traffic

20251211_190824 ###############################################################
20251211_190824 ### RUNNING WEB TRAFFIC SCRIPT
20251211_190824 ###############################################################

20251211_190824 ## Checking if script exists
20251211_190824 Script File: /scripts/marketing/analytics/job_web_traffic/job_web_traffic.sql
20251211_190824 File exists...

20251211_190824 ## Running script
20251211_190824  *** Logon successfully completed.
  *** Total elapsed time was 1 second.
  *** Error: Conversion calculation error: Missing funnel stage data.
  *** Script execution failed.
  *** RC (return code) = 4
20251211_190854
20251211_190854
Execution Return Code: 4
20251211_190854
---------
JOB ERROR
---------
Start Time: 190824, End Time: 190854