MARKETING ANALYTICS JOB LOG 20250520_053232
----------------------
20250520_053232 ## Passed Parameter Values:
20250520_053232 DOMAIN: marketing
20250520_053232 SUB_DOMAIN: analytics
20250520_053232 USER_NAME: marketing_user1
20250520_053232 TABLE_NAME: job_web_traffic
20250520_053232 EXEC_SCOPE: PROD

20250520_053232 ## Derived Variable Values:
20250520_053232 STARTTIME: 053232
20250520_053232 LOGDATE: 20250520_053232
20250520_053232 JOB=job_web_traffic

20250520_053232 ###############################################################
20250520_053232 ### RUNNING WEB TRAFFIC SCRIPT
20250520_053232 ###############################################################

20250520_053232 ## Checking if script exists
20250520_053232 Script File: /scripts/marketing/analytics/job_web_traffic/job_web_traffic.sql
20250520_053232 File exists...

20250520_053232 ## Running script
20250520_053232  *** Logon successfully completed.
  *** Total elapsed time was 4 seconds.
  *** Error: Query timeout after 60 seconds.
  *** Script execution failed.
  *** RC (return code) = 4
20250520_053328
20250520_053328
Execution Return Code: 4
20250520_053328
---------
JOB ERROR
---------
Start Time: 053232, End Time: 053328