MARKETING ANALYTICS JOB LOG 20260301_044030
----------------------
20260301_044030 ## Passed Parameter Values:
20260301_044030 DOMAIN: marketing
20260301_044030 SUB_DOMAIN: analytics
20260301_044030 USER_NAME: marketing_user1
20260301_044030 TABLE_NAME: job_web_traffic
20260301_044030 EXEC_SCOPE: DEV

20260301_044030 ## Derived Variable Values:
20260301_044030 STARTTIME: 044030
20260301_044030 LOGDATE: 20260301_044030
20260301_044030 JOB=job_web_traffic

20260301_044030 ###############################################################
20260301_044030 ### RUNNING WEB TRAFFIC SCRIPT
20260301_044030 ###############################################################

20260301_044030 ## Checking if script exists
20260301_044030 Script File: /scripts/marketing/analytics/job_web_traffic/job_web_traffic.sql
20260301_044030 File exists...

20260301_044030 ## Running script
20260301_044030  *** Logon successfully completed.
  *** Total elapsed time was 4 seconds.
  *** Analysis completed with no issues.
  *** Script execution successful.
  *** RC (return code) = 0
20260301_044050
20260301_044050
Execution Return Code: 0
20260301_044050
-----------
JOB SUCCESS
-----------
Start Time: 044030, End Time: 044050