MARKETING ANALYTICS JOB LOG 20250807_014003
----------------------
20250807_014003 ## Passed Parameter Values:
20250807_014003 DOMAIN: marketing
20250807_014003 SUB_DOMAIN: analytics
20250807_014003 USER_NAME: marketing_user1
20250807_014003 TABLE_NAME: job_web_traffic
20250807_014003 EXEC_SCOPE: UAT

20250807_014003 ## Derived Variable Values:
20250807_014003 STARTTIME: 014003
20250807_014003 LOGDATE: 20250807_014003
20250807_014003 JOB=job_web_traffic

20250807_014003 ###############################################################
20250807_014003 ### RUNNING WEB TRAFFIC SCRIPT
20250807_014003 ###############################################################

20250807_014003 ## Checking if script exists
20250807_014003 Script File: /scripts/marketing/analytics/job_web_traffic/job_web_traffic.sql
20250807_014003 File exists...

20250807_014003 ## Running script
20250807_014003  *** Logon successfully completed.
  *** Total elapsed time was 5 seconds.
  *** All data processed without errors.
  *** Script execution successful.
  *** RC (return code) = 0
20250807_014049
20250807_014049
Execution Return Code: 0
20250807_014049
-----------
JOB SUCCESS
-----------
Start Time: 014003, End Time: 014049