MARKETING ANALYTICS JOB LOG 20250909_004327
----------------------
20250909_004327 ## Passed Parameter Values:
20250909_004327 DOMAIN: marketing
20250909_004327 SUB_DOMAIN: analytics
20250909_004327 USER_NAME: campaign_manager
20250909_004327 TABLE_NAME: job_web_traffic
20250909_004327 EXEC_SCOPE: PROD

20250909_004327 ## Derived Variable Values:
20250909_004327 STARTTIME: 004327
20250909_004327 LOGDATE: 20250909_004327
20250909_004327 JOB=job_web_traffic

20250909_004327 ###############################################################
20250909_004327 ### RUNNING WEB TRAFFIC SCRIPT
20250909_004327 ###############################################################

20250909_004327 ## Checking if script exists
20250909_004327 Script File: /scripts/marketing/analytics/job_web_traffic/job_web_traffic.sql
20250909_004327 File exists...

20250909_004327 ## Running script
20250909_004327  *** Logon successfully completed.
  *** Total elapsed time was 1 second.
  *** All data processed without errors.
  *** Script execution successful.
  *** RC (return code) = 0
20250909_004339
20250909_004339
Execution Return Code: 0
20250909_004339
-----------
JOB SUCCESS
-----------
Start Time: 004327, End Time: 004339