MARKETING ANALYTICS JOB LOG 20260405_124227
----------------------
20260405_124227 ## Passed Parameter Values:
20260405_124227 DOMAIN: marketing
20260405_124227 SUB_DOMAIN: analytics
20260405_124227 USER_NAME: analyst1
20260405_124227 TABLE_NAME: job_web_traffic
20260405_124227 EXEC_SCOPE: UAT

20260405_124227 ## Derived Variable Values:
20260405_124227 STARTTIME: 124227
20260405_124227 LOGDATE: 20260405_124227
20260405_124227 JOB=job_web_traffic

20260405_124227 ###############################################################
20260405_124227 ### RUNNING WEB TRAFFIC SCRIPT
20260405_124227 ###############################################################

20260405_124227 ## Checking if script exists
20260405_124227 Script File: /scripts/marketing/analytics/job_web_traffic/job_web_traffic.sql
20260405_124227 File exists...

20260405_124227 ## Running script
20260405_124227  *** Logon successfully completed.
  *** Total elapsed time was 4 seconds.
  *** Error: Configuration file contains deprecated parameters.
  *** Script execution failed.
  *** RC (return code) = 2
20260405_124238
20260405_124238
Execution Return Code: 2
20260405_124238
---------
JOB ERROR
---------
Start Time: 124227, End Time: 124238