MARKETING ANALYTICS JOB LOG 20250503_103947
----------------------
20250503_103947 ## Passed Parameter Values:
20250503_103947 DOMAIN: marketing
20250503_103947 SUB_DOMAIN: analytics
20250503_103947 USER_NAME: campaign_manager
20250503_103947 TABLE_NAME: job_web_traffic
20250503_103947 EXEC_SCOPE: UAT

20250503_103947 ## Derived Variable Values:
20250503_103947 STARTTIME: 103947
20250503_103947 LOGDATE: 20250503_103947
20250503_103947 JOB=job_web_traffic

20250503_103947 ###############################################################
20250503_103947 ### RUNNING WEB TRAFFIC SCRIPT
20250503_103947 ###############################################################

20250503_103947 ## Checking if script exists
20250503_103947 Script File: /scripts/marketing/analytics/job_web_traffic/job_web_traffic.sql
20250503_103947 File exists...

20250503_103947 ## Running script
20250503_103947  *** Logon successfully completed.
  *** Total elapsed time was 1 second.
  *** Error: Conversion calculation error: Missing funnel stage data.
  *** Script execution failed.
  *** RC (return code) = 2
20250503_104005
20250503_104005
Execution Return Code: 2
20250503_104005
---------
JOB ERROR
---------
Start Time: 103947, End Time: 104005