MARKETING ANALYTICS JOB LOG 20260510_125754
----------------------
20260510_125754 ## Passed Parameter Values:
20260510_125754 DOMAIN: marketing
20260510_125754 SUB_DOMAIN: analytics
20260510_125754 USER_NAME: campaign_manager
20260510_125754 TABLE_NAME: job_web_traffic
20260510_125754 EXEC_SCOPE: DEV

20260510_125754 ## Derived Variable Values:
20260510_125754 STARTTIME: 125754
20260510_125754 LOGDATE: 20260510_125754
20260510_125754 JOB=job_web_traffic

20260510_125754 ###############################################################
20260510_125754 ### RUNNING WEB TRAFFIC SCRIPT
20260510_125754 ###############################################################

20260510_125754 ## Checking if script exists
20260510_125754 Script File: /scripts/marketing/analytics/job_web_traffic/job_web_traffic.sql
20260510_125754 File exists...

20260510_125754 ## Running script
20260510_125754  *** Logon successfully completed.
  *** Total elapsed time was 4 seconds.
  *** Error: Traffic analysis error: Invalid source attribution.
  *** Script execution failed.
  *** RC (return code) = 8
20260510_125830
20260510_125830
Execution Return Code: 8
20260510_125830
---------
JOB ERROR
---------
Start Time: 125754, End Time: 125830