MARKETING ANALYTICS JOB LOG 20250812_041453
----------------------
20250812_041453 ## Passed Parameter Values:
20250812_041453 DOMAIN: marketing
20250812_041453 SUB_DOMAIN: analytics
20250812_041453 USER_NAME: analyst1
20250812_041453 TABLE_NAME: job_web_traffic
20250812_041453 EXEC_SCOPE: DEV

20250812_041453 ## Derived Variable Values:
20250812_041453 STARTTIME: 041453
20250812_041453 LOGDATE: 20250812_041453
20250812_041453 JOB=job_web_traffic

20250812_041453 ###############################################################
20250812_041453 ### RUNNING WEB TRAFFIC SCRIPT
20250812_041453 ###############################################################

20250812_041453 ## Checking if script exists
20250812_041453 Script File: /scripts/marketing/analytics/job_web_traffic/job_web_traffic.sql
20250812_041453 File exists...

20250812_041453 ## Running script
20250812_041453  *** Logon successfully completed.
  *** Total elapsed time was 2 seconds.
  *** Data extraction and transformation successful.
  *** Script execution successful.
  *** RC (return code) = 0
20250812_041521
20250812_041521
Execution Return Code: 0
20250812_041521
-----------
JOB SUCCESS
-----------
Start Time: 041453, End Time: 041521