MARKETING ANALYTICS JOB LOG
20250429_093000 ----------------------
20250429_093000 ## Passed Parameter Values:
20250429_093000 DOMAIN: marketing
20250429_093000 SUB_DOMAIN: analytics
20250429_093000 USER_NAME: analyst3
20250429_093000 TABLE_NAME: job_web_traffic
20250429_093000 EXEC_SCOPE: PROD

20250429_093000 ## Derived Variable Values:
20250429_093000 STARTTIME: 093000
20250429_093000 LOGDATE: 20250429_093000
20250429_093000 JOB=job_web_traffic

20250429_093000 ###############################################################
20250429_093000 ### RUNNING WEB TRAFFIC ANALYSIS SCRIPT
20250429_093000 ###############################################################

20250429_093000 ## Checking if script exists
20250429_093000 Script File: /scripts/marketing/analytics/job_web_traffic/job_web_traffic.sql
20250429_093000 File exists...

20250429_093000 ## Running script
20250429_093000
 *** Logon successfully completed.
 *** Total elapsed time was 1 second.

 *** Analysis completed. 50000 rows processed.
 *** Total elapsed time was 6 seconds.

 *** Script execution completed successfully.
 *** RC (return code) = 0
20250429_093010
20250429_093010 Execution Return Code: 0
20250429_093010
20250429_093010 ---------
20250429_093010 JOB DONE
20250429_093010 ---------
20250429_093010 Start Time: 093000, End Time: 093010
