MARKETING ANALYTICS JOB LOG 20250522_142019
----------------------
20250522_142019 ## Passed Parameter Values:
20250522_142019 DOMAIN: marketing
20250522_142019 SUB_DOMAIN: analytics
20250522_142019 USER_NAME: marketing_user1
20250522_142019 TABLE_NAME: job_web_traffic
20250522_142019 EXEC_SCOPE: PROD

20250522_142019 ## Derived Variable Values:
20250522_142019 STARTTIME: 142019
20250522_142019 LOGDATE: 20250522_142019
20250522_142019 JOB=job_web_traffic

20250522_142019 ###############################################################
20250522_142019 ### RUNNING WEB TRAFFIC SCRIPT
20250522_142019 ###############################################################

20250522_142019 ## Checking if script exists
20250522_142019 Script File: /scripts/marketing/analytics/job_web_traffic/job_web_traffic.sql
20250522_142019 File exists...

20250522_142019 ## Running script
20250522_142019  *** Logon successfully completed.
  *** Total elapsed time was 2 seconds.
  *** All data processed without errors.
  *** Script execution successful.
  *** RC (return code) = 0
20250522_142033
20250522_142033
Execution Return Code: 0
20250522_142033
-----------
JOB SUCCESS
-----------
Start Time: 142019, End Time: 142033