FINANCE REPORTING JOB LOG 20251104_034857
----------------------
20251104_034857 ## Passed Parameter Values:
20251104_034857 DOMAIN: finance
20251104_034857 SUB_DOMAIN: reporting
20251104_034857 USER_NAME: finance_user1
20251104_034857 TABLE_NAME: job_report_daily
20251104_034857 EXEC_SCOPE: TEST

20251104_034857 ## Derived Variable Values:
20251104_034857 STARTTIME: 034857
20251104_034857 LOGDATE: 20251104_034857
20251104_034857 JOB=job_report_daily

20251104_034857 ###############################################################
20251104_034857 ### RUNNING REPORT DAILY SCRIPT
20251104_034857 ###############################################################

20251104_034857 ## Checking if script exists
20251104_034857 Script File: /scripts/finance/reporting/job_report_daily/job_report_daily.sql
20251104_034857 File exists...

20251104_034857 ## Running script
20251104_034857  *** Logon successfully completed.
  *** Total elapsed time was 3 seconds.
  *** Analysis completed with no issues.
  *** Script execution successful.
  *** RC (return code) = 0
20251104_034907
20251104_034907
Execution Return Code: 0
20251104_034907
-----------
JOB SUCCESS
-----------
Start Time: 034857, End Time: 034907