FINANCE REPORTING JOB LOG 20250904_075115
----------------------
20250904_075115 ## Passed Parameter Values:
20250904_075115 DOMAIN: finance
20250904_075115 SUB_DOMAIN: reporting
20250904_075115 USER_NAME: accountant1
20250904_075115 TABLE_NAME: job_report_daily
20250904_075115 EXEC_SCOPE: DEV

20250904_075115 ## Derived Variable Values:
20250904_075115 STARTTIME: 075115
20250904_075115 LOGDATE: 20250904_075115
20250904_075115 JOB=job_report_daily

20250904_075115 ###############################################################
20250904_075115 ### RUNNING REPORT DAILY SCRIPT
20250904_075115 ###############################################################

20250904_075115 ## Checking if script exists
20250904_075115 Script File: /scripts/finance/reporting/job_report_daily/job_report_daily.sql
20250904_075115 File exists...

20250904_075115 ## Running script
20250904_075115  *** Logon successfully completed.
  *** Total elapsed time was 1 second.
  *** All data processed without errors.
  *** Script execution successful.
  *** RC (return code) = 0
20250904_075131
20250904_075131
Execution Return Code: 0
20250904_075131
-----------
JOB SUCCESS
-----------
Start Time: 075115, End Time: 075131