FINANCE REPORTING JOB LOG 20260203_132618
----------------------
20260203_132618 ## Passed Parameter Values:
20260203_132618 DOMAIN: finance
20260203_132618 SUB_DOMAIN: reporting
20260203_132618 USER_NAME: accountant1
20260203_132618 TABLE_NAME: job_report_daily
20260203_132618 EXEC_SCOPE: UAT

20260203_132618 ## Derived Variable Values:
20260203_132618 STARTTIME: 132618
20260203_132618 LOGDATE: 20260203_132618
20260203_132618 JOB=job_report_daily

20260203_132618 ###############################################################
20260203_132618 ### RUNNING REPORT DAILY SCRIPT
20260203_132618 ###############################################################

20260203_132618 ## Checking if script exists
20260203_132618 Script File: /scripts/finance/reporting/job_report_daily/job_report_daily.sql
20260203_132618 File exists...

20260203_132618 ## Running script
20260203_132618  *** Logon successfully completed.
  *** Total elapsed time was 1 second.
  *** Error: Report generation failed: Data source unavailable.
  *** Script execution failed.
  *** RC (return code) = 1
20260203_132649
20260203_132649
Execution Return Code: 1
20260203_132649
---------
JOB ERROR
---------
Start Time: 132618, End Time: 132649