FINANCE REPORTING JOB LOG 20260120_195112
----------------------
20260120_195112 ## Passed Parameter Values:
20260120_195112 DOMAIN: finance
20260120_195112 SUB_DOMAIN: reporting
20260120_195112 USER_NAME: finance_user1
20260120_195112 TABLE_NAME: job_report_daily
20260120_195112 EXEC_SCOPE: TEST

20260120_195112 ## Derived Variable Values:
20260120_195112 STARTTIME: 195112
20260120_195112 LOGDATE: 20260120_195112
20260120_195112 JOB=job_report_daily

20260120_195112 ###############################################################
20260120_195112 ### RUNNING REPORT DAILY SCRIPT
20260120_195112 ###############################################################

20260120_195112 ## Checking if script exists
20260120_195112 Script File: /scripts/finance/reporting/job_report_daily/job_report_daily.sql
20260120_195112 File exists...

20260120_195112 ## Running script
20260120_195112  *** Logon successfully completed.
  *** Total elapsed time was 5 seconds.
  *** Analysis completed with no issues.
  *** Script execution successful.
  *** RC (return code) = 0
20260120_195158
20260120_195158
Execution Return Code: 0
20260120_195158
-----------
JOB SUCCESS
-----------
Start Time: 195112, End Time: 195158