FINANCE REPORTING JOB LOG 20250629_101336
----------------------
20250629_101336 ## Passed Parameter Values:
20250629_101336 DOMAIN: finance
20250629_101336 SUB_DOMAIN: reporting
20250629_101336 USER_NAME: finance_user1
20250629_101336 TABLE_NAME: job_report_daily
20250629_101336 EXEC_SCOPE: DEV

20250629_101336 ## Derived Variable Values:
20250629_101336 STARTTIME: 101336
20250629_101336 LOGDATE: 20250629_101336
20250629_101336 JOB=job_report_daily

20250629_101336 ###############################################################
20250629_101336 ### RUNNING REPORT DAILY SCRIPT
20250629_101336 ###############################################################

20250629_101336 ## Checking if script exists
20250629_101336 Script File: /scripts/finance/reporting/job_report_daily/job_report_daily.sql
20250629_101336 File exists...

20250629_101336 ## Running script
20250629_101336  *** Logon successfully completed.
  *** Total elapsed time was 4 seconds.
  *** Script executed successfully.
  *** Script execution successful.
  *** RC (return code) = 0
20250629_101420
20250629_101420
Execution Return Code: 0
20250629_101420
-----------
JOB SUCCESS
-----------
Start Time: 101336, End Time: 101420