FINANCE REPORTING JOB LOG
20250429_093000 ----------------------
20250429_093000 ## Passed Parameter Values:
20250429_093000 DOMAIN: finance
20250429_093000 SUB_DOMAIN: reporting
20250429_093000 USER_NAME: user321
20250429_093000 TABLE_NAME: job_report_daily
20250429_093000 EXEC_SCOPE: PROD

20250429_093000 ## Derived Variable Values:
20250429_093000 STARTTIME: 093000
20250429_093000 LOGDATE: 20250429_093000
20250429_093000 JOB=job_report_daily

20250429_093000 ###############################################################
20250429_093000 ### RUNNING DAILY REPORT SCRIPT
20250429_093000 ###############################################################

20250429_093000 ## Checking if script exists
20250429_093000 Script File: /scripts/finance/reporting/job_report_daily/job_report_daily.sql
20250429_093000 File exists...

20250429_093000 ## Running script
20250429_093000
 *** Logon successfully completed.
 *** Total elapsed time was 1 second.

 *** Report generated. 1800 rows written.
 *** Total elapsed time was 3 seconds.

 *** Script execution completed successfully.
 *** RC (return code) = 0
20250429_093010
20250429_093010 Execution Return Code: 0
20250429_093010
20250429_093010 ---------
20250429_093010 JOB DONE
20250429_093010 ---------
20250429_093010 Start Time: 093000, End Time: 093010
