FINANCE REPORTING JOB LOG 20250828_183809
----------------------
20250828_183809 ## Passed Parameter Values:
20250828_183809 DOMAIN: finance
20250828_183809 SUB_DOMAIN: reporting
20250828_183809 USER_NAME: finance_admin
20250828_183809 TABLE_NAME: job_report_daily
20250828_183809 EXEC_SCOPE: TEST

20250828_183809 ## Derived Variable Values:
20250828_183809 STARTTIME: 183809
20250828_183809 LOGDATE: 20250828_183809
20250828_183809 JOB=job_report_daily

20250828_183809 ###############################################################
20250828_183809 ### RUNNING REPORT DAILY SCRIPT
20250828_183809 ###############################################################

20250828_183809 ## Checking if script exists
20250828_183809 Script File: /scripts/finance/reporting/job_report_daily/job_report_daily.sql
20250828_183809 File exists...

20250828_183809 ## Running script
20250828_183809  *** Logon successfully completed.
  *** Total elapsed time was 2 seconds.
  *** All data processed without errors.
  *** Script execution successful.
  *** RC (return code) = 0
20250828_183837
20250828_183837
Execution Return Code: 0
20250828_183837
-----------
JOB SUCCESS
-----------
Start Time: 183809, End Time: 183837