FINANCE REPORTING JOB LOG 20260705_000006
----------------------
20260705_000006 ## Passed Parameter Values:
20260705_000006 DOMAIN: finance
20260705_000006 SUB_DOMAIN: reporting
20260705_000006 USER_NAME: finance_admin
20260705_000006 TABLE_NAME: job_report_daily
20260705_000006 EXEC_SCOPE: PROD

20260705_000006 ## Derived Variable Values:
20260705_000006 STARTTIME: 000006
20260705_000006 LOGDATE: 20260705_000006
20260705_000006 JOB=job_report_daily

20260705_000006 ###############################################################
20260705_000006 ### RUNNING REPORT DAILY SCRIPT
20260705_000006 ###############################################################

20260705_000006 ## Checking if script exists
20260705_000006 Script File: /scripts/finance/reporting/job_report_daily/job_report_daily.sql
20260705_000006 File exists...

20260705_000006 ## Running script
20260705_000006  *** Logon successfully completed.
  *** Total elapsed time was 1 second.
  *** All data processed without errors.
  *** Script execution successful.
  *** RC (return code) = 0
20260705_000100
20260705_000100
Execution Return Code: 0
20260705_000100
-----------
JOB SUCCESS
-----------
Start Time: 000006, End Time: 000100