FINANCE REPORTING JOB LOG 20260127_200800
----------------------
20260127_200800 ## Passed Parameter Values:
20260127_200800 DOMAIN: finance
20260127_200800 SUB_DOMAIN: reporting
20260127_200800 USER_NAME: finance_user1
20260127_200800 TABLE_NAME: job_report_daily
20260127_200800 EXEC_SCOPE: TEST

20260127_200800 ## Derived Variable Values:
20260127_200800 STARTTIME: 200800
20260127_200800 LOGDATE: 20260127_200800
20260127_200800 JOB=job_report_daily

20260127_200800 ###############################################################
20260127_200800 ### RUNNING REPORT DAILY SCRIPT
20260127_200800 ###############################################################

20260127_200800 ## Checking if script exists
20260127_200800 Script File: /scripts/finance/reporting/job_report_daily/job_report_daily.sql
20260127_200800 File exists...

20260127_200800 ## Running script
20260127_200800  *** Logon successfully completed.
  *** Total elapsed time was 4 seconds.
  *** Analysis completed with no issues.
  *** Script execution successful.
  *** RC (return code) = 0
20260127_200809
20260127_200809
Execution Return Code: 0
20260127_200809
-----------
JOB SUCCESS
-----------
Start Time: 200800, End Time: 200809