OPERATIONS SCHEDULING JOB LOG 20250515_213205
----------------------
20250515_213205 ## Passed Parameter Values:
20250515_213205 DOMAIN: operations
20250515_213205 SUB_DOMAIN: scheduling
20250515_213205 USER_NAME: ops_user1
20250515_213205 TABLE_NAME: job_staff_roster
20250515_213205 EXEC_SCOPE: PROD

20250515_213205 ## Derived Variable Values:
20250515_213205 STARTTIME: 213205
20250515_213205 LOGDATE: 20250515_213205
20250515_213205 JOB=job_staff_roster

20250515_213205 ###############################################################
20250515_213205 ### RUNNING STAFF ROSTER SCRIPT
20250515_213205 ###############################################################

20250515_213205 ## Checking if script exists
20250515_213205 Script File: /scripts/operations/scheduling/job_staff_roster/job_staff_roster.sql
20250515_213205 File exists...

20250515_213205 ## Running script
20250515_213205  *** Logon successfully completed.
  *** Total elapsed time was 5 seconds.
  *** Report generated successfully.
  *** Script execution successful.
  *** RC (return code) = 0
20250515_213228
20250515_213228
Execution Return Code: 0
20250515_213228
-----------
JOB SUCCESS
-----------
Start Time: 213205, End Time: 213228