OPERATIONS SCHEDULING JOB LOG 20260331_021944
----------------------
20260331_021944 ## Passed Parameter Values:
20260331_021944 DOMAIN: operations
20260331_021944 SUB_DOMAIN: scheduling
20260331_021944 USER_NAME: logistics_manager
20260331_021944 TABLE_NAME: job_staff_roster
20260331_021944 EXEC_SCOPE: TEST

20260331_021944 ## Derived Variable Values:
20260331_021944 STARTTIME: 021944
20260331_021944 LOGDATE: 20260331_021944
20260331_021944 JOB=job_staff_roster

20260331_021944 ###############################################################
20260331_021944 ### RUNNING STAFF ROSTER SCRIPT
20260331_021944 ###############################################################

20260331_021944 ## Checking if script exists
20260331_021944 Script File: /scripts/operations/scheduling/job_staff_roster/job_staff_roster.sql
20260331_021944 File exists...

20260331_021944 ## Running script
20260331_021944  *** Logon successfully completed.
  *** Total elapsed time was 5 seconds.
  *** Analysis completed with no issues.
  *** Script execution successful.
  *** RC (return code) = 0
20260331_022003
20260331_022003
Execution Return Code: 0
20260331_022003
-----------
JOB SUCCESS
-----------
Start Time: 021944, End Time: 022003