OPERATIONS SCHEDULING JOB LOG 20260322_125140
----------------------
20260322_125140 ## Passed Parameter Values:
20260322_125140 DOMAIN: operations
20260322_125140 SUB_DOMAIN: scheduling
20260322_125140 USER_NAME: ops_user1
20260322_125140 TABLE_NAME: job_staff_roster
20260322_125140 EXEC_SCOPE: TEST

20260322_125140 ## Derived Variable Values:
20260322_125140 STARTTIME: 125140
20260322_125140 LOGDATE: 20260322_125140
20260322_125140 JOB=job_staff_roster

20260322_125140 ###############################################################
20260322_125140 ### RUNNING STAFF ROSTER SCRIPT
20260322_125140 ###############################################################

20260322_125140 ## Checking if script exists
20260322_125140 Script File: /scripts/operations/scheduling/job_staff_roster/job_staff_roster.sql
20260322_125140 File exists...

20260322_125140 ## Running script
20260322_125140  *** Logon successfully completed.
  *** Total elapsed time was 4 seconds.
  *** Analysis completed with no issues.
  *** Script execution successful.
  *** RC (return code) = 0
20260322_125211
20260322_125211
Execution Return Code: 0
20260322_125211
-----------
JOB SUCCESS
-----------
Start Time: 125140, End Time: 125211