OPERATIONS SCHEDULING JOB LOG 20260125_223623
----------------------
20260125_223623 ## Passed Parameter Values:
20260125_223623 DOMAIN: operations
20260125_223623 SUB_DOMAIN: scheduling
20260125_223623 USER_NAME: ops_user1
20260125_223623 TABLE_NAME: job_staff_roster
20260125_223623 EXEC_SCOPE: TEST

20260125_223623 ## Derived Variable Values:
20260125_223623 STARTTIME: 223623
20260125_223623 LOGDATE: 20260125_223623
20260125_223623 JOB=job_staff_roster

20260125_223623 ###############################################################
20260125_223623 ### RUNNING STAFF ROSTER SCRIPT
20260125_223623 ###############################################################

20260125_223623 ## Checking if script exists
20260125_223623 Script File: /scripts/operations/scheduling/job_staff_roster/job_staff_roster.sql
20260125_223623 File exists...

20260125_223623 ## Running script
20260125_223623  *** Logon successfully completed.
  *** Total elapsed time was 5 seconds.
  *** Data extraction and transformation successful.
  *** Script execution successful.
  *** RC (return code) = 0
20260125_223639
20260125_223639
Execution Return Code: 0
20260125_223639
-----------
JOB SUCCESS
-----------
Start Time: 223623, End Time: 223639