FINANCE REPORTING JOB LOG 20260303_032853
----------------------
20260303_032853 ## Passed Parameter Values:
20260303_032853 DOMAIN: finance
20260303_032853 SUB_DOMAIN: reporting
20260303_032853 USER_NAME: accountant1
20260303_032853 TABLE_NAME: job_report_monthly
20260303_032853 EXEC_SCOPE: PROD

20260303_032853 ## Derived Variable Values:
20260303_032853 STARTTIME: 032853
20260303_032853 LOGDATE: 20260303_032853
20260303_032853 JOB=job_report_monthly

20260303_032853 ###############################################################
20260303_032853 ### RUNNING REPORT MONTHLY SCRIPT
20260303_032853 ###############################################################

20260303_032853 ## Checking if script exists
20260303_032853 Script File: /scripts/finance/reporting/job_report_monthly/job_report_monthly.sql
20260303_032853 File exists...

20260303_032853 ## Running script
20260303_032853  *** Logon successfully completed.
  *** Total elapsed time was 2 seconds.
  *** Data extraction and transformation successful.
  *** Script execution successful.
  *** RC (return code) = 0
20260303_032908
20260303_032908
Execution Return Code: 0
20260303_032908
-----------
JOB SUCCESS
-----------
Start Time: 032853, End Time: 032908