FINANCE REPORTING JOB LOG 20251104_030715
----------------------
20251104_030715 ## Passed Parameter Values:
20251104_030715 DOMAIN: finance
20251104_030715 SUB_DOMAIN: reporting
20251104_030715 USER_NAME: finance_user1
20251104_030715 TABLE_NAME: job_report_monthly
20251104_030715 EXEC_SCOPE: TEST

20251104_030715 ## Derived Variable Values:
20251104_030715 STARTTIME: 030715
20251104_030715 LOGDATE: 20251104_030715
20251104_030715 JOB=job_report_monthly

20251104_030715 ###############################################################
20251104_030715 ### RUNNING REPORT MONTHLY SCRIPT
20251104_030715 ###############################################################

20251104_030715 ## Checking if script exists
20251104_030715 Script File: /scripts/finance/reporting/job_report_monthly/job_report_monthly.sql
20251104_030715 File exists...

20251104_030715 ## Running script
20251104_030715  *** Logon successfully completed.
  *** Total elapsed time was 4 seconds.
  *** Script executed successfully.
  *** Script execution successful.
  *** RC (return code) = 0
20251104_030724
20251104_030724
Execution Return Code: 0
20251104_030724
-----------
JOB SUCCESS
-----------
Start Time: 030715, End Time: 030724