FINANCE REPORTING JOB LOG 20250504_202533
----------------------
20250504_202533 ## Passed Parameter Values:
20250504_202533 DOMAIN: finance
20250504_202533 SUB_DOMAIN: reporting
20250504_202533 USER_NAME: finance_admin
20250504_202533 TABLE_NAME: job_report_monthly
20250504_202533 EXEC_SCOPE: DEV

20250504_202533 ## Derived Variable Values:
20250504_202533 STARTTIME: 202533
20250504_202533 LOGDATE: 20250504_202533
20250504_202533 JOB=job_report_monthly

20250504_202533 ###############################################################
20250504_202533 ### RUNNING REPORT MONTHLY SCRIPT
20250504_202533 ###############################################################

20250504_202533 ## Checking if script exists
20250504_202533 Script File: /scripts/finance/reporting/job_report_monthly/job_report_monthly.sql
20250504_202533 File exists...

20250504_202533 ## Running script
20250504_202533  *** Logon successfully completed.
  *** Total elapsed time was 1 second.
  *** Error: Monthly aggregation error: Inconsistent daily data.
  *** Script execution failed.
  *** RC (return code) = 4
20250504_202607
20250504_202607
Execution Return Code: 4
20250504_202607
---------
JOB ERROR
---------
Start Time: 202533, End Time: 202607