FINANCE REPORTING JOB LOG 20260226_165905
----------------------
20260226_165905 ## Passed Parameter Values:
20260226_165905 DOMAIN: finance
20260226_165905 SUB_DOMAIN: reporting
20260226_165905 USER_NAME: finance_admin
20260226_165905 TABLE_NAME: job_report_monthly
20260226_165905 EXEC_SCOPE: TEST

20260226_165905 ## Derived Variable Values:
20260226_165905 STARTTIME: 165905
20260226_165905 LOGDATE: 20260226_165905
20260226_165905 JOB=job_report_monthly

20260226_165905 ###############################################################
20260226_165905 ### RUNNING REPORT MONTHLY SCRIPT
20260226_165905 ###############################################################

20260226_165905 ## Checking if script exists
20260226_165905 Script File: /scripts/finance/reporting/job_report_monthly/job_report_monthly.sql
20260226_165905 File exists...

20260226_165905 ## Running script
20260226_165905  *** Logon successfully completed.
  *** Total elapsed time was 1 second.
  *** Script executed successfully.
  *** Script execution successful.
  *** RC (return code) = 0
20260226_170003
20260226_170003
Execution Return Code: 0
20260226_170003
-----------
JOB SUCCESS
-----------
Start Time: 165905, End Time: 170003