FINANCE REPORTING JOB LOG 20250717_170544
----------------------
20250717_170544 ## Passed Parameter Values:
20250717_170544 DOMAIN: finance
20250717_170544 SUB_DOMAIN: reporting
20250717_170544 USER_NAME: accountant1
20250717_170544 TABLE_NAME: job_report_monthly
20250717_170544 EXEC_SCOPE: DEV

20250717_170544 ## Derived Variable Values:
20250717_170544 STARTTIME: 170544
20250717_170544 LOGDATE: 20250717_170544
20250717_170544 JOB=job_report_monthly

20250717_170544 ###############################################################
20250717_170544 ### RUNNING REPORT MONTHLY SCRIPT
20250717_170544 ###############################################################

20250717_170544 ## Checking if script exists
20250717_170544 Script File: /scripts/finance/reporting/job_report_monthly/job_report_monthly.sql
20250717_170544 File exists...

20250717_170544 ## Running script
20250717_170544  *** Logon successfully completed.
  *** Total elapsed time was 2 seconds.
  *** All data processed without errors.
  *** Script execution successful.
  *** RC (return code) = 0
20250717_170626
20250717_170626
Execution Return Code: 0
20250717_170626
-----------
JOB SUCCESS
-----------
Start Time: 170544, End Time: 170626