FINANCE REPORTING JOB LOG 20260407_145810
----------------------
20260407_145810 ## Passed Parameter Values:
20260407_145810 DOMAIN: finance
20260407_145810 SUB_DOMAIN: reporting
20260407_145810 USER_NAME: finance_admin
20260407_145810 TABLE_NAME: job_report_monthly
20260407_145810 EXEC_SCOPE: TEST

20260407_145810 ## Derived Variable Values:
20260407_145810 STARTTIME: 145810
20260407_145810 LOGDATE: 20260407_145810
20260407_145810 JOB=job_report_monthly

20260407_145810 ###############################################################
20260407_145810 ### RUNNING REPORT MONTHLY SCRIPT
20260407_145810 ###############################################################

20260407_145810 ## Checking if script exists
20260407_145810 Script File: /scripts/finance/reporting/job_report_monthly/job_report_monthly.sql
20260407_145810 File exists...

20260407_145810 ## Running script
20260407_145810  *** Logon successfully completed.
  *** Total elapsed time was 4 seconds.
  *** Error: Report generation failed: Data source unavailable.
  *** Script execution failed.
  *** RC (return code) = 2
20260407_145821
20260407_145821
Execution Return Code: 2
20260407_145821
---------
JOB ERROR
---------
Start Time: 145810, End Time: 145821