FINANCE REPORTING JOB LOG 20250624_051521
----------------------
20250624_051521 ## Passed Parameter Values:
20250624_051521 DOMAIN: finance
20250624_051521 SUB_DOMAIN: reporting
20250624_051521 USER_NAME: accountant1
20250624_051521 TABLE_NAME: job_report_monthly
20250624_051521 EXEC_SCOPE: TEST

20250624_051521 ## Derived Variable Values:
20250624_051521 STARTTIME: 051521
20250624_051521 LOGDATE: 20250624_051521
20250624_051521 JOB=job_report_monthly

20250624_051521 ###############################################################
20250624_051521 ### RUNNING REPORT MONTHLY SCRIPT
20250624_051521 ###############################################################

20250624_051521 ## Checking if script exists
20250624_051521 Script File: /scripts/finance/reporting/job_report_monthly/job_report_monthly.sql
20250624_051521 File exists...

20250624_051521 ## Running script
20250624_051521  *** Logon successfully completed.
  *** Total elapsed time was 5 seconds.
  *** Error: Monthly aggregation error: Inconsistent daily data.
  *** Script execution failed.
  *** RC (return code) = 4
20250624_051532
20250624_051532
Execution Return Code: 4
20250624_051532
---------
JOB ERROR
---------
Start Time: 051521, End Time: 051532