FINANCE REPORTING JOB LOG 20250515_005516
----------------------
20250515_005516 ## Passed Parameter Values:
20250515_005516 DOMAIN: finance
20250515_005516 SUB_DOMAIN: reporting
20250515_005516 USER_NAME: finance_admin
20250515_005516 TABLE_NAME: job_report_monthly
20250515_005516 EXEC_SCOPE: TEST

20250515_005516 ## Derived Variable Values:
20250515_005516 STARTTIME: 005516
20250515_005516 LOGDATE: 20250515_005516
20250515_005516 JOB=job_report_monthly

20250515_005516 ###############################################################
20250515_005516 ### RUNNING REPORT MONTHLY SCRIPT
20250515_005516 ###############################################################

20250515_005516 ## Checking if script exists
20250515_005516 Script File: /scripts/finance/reporting/job_report_monthly/job_report_monthly.sql
20250515_005516 File exists...

20250515_005516 ## Running script
20250515_005516  *** Logon successfully completed.
  *** Total elapsed time was 4 seconds.
  *** Report generated successfully.
  *** Script execution successful.
  *** RC (return code) = 0
20250515_005600
20250515_005600
Execution Return Code: 0
20250515_005600
-----------
JOB SUCCESS
-----------
Start Time: 005516, End Time: 005600