FINANCE REPORTING JOB LOG 20260217_182753
----------------------
20260217_182753 ## Passed Parameter Values:
20260217_182753 DOMAIN: finance
20260217_182753 SUB_DOMAIN: reporting
20260217_182753 USER_NAME: accountant1
20260217_182753 TABLE_NAME: job_report_monthly
20260217_182753 EXEC_SCOPE: PROD

20260217_182753 ## Derived Variable Values:
20260217_182753 STARTTIME: 182753
20260217_182753 LOGDATE: 20260217_182753
20260217_182753 JOB=job_report_monthly

20260217_182753 ###############################################################
20260217_182753 ### RUNNING REPORT MONTHLY SCRIPT
20260217_182753 ###############################################################

20260217_182753 ## Checking if script exists
20260217_182753 Script File: /scripts/finance/reporting/job_report_monthly/job_report_monthly.sql
20260217_182753 File exists...

20260217_182753 ## Running script
20260217_182753  *** Logon successfully completed.
  *** Total elapsed time was 1 second.
  *** Report generated successfully.
  *** Script execution successful.
  *** RC (return code) = 0
20260217_182802
20260217_182802
Execution Return Code: 0
20260217_182802
-----------
JOB SUCCESS
-----------
Start Time: 182753, End Time: 182802