FINANCE REPORTING JOB LOG 20260426_070857
----------------------
20260426_070857 ## Passed Parameter Values:
20260426_070857 DOMAIN: finance
20260426_070857 SUB_DOMAIN: reporting
20260426_070857 USER_NAME: accountant1
20260426_070857 TABLE_NAME: job_report_monthly
20260426_070857 EXEC_SCOPE: DEV

20260426_070857 ## Derived Variable Values:
20260426_070857 STARTTIME: 070857
20260426_070857 LOGDATE: 20260426_070857
20260426_070857 JOB=job_report_monthly

20260426_070857 ###############################################################
20260426_070857 ### RUNNING REPORT MONTHLY SCRIPT
20260426_070857 ###############################################################

20260426_070857 ## Checking if script exists
20260426_070857 Script File: /scripts/finance/reporting/job_report_monthly/job_report_monthly.sql
20260426_070857 File exists...

20260426_070857 ## Running script
20260426_070857  *** Logon successfully completed.
  *** Total elapsed time was 4 seconds.
  *** All data processed without errors.
  *** Script execution successful.
  *** RC (return code) = 0
20260426_070916
20260426_070916
Execution Return Code: 0
20260426_070916
-----------
JOB SUCCESS
-----------
Start Time: 070857, End Time: 070916