MARKETING ANALYTICS JOB LOG 20250701_140506
----------------------
20250701_140506 ## Passed Parameter Values:
20250701_140506 DOMAIN: marketing
20250701_140506 SUB_DOMAIN: analytics
20250701_140506 USER_NAME: campaign_manager
20250701_140506 TABLE_NAME: job_roi_report
20250701_140506 EXEC_SCOPE: UAT

20250701_140506 ## Derived Variable Values:
20250701_140506 STARTTIME: 140506
20250701_140506 LOGDATE: 20250701_140506
20250701_140506 JOB=job_roi_report

20250701_140506 ###############################################################
20250701_140506 ### RUNNING ROI REPORT SCRIPT
20250701_140506 ###############################################################

20250701_140506 ## Checking if script exists
20250701_140506 Script File: /scripts/marketing/analytics/job_roi_report/job_roi_report.sql
20250701_140506 File exists...

20250701_140506 ## Running script
20250701_140506  *** Logon successfully completed.
  *** Total elapsed time was 4 seconds.
  *** Data extraction and transformation successful.
  *** Script execution successful.
  *** RC (return code) = 0
20250701_140552
20250701_140552
Execution Return Code: 0
20250701_140552
-----------
JOB SUCCESS
-----------
Start Time: 140506, End Time: 140552