MARKETING ANALYTICS JOB LOG 20250805_073907
----------------------
20250805_073907 ## Passed Parameter Values:
20250805_073907 DOMAIN: marketing
20250805_073907 SUB_DOMAIN: analytics
20250805_073907 USER_NAME: marketing_user1
20250805_073907 TABLE_NAME: job_roi_report
20250805_073907 EXEC_SCOPE: DEV

20250805_073907 ## Derived Variable Values:
20250805_073907 STARTTIME: 073907
20250805_073907 LOGDATE: 20250805_073907
20250805_073907 JOB=job_roi_report

20250805_073907 ###############################################################
20250805_073907 ### RUNNING ROI REPORT SCRIPT
20250805_073907 ###############################################################

20250805_073907 ## Checking if script exists
20250805_073907 Script File: /scripts/marketing/analytics/job_roi_report/job_roi_report.sql
20250805_073907 File exists...

20250805_073907 ## Running script
20250805_073907  *** Logon successfully completed.
  *** Total elapsed time was 5 seconds.
  *** Script executed successfully.
  *** Script execution successful.
  *** RC (return code) = 0
20250805_073917
20250805_073917
Execution Return Code: 0
20250805_073917
-----------
JOB SUCCESS
-----------
Start Time: 073907, End Time: 073917