MARKETING ANALYTICS JOB LOG 20260611_131106
----------------------
20260611_131106 ## Passed Parameter Values:
20260611_131106 DOMAIN: marketing
20260611_131106 SUB_DOMAIN: analytics
20260611_131106 USER_NAME: analyst1
20260611_131106 TABLE_NAME: job_roi_report
20260611_131106 EXEC_SCOPE: DEV

20260611_131106 ## Derived Variable Values:
20260611_131106 STARTTIME: 131106
20260611_131106 LOGDATE: 20260611_131106
20260611_131106 JOB=job_roi_report

20260611_131106 ###############################################################
20260611_131106 ### RUNNING ROI REPORT SCRIPT
20260611_131106 ###############################################################

20260611_131106 ## Checking if script exists
20260611_131106 Script File: /scripts/marketing/analytics/job_roi_report/job_roi_report.sql
20260611_131106 File exists...

20260611_131106 ## Running script
20260611_131106  *** Logon successfully completed.
  *** Total elapsed time was 4 seconds.
  *** All data processed without errors.
  *** Script execution successful.
  *** RC (return code) = 0
20260611_131128
20260611_131128
Execution Return Code: 0
20260611_131128
-----------
JOB SUCCESS
-----------
Start Time: 131106, End Time: 131128