MARKETING ANALYTICS JOB LOG 20260621_055623
----------------------
20260621_055623 ## Passed Parameter Values:
20260621_055623 DOMAIN: marketing
20260621_055623 SUB_DOMAIN: analytics
20260621_055623 USER_NAME: campaign_manager
20260621_055623 TABLE_NAME: job_roi_report
20260621_055623 EXEC_SCOPE: DEV

20260621_055623 ## Derived Variable Values:
20260621_055623 STARTTIME: 055623
20260621_055623 LOGDATE: 20260621_055623
20260621_055623 JOB=job_roi_report

20260621_055623 ###############################################################
20260621_055623 ### RUNNING ROI REPORT SCRIPT
20260621_055623 ###############################################################

20260621_055623 ## Checking if script exists
20260621_055623 Script File: /scripts/marketing/analytics/job_roi_report/job_roi_report.sql
20260621_055623 File exists...

20260621_055623 ## Running script
20260621_055623  *** Logon successfully completed.
  *** Total elapsed time was 1 second.
  *** Error: Traffic analysis error: Invalid source attribution.
  *** Script execution failed.
  *** RC (return code) = 1
20260621_055715
20260621_055715
Execution Return Code: 1
20260621_055715
---------
JOB ERROR
---------
Start Time: 055623, End Time: 055715