MARKETING ANALYTICS JOB LOG 20260129_070139
----------------------
20260129_070139 ## Passed Parameter Values:
20260129_070139 DOMAIN: marketing
20260129_070139 SUB_DOMAIN: analytics
20260129_070139 USER_NAME: analyst1
20260129_070139 TABLE_NAME: job_roi_report
20260129_070139 EXEC_SCOPE: PROD

20260129_070139 ## Derived Variable Values:
20260129_070139 STARTTIME: 070139
20260129_070139 LOGDATE: 20260129_070139
20260129_070139 JOB=job_roi_report

20260129_070139 ###############################################################
20260129_070139 ### RUNNING ROI REPORT SCRIPT
20260129_070139 ###############################################################

20260129_070139 ## Checking if script exists
20260129_070139 Script File: /scripts/marketing/analytics/job_roi_report/job_roi_report.sql
20260129_070139 File exists...

20260129_070139 ## Running script
20260129_070139  *** Logon successfully completed.
  *** Total elapsed time was 3 seconds.
  *** All data processed without errors.
  *** Script execution successful.
  *** RC (return code) = 0
20260129_070145
20260129_070145
Execution Return Code: 0
20260129_070145
-----------
JOB SUCCESS
-----------
Start Time: 070139, End Time: 070145