MARKETING ANALYTICS JOB LOG 20260709_184929
----------------------
20260709_184929 ## Passed Parameter Values:
20260709_184929 DOMAIN: marketing
20260709_184929 SUB_DOMAIN: analytics
20260709_184929 USER_NAME: campaign_manager
20260709_184929 TABLE_NAME: job_roi_report
20260709_184929 EXEC_SCOPE: PROD

20260709_184929 ## Derived Variable Values:
20260709_184929 STARTTIME: 184929
20260709_184929 LOGDATE: 20260709_184929
20260709_184929 JOB=job_roi_report

20260709_184929 ###############################################################
20260709_184929 ### RUNNING ROI REPORT SCRIPT
20260709_184929 ###############################################################

20260709_184929 ## Checking if script exists
20260709_184929 Script File: /scripts/marketing/analytics/job_roi_report/job_roi_report.sql
20260709_184929 File exists...

20260709_184929 ## Running script
20260709_184929  *** Logon successfully completed.
  *** Total elapsed time was 3 seconds.
  *** All data processed without errors.
  *** Script execution successful.
  *** RC (return code) = 0
20260709_185009
20260709_185009
Execution Return Code: 0
20260709_185009
-----------
JOB SUCCESS
-----------
Start Time: 184929, End Time: 185009