MARKETING ANALYTICS JOB LOG 20250515_101114
----------------------
20250515_101114 ## Passed Parameter Values:
20250515_101114 DOMAIN: marketing
20250515_101114 SUB_DOMAIN: analytics
20250515_101114 USER_NAME: campaign_manager
20250515_101114 TABLE_NAME: job_roi_report
20250515_101114 EXEC_SCOPE: UAT

20250515_101114 ## Derived Variable Values:
20250515_101114 STARTTIME: 101114
20250515_101114 LOGDATE: 20250515_101114
20250515_101114 JOB=job_roi_report

20250515_101114 ###############################################################
20250515_101114 ### RUNNING ROI REPORT SCRIPT
20250515_101114 ###############################################################

20250515_101114 ## Checking if script exists
20250515_101114 Script File: /scripts/marketing/analytics/job_roi_report/job_roi_report.sql
20250515_101114 File exists...

20250515_101114 ## Running script
20250515_101114  *** Logon successfully completed.
  *** Total elapsed time was 3 seconds.
  *** Error: Invalid data format in source table.
  *** Script execution failed.
  *** RC (return code) = 4
20250515_101205
20250515_101205
Execution Return Code: 4
20250515_101205
---------
JOB ERROR
---------
Start Time: 101114, End Time: 101205