MARKETING ANALYTICS JOB LOG 20260528_083835
----------------------
20260528_083835 ## Passed Parameter Values:
20260528_083835 DOMAIN: marketing
20260528_083835 SUB_DOMAIN: analytics
20260528_083835 USER_NAME: marketing_user1
20260528_083835 TABLE_NAME: job_roi_report
20260528_083835 EXEC_SCOPE: DEV

20260528_083835 ## Derived Variable Values:
20260528_083835 STARTTIME: 083835
20260528_083835 LOGDATE: 20260528_083835
20260528_083835 JOB=job_roi_report

20260528_083835 ###############################################################
20260528_083835 ### RUNNING ROI REPORT SCRIPT
20260528_083835 ###############################################################

20260528_083835 ## Checking if script exists
20260528_083835 Script File: /scripts/marketing/analytics/job_roi_report/job_roi_report.sql
20260528_083835 File exists...

20260528_083835 ## Running script
20260528_083835  *** Logon successfully completed.
  *** Total elapsed time was 4 seconds.
  *** Error: Traffic analysis error: Invalid source attribution.
  *** Script execution failed.
  *** RC (return code) = 4
20260528_083848
20260528_083848
Execution Return Code: 4
20260528_083848
---------
JOB ERROR
---------
Start Time: 083835, End Time: 083848