MARKETING ANALYTICS JOB LOG 20251019_130628
----------------------
20251019_130628 ## Passed Parameter Values:
20251019_130628 DOMAIN: marketing
20251019_130628 SUB_DOMAIN: analytics
20251019_130628 USER_NAME: campaign_manager
20251019_130628 TABLE_NAME: job_roi_report
20251019_130628 EXEC_SCOPE: DEV

20251019_130628 ## Derived Variable Values:
20251019_130628 STARTTIME: 130628
20251019_130628 LOGDATE: 20251019_130628
20251019_130628 JOB=job_roi_report

20251019_130628 ###############################################################
20251019_130628 ### RUNNING ROI REPORT SCRIPT
20251019_130628 ###############################################################

20251019_130628 ## Checking if script exists
20251019_130628 Script File: /scripts/marketing/analytics/job_roi_report/job_roi_report.sql
20251019_130628 File exists...

20251019_130628 ## Running script
20251019_130628  *** Logon successfully completed.
  *** Total elapsed time was 4 seconds.
  *** All data processed without errors.
  *** Script execution successful.
  *** RC (return code) = 0
20251019_130654
20251019_130654
Execution Return Code: 0
20251019_130654
-----------
JOB SUCCESS
-----------
Start Time: 130628, End Time: 130654