MARKETING ANALYTICS JOB LOG 20260125_063245
----------------------
20260125_063245 ## Passed Parameter Values:
20260125_063245 DOMAIN: marketing
20260125_063245 SUB_DOMAIN: analytics
20260125_063245 USER_NAME: marketing_user1
20260125_063245 TABLE_NAME: job_roi_report
20260125_063245 EXEC_SCOPE: PROD

20260125_063245 ## Derived Variable Values:
20260125_063245 STARTTIME: 063245
20260125_063245 LOGDATE: 20260125_063245
20260125_063245 JOB=job_roi_report

20260125_063245 ###############################################################
20260125_063245 ### RUNNING ROI REPORT SCRIPT
20260125_063245 ###############################################################

20260125_063245 ## Checking if script exists
20260125_063245 Script File: /scripts/marketing/analytics/job_roi_report/job_roi_report.sql
20260125_063245 File exists...

20260125_063245 ## Running script
20260125_063245  *** Logon successfully completed.
  *** Total elapsed time was 4 seconds.
  *** All data processed without errors.
  *** Script execution successful.
  *** RC (return code) = 0
20260125_063339
20260125_063339
Execution Return Code: 0
20260125_063339
-----------
JOB SUCCESS
-----------
Start Time: 063245, End Time: 063339