MARKETING ANALYTICS JOB LOG 20260625_180134
----------------------
20260625_180134 ## Passed Parameter Values:
20260625_180134 DOMAIN: marketing
20260625_180134 SUB_DOMAIN: analytics
20260625_180134 USER_NAME: analyst1
20260625_180134 TABLE_NAME: job_roi_report
20260625_180134 EXEC_SCOPE: DEV

20260625_180134 ## Derived Variable Values:
20260625_180134 STARTTIME: 180134
20260625_180134 LOGDATE: 20260625_180134
20260625_180134 JOB=job_roi_report

20260625_180134 ###############################################################
20260625_180134 ### RUNNING ROI REPORT SCRIPT
20260625_180134 ###############################################################

20260625_180134 ## Checking if script exists
20260625_180134 Script File: /scripts/marketing/analytics/job_roi_report/job_roi_report.sql
20260625_180134 File exists...

20260625_180134 ## Running script
20260625_180134  *** Logon successfully completed.
  *** Total elapsed time was 2 seconds.
  *** Report generated successfully.
  *** Script execution successful.
  *** RC (return code) = 0
20260625_180202
20260625_180202
Execution Return Code: 0
20260625_180202
-----------
JOB SUCCESS
-----------
Start Time: 180134, End Time: 180202