MARKETING ANALYTICS JOB LOG 20250622_200257
----------------------
20250622_200257 ## Passed Parameter Values:
20250622_200257 DOMAIN: marketing
20250622_200257 SUB_DOMAIN: analytics
20250622_200257 USER_NAME: marketing_user1
20250622_200257 TABLE_NAME: job_roi_report
20250622_200257 EXEC_SCOPE: UAT

20250622_200257 ## Derived Variable Values:
20250622_200257 STARTTIME: 200257
20250622_200257 LOGDATE: 20250622_200257
20250622_200257 JOB=job_roi_report

20250622_200257 ###############################################################
20250622_200257 ### RUNNING ROI REPORT SCRIPT
20250622_200257 ###############################################################

20250622_200257 ## Checking if script exists
20250622_200257 Script File: /scripts/marketing/analytics/job_roi_report/job_roi_report.sql
20250622_200257 File exists...

20250622_200257 ## Running script
20250622_200257  *** Logon successfully completed.
  *** Total elapsed time was 4 seconds.
  *** Error: Traffic analysis error: Invalid source attribution.
  *** Script execution failed.
  *** RC (return code) = 1
20250622_200330
20250622_200330
Execution Return Code: 1
20250622_200330
---------
JOB ERROR
---------
Start Time: 200257, End Time: 200330