MARKETING ANALYTICS JOB LOG 20260222_223842
----------------------
20260222_223842 ## Passed Parameter Values:
20260222_223842 DOMAIN: marketing
20260222_223842 SUB_DOMAIN: analytics
20260222_223842 USER_NAME: marketing_user1
20260222_223842 TABLE_NAME: job_roi_report
20260222_223842 EXEC_SCOPE: PROD

20260222_223842 ## Derived Variable Values:
20260222_223842 STARTTIME: 223842
20260222_223842 LOGDATE: 20260222_223842
20260222_223842 JOB=job_roi_report

20260222_223842 ###############################################################
20260222_223842 ### RUNNING ROI REPORT SCRIPT
20260222_223842 ###############################################################

20260222_223842 ## Checking if script exists
20260222_223842 Script File: /scripts/marketing/analytics/job_roi_report/job_roi_report.sql
20260222_223842 File exists...

20260222_223842 ## Running script
20260222_223842  *** Logon successfully completed.
  *** Total elapsed time was 4 seconds.
  *** All data processed without errors.
  *** Script execution successful.
  *** RC (return code) = 0
20260222_223853
20260222_223853
Execution Return Code: 0
20260222_223853
-----------
JOB SUCCESS
-----------
Start Time: 223842, End Time: 223853