MARKETING ANALYTICS JOB LOG 20260331_074412
----------------------
20260331_074412 ## Passed Parameter Values:
20260331_074412 DOMAIN: marketing
20260331_074412 SUB_DOMAIN: analytics
20260331_074412 USER_NAME: campaign_manager
20260331_074412 TABLE_NAME: job_roi_report
20260331_074412 EXEC_SCOPE: UAT

20260331_074412 ## Derived Variable Values:
20260331_074412 STARTTIME: 074412
20260331_074412 LOGDATE: 20260331_074412
20260331_074412 JOB=job_roi_report

20260331_074412 ###############################################################
20260331_074412 ### RUNNING ROI REPORT SCRIPT
20260331_074412 ###############################################################

20260331_074412 ## Checking if script exists
20260331_074412 Script File: /scripts/marketing/analytics/job_roi_report/job_roi_report.sql
20260331_074412 File exists...

20260331_074412 ## Running script
20260331_074412  *** Logon successfully completed.
  *** Total elapsed time was 4 seconds.
  *** Script executed successfully.
  *** Script execution successful.
  *** RC (return code) = 0
20260331_074456
20260331_074456
Execution Return Code: 0
20260331_074456
-----------
JOB SUCCESS
-----------
Start Time: 074412, End Time: 074456