MARKETING ANALYTICS JOB LOG 20260118_155134
----------------------
20260118_155134 ## Passed Parameter Values:
20260118_155134 DOMAIN: marketing
20260118_155134 SUB_DOMAIN: analytics
20260118_155134 USER_NAME: analyst1
20260118_155134 TABLE_NAME: job_roi_report
20260118_155134 EXEC_SCOPE: UAT

20260118_155134 ## Derived Variable Values:
20260118_155134 STARTTIME: 155134
20260118_155134 LOGDATE: 20260118_155134
20260118_155134 JOB=job_roi_report

20260118_155134 ###############################################################
20260118_155134 ### RUNNING ROI REPORT SCRIPT
20260118_155134 ###############################################################

20260118_155134 ## Checking if script exists
20260118_155134 Script File: /scripts/marketing/analytics/job_roi_report/job_roi_report.sql
20260118_155134 File exists...

20260118_155134 ## Running script
20260118_155134  *** Logon successfully completed.
  *** Total elapsed time was 3 seconds.
  *** Error: Conversion calculation error: Missing funnel stage data.
  *** Script execution failed.
  *** RC (return code) = 8
20260118_155158
20260118_155158
Execution Return Code: 8
20260118_155158
---------
JOB ERROR
---------
Start Time: 155134, End Time: 155158