MARKETING ANALYTICS JOB LOG 20250612_083411
----------------------
20250612_083411 ## Passed Parameter Values:
20250612_083411 DOMAIN: marketing
20250612_083411 SUB_DOMAIN: analytics
20250612_083411 USER_NAME: marketing_user1
20250612_083411 TABLE_NAME: job_roi_report
20250612_083411 EXEC_SCOPE: UAT

20250612_083411 ## Derived Variable Values:
20250612_083411 STARTTIME: 083411
20250612_083411 LOGDATE: 20250612_083411
20250612_083411 JOB=job_roi_report

20250612_083411 ###############################################################
20250612_083411 ### RUNNING ROI REPORT SCRIPT
20250612_083411 ###############################################################

20250612_083411 ## Checking if script exists
20250612_083411 Script File: /scripts/marketing/analytics/job_roi_report/job_roi_report.sql
20250612_083411 File exists...

20250612_083411 ## Running script
20250612_083411  *** Logon successfully completed.
  *** Total elapsed time was 1 second.
  *** Data extraction and transformation successful.
  *** Script execution successful.
  *** RC (return code) = 0
20250612_083419
20250612_083419
Execution Return Code: 0
20250612_083419
-----------
JOB SUCCESS
-----------
Start Time: 083411, End Time: 083419