HR RECRUITING JOB LOG 20260205_223522
----------------------
20260205_223522 ## Passed Parameter Values:
20260205_223522 DOMAIN: hr
20260205_223522 SUB_DOMAIN: recruiting
20260205_223522 USER_NAME: payroll_admin
20260205_223522 TABLE_NAME: job_offer_gen
20260205_223522 EXEC_SCOPE: PROD

20260205_223522 ## Derived Variable Values:
20260205_223522 STARTTIME: 223522
20260205_223522 LOGDATE: 20260205_223522
20260205_223522 JOB=job_offer_gen

20260205_223522 ###############################################################
20260205_223522 ### RUNNING OFFER GEN SCRIPT
20260205_223522 ###############################################################

20260205_223522 ## Checking if script exists
20260205_223522 Script File: /scripts/hr/recruiting/job_offer_gen/job_offer_gen.sql
20260205_223522 File exists...

20260205_223522 ## Running script
20260205_223522  *** Logon successfully completed.
  *** Total elapsed time was 4 seconds.
  *** Error: Recruiting report failed: Missing required metrics.
  *** Script execution failed.
  *** RC (return code) = 2
20260205_223604
20260205_223604
Execution Return Code: 2
20260205_223604
---------
JOB ERROR
---------
Start Time: 223522, End Time: 223604