HR RECRUITING JOB LOG 20251127_234432
----------------------
20251127_234432 ## Passed Parameter Values:
20251127_234432 DOMAIN: hr
20251127_234432 SUB_DOMAIN: recruiting
20251127_234432 USER_NAME: hr_user1
20251127_234432 TABLE_NAME: job_offer_gen
20251127_234432 EXEC_SCOPE: UAT

20251127_234432 ## Derived Variable Values:
20251127_234432 STARTTIME: 234432
20251127_234432 LOGDATE: 20251127_234432
20251127_234432 JOB=job_offer_gen

20251127_234432 ###############################################################
20251127_234432 ### RUNNING OFFER GEN SCRIPT
20251127_234432 ###############################################################

20251127_234432 ## Checking if script exists
20251127_234432 Script File: /scripts/hr/recruiting/job_offer_gen/job_offer_gen.sql
20251127_234432 File exists...

20251127_234432 ## Running script
20251127_234432  *** Logon successfully completed.
  *** Total elapsed time was 4 seconds.
  *** All data processed without errors.
  *** Script execution successful.
  *** RC (return code) = 0
20251127_234446
20251127_234446
Execution Return Code: 0
20251127_234446
-----------
JOB SUCCESS
-----------
Start Time: 234432, End Time: 234446