HR RECRUITING JOB LOG 20260326_064113
----------------------
20260326_064113 ## Passed Parameter Values:
20260326_064113 DOMAIN: hr
20260326_064113 SUB_DOMAIN: recruiting
20260326_064113 USER_NAME: recruiter1
20260326_064113 TABLE_NAME: job_offer_gen
20260326_064113 EXEC_SCOPE: DEV

20260326_064113 ## Derived Variable Values:
20260326_064113 STARTTIME: 064113
20260326_064113 LOGDATE: 20260326_064113
20260326_064113 JOB=job_offer_gen

20260326_064113 ###############################################################
20260326_064113 ### RUNNING OFFER GEN SCRIPT
20260326_064113 ###############################################################

20260326_064113 ## Checking if script exists
20260326_064113 Script File: /scripts/hr/recruiting/job_offer_gen/job_offer_gen.sql
20260326_064113 File exists...

20260326_064113 ## Running script
20260326_064113  *** Logon successfully completed.
  *** Total elapsed time was 5 seconds.
  *** Script executed successfully.
  *** Script execution successful.
  *** RC (return code) = 0
20260326_064135
20260326_064135
Execution Return Code: 0
20260326_064135
-----------
JOB SUCCESS
-----------
Start Time: 064113, End Time: 064135