HR RECRUITING JOB LOG 20250826_083933
----------------------
20250826_083933 ## Passed Parameter Values:
20250826_083933 DOMAIN: hr
20250826_083933 SUB_DOMAIN: recruiting
20250826_083933 USER_NAME: hr_user1
20250826_083933 TABLE_NAME: job_offer_gen
20250826_083933 EXEC_SCOPE: TEST

20250826_083933 ## Derived Variable Values:
20250826_083933 STARTTIME: 083933
20250826_083933 LOGDATE: 20250826_083933
20250826_083933 JOB=job_offer_gen

20250826_083933 ###############################################################
20250826_083933 ### RUNNING OFFER GEN SCRIPT
20250826_083933 ###############################################################

20250826_083933 ## Checking if script exists
20250826_083933 Script File: /scripts/hr/recruiting/job_offer_gen/job_offer_gen.sql
20250826_083933 File exists...

20250826_083933 ## Running script
20250826_083933  *** Logon successfully completed.
  *** Total elapsed time was 2 seconds.
  *** Report generated successfully.
  *** Script execution successful.
  *** RC (return code) = 0
20250826_084008
20250826_084008
Execution Return Code: 0
20250826_084008
-----------
JOB SUCCESS
-----------
Start Time: 083933, End Time: 084008