HR RECRUITING JOB LOG 20260607_232718
----------------------
20260607_232718 ## Passed Parameter Values:
20260607_232718 DOMAIN: hr
20260607_232718 SUB_DOMAIN: recruiting
20260607_232718 USER_NAME: hr_user1
20260607_232718 TABLE_NAME: job_offer_gen
20260607_232718 EXEC_SCOPE: PROD

20260607_232718 ## Derived Variable Values:
20260607_232718 STARTTIME: 232718
20260607_232718 LOGDATE: 20260607_232718
20260607_232718 JOB=job_offer_gen

20260607_232718 ###############################################################
20260607_232718 ### RUNNING OFFER GEN SCRIPT
20260607_232718 ###############################################################

20260607_232718 ## Checking if script exists
20260607_232718 Script File: /scripts/hr/recruiting/job_offer_gen/job_offer_gen.sql
20260607_232718 File exists...

20260607_232718 ## Running script
20260607_232718  *** Logon successfully completed.
  *** Total elapsed time was 3 seconds.
  *** Data extraction and transformation successful.
  *** Script execution successful.
  *** RC (return code) = 0
20260607_232757
20260607_232757
Execution Return Code: 0
20260607_232757
-----------
JOB SUCCESS
-----------
Start Time: 232718, End Time: 232757