HR RECRUITING JOB LOG 20260630_163935
----------------------
20260630_163935 ## Passed Parameter Values:
20260630_163935 DOMAIN: hr
20260630_163935 SUB_DOMAIN: recruiting
20260630_163935 USER_NAME: hr_user1
20260630_163935 TABLE_NAME: job_offer_gen
20260630_163935 EXEC_SCOPE: UAT

20260630_163935 ## Derived Variable Values:
20260630_163935 STARTTIME: 163935
20260630_163935 LOGDATE: 20260630_163935
20260630_163935 JOB=job_offer_gen

20260630_163935 ###############################################################
20260630_163935 ### RUNNING OFFER GEN SCRIPT
20260630_163935 ###############################################################

20260630_163935 ## Checking if script exists
20260630_163935 Script File: /scripts/hr/recruiting/job_offer_gen/job_offer_gen.sql
20260630_163935 File exists...

20260630_163935 ## Running script
20260630_163935  *** Logon successfully completed.
  *** Total elapsed time was 3 seconds.
  *** Report generated successfully.
  *** Script execution successful.
  *** RC (return code) = 0
20260630_164009
20260630_164009
Execution Return Code: 0
20260630_164009
-----------
JOB SUCCESS
-----------
Start Time: 163935, End Time: 164009