HR RECRUITING JOB LOG 20250729_132610
----------------------
20250729_132610 ## Passed Parameter Values:
20250729_132610 DOMAIN: hr
20250729_132610 SUB_DOMAIN: recruiting
20250729_132610 USER_NAME: payroll_admin
20250729_132610 TABLE_NAME: job_offer_gen
20250729_132610 EXEC_SCOPE: PROD

20250729_132610 ## Derived Variable Values:
20250729_132610 STARTTIME: 132610
20250729_132610 LOGDATE: 20250729_132610
20250729_132610 JOB=job_offer_gen

20250729_132610 ###############################################################
20250729_132610 ### RUNNING OFFER GEN SCRIPT
20250729_132610 ###############################################################

20250729_132610 ## Checking if script exists
20250729_132610 Script File: /scripts/hr/recruiting/job_offer_gen/job_offer_gen.sql
20250729_132610 File exists...

20250729_132610 ## Running script
20250729_132610  *** Logon successfully completed.
  *** Total elapsed time was 1 second.
  *** Script executed successfully.
  *** Script execution successful.
  *** RC (return code) = 0
20250729_132709
20250729_132709
Execution Return Code: 0
20250729_132709
-----------
JOB SUCCESS
-----------
Start Time: 132610, End Time: 132709