HR RECRUITING JOB LOG 20260609_072354
----------------------
20260609_072354 ## Passed Parameter Values:
20260609_072354 DOMAIN: hr
20260609_072354 SUB_DOMAIN: recruiting
20260609_072354 USER_NAME: recruiter1
20260609_072354 TABLE_NAME: job_interview_sched
20260609_072354 EXEC_SCOPE: PROD

20260609_072354 ## Derived Variable Values:
20260609_072354 STARTTIME: 072354
20260609_072354 LOGDATE: 20260609_072354
20260609_072354 JOB=job_interview_sched

20260609_072354 ###############################################################
20260609_072354 ### RUNNING INTERVIEW SCHED SCRIPT
20260609_072354 ###############################################################

20260609_072354 ## Checking if script exists
20260609_072354 Script File: /scripts/hr/recruiting/job_interview_sched/job_interview_sched.sql
20260609_072354 File exists...

20260609_072354 ## Running script
20260609_072354  *** Logon successfully completed.
  *** Total elapsed time was 4 seconds.
  *** Report generated successfully.
  *** Script execution successful.
  *** RC (return code) = 0
20260609_072417
20260609_072417
Execution Return Code: 0
20260609_072417
-----------
JOB SUCCESS
-----------
Start Time: 072354, End Time: 072417