HR RECRUITING JOB LOG 20260315_231811
----------------------
20260315_231811 ## Passed Parameter Values:
20260315_231811 DOMAIN: hr
20260315_231811 SUB_DOMAIN: recruiting
20260315_231811 USER_NAME: recruiter1
20260315_231811 TABLE_NAME: job_interview_sched
20260315_231811 EXEC_SCOPE: TEST

20260315_231811 ## Derived Variable Values:
20260315_231811 STARTTIME: 231811
20260315_231811 LOGDATE: 20260315_231811
20260315_231811 JOB=job_interview_sched

20260315_231811 ###############################################################
20260315_231811 ### RUNNING INTERVIEW SCHED SCRIPT
20260315_231811 ###############################################################

20260315_231811 ## Checking if script exists
20260315_231811 Script File: /scripts/hr/recruiting/job_interview_sched/job_interview_sched.sql
20260315_231811 File exists...

20260315_231811 ## Running script
20260315_231811  *** Logon successfully completed.
  *** Total elapsed time was 1 second.
  *** Data extraction and transformation successful.
  *** Script execution successful.
  *** RC (return code) = 0
20260315_231843
20260315_231843
Execution Return Code: 0
20260315_231843
-----------
JOB SUCCESS
-----------
Start Time: 231811, End Time: 231843