HR RECRUITING JOB LOG 20260412_033050
----------------------
20260412_033050 ## Passed Parameter Values:
20260412_033050 DOMAIN: hr
20260412_033050 SUB_DOMAIN: recruiting
20260412_033050 USER_NAME: hr_user1
20260412_033050 TABLE_NAME: job_interview_sched
20260412_033050 EXEC_SCOPE: TEST

20260412_033050 ## Derived Variable Values:
20260412_033050 STARTTIME: 033050
20260412_033050 LOGDATE: 20260412_033050
20260412_033050 JOB=job_interview_sched

20260412_033050 ###############################################################
20260412_033050 ### RUNNING INTERVIEW SCHED SCRIPT
20260412_033050 ###############################################################

20260412_033050 ## Checking if script exists
20260412_033050 Script File: /scripts/hr/recruiting/job_interview_sched/job_interview_sched.sql
20260412_033050 File exists...

20260412_033050 ## Running script
20260412_033050  *** Logon successfully completed.
  *** Total elapsed time was 5 seconds.
  *** Analysis completed with no issues.
  *** Script execution successful.
  *** RC (return code) = 0
20260412_033145
20260412_033145
Execution Return Code: 0
20260412_033145
-----------
JOB SUCCESS
-----------
Start Time: 033050, End Time: 033145