HR RECRUITING JOB LOG 20260614_172804
----------------------
20260614_172804 ## Passed Parameter Values:
20260614_172804 DOMAIN: hr
20260614_172804 SUB_DOMAIN: recruiting
20260614_172804 USER_NAME: recruiter1
20260614_172804 TABLE_NAME: job_interview_sched
20260614_172804 EXEC_SCOPE: UAT

20260614_172804 ## Derived Variable Values:
20260614_172804 STARTTIME: 172804
20260614_172804 LOGDATE: 20260614_172804
20260614_172804 JOB=job_interview_sched

20260614_172804 ###############################################################
20260614_172804 ### RUNNING INTERVIEW SCHED SCRIPT
20260614_172804 ###############################################################

20260614_172804 ## Checking if script exists
20260614_172804 Script File: /scripts/hr/recruiting/job_interview_sched/job_interview_sched.sql
20260614_172804 File exists...

20260614_172804 ## Running script
20260614_172804  *** Logon successfully completed.
  *** Total elapsed time was 3 seconds.
  *** Data extraction and transformation successful.
  *** Script execution successful.
  *** RC (return code) = 0
20260614_172821
20260614_172821
Execution Return Code: 0
20260614_172821
-----------
JOB SUCCESS
-----------
Start Time: 172804, End Time: 172821