HR RECRUITING JOB LOG 20260707_053053
----------------------
20260707_053053 ## Passed Parameter Values:
20260707_053053 DOMAIN: hr
20260707_053053 SUB_DOMAIN: recruiting
20260707_053053 USER_NAME: payroll_admin
20260707_053053 TABLE_NAME: job_interview_sched
20260707_053053 EXEC_SCOPE: PROD

20260707_053053 ## Derived Variable Values:
20260707_053053 STARTTIME: 053053
20260707_053053 LOGDATE: 20260707_053053
20260707_053053 JOB=job_interview_sched

20260707_053053 ###############################################################
20260707_053053 ### RUNNING INTERVIEW SCHED SCRIPT
20260707_053053 ###############################################################

20260707_053053 ## Checking if script exists
20260707_053053 Script File: /scripts/hr/recruiting/job_interview_sched/job_interview_sched.sql
20260707_053053 File exists...

20260707_053053 ## Running script
20260707_053053  *** Logon successfully completed.
  *** Total elapsed time was 3 seconds.
  *** All data processed without errors.
  *** Script execution successful.
  *** RC (return code) = 0
20260707_053148
20260707_053148
Execution Return Code: 0
20260707_053148
-----------
JOB SUCCESS
-----------
Start Time: 053053, End Time: 053148