FINANCE REPORTING JOB LOG 20260421_202732
----------------------
20260421_202732 ## Passed Parameter Values:
20260421_202732 DOMAIN: finance
20260421_202732 SUB_DOMAIN: reporting
20260421_202732 USER_NAME: finance_admin
20260421_202732 TABLE_NAME: job_report_weekly
20260421_202732 EXEC_SCOPE: DEV

20260421_202732 ## Derived Variable Values:
20260421_202732 STARTTIME: 202732
20260421_202732 LOGDATE: 20260421_202732
20260421_202732 JOB=job_report_weekly

20260421_202732 ###############################################################
20260421_202732 ### RUNNING REPORT WEEKLY SCRIPT
20260421_202732 ###############################################################

20260421_202732 ## Checking if script exists
20260421_202732 Script File: /scripts/finance/reporting/job_report_weekly/job_report_weekly.sql
20260421_202732 File exists...

20260421_202732 ## Running script
20260421_202732  *** Logon successfully completed.
  *** Total elapsed time was 3 seconds.
  *** Error: Weekly report failed: Missing required metrics.
  *** Script execution failed.
  *** RC (return code) = 4
20260421_202823
20260421_202823
Execution Return Code: 4
20260421_202823
---------
JOB ERROR
---------
Start Time: 202732, End Time: 202823