FINANCE REPORTING JOB LOG 20260721_061917
----------------------
20260721_061917 ## Passed Parameter Values:
20260721_061917 DOMAIN: finance
20260721_061917 SUB_DOMAIN: reporting
20260721_061917 USER_NAME: finance_admin
20260721_061917 TABLE_NAME: job_report_weekly
20260721_061917 EXEC_SCOPE: PROD

20260721_061917 ## Derived Variable Values:
20260721_061917 STARTTIME: 061917
20260721_061917 LOGDATE: 20260721_061917
20260721_061917 JOB=job_report_weekly

20260721_061917 ###############################################################
20260721_061917 ### RUNNING REPORT WEEKLY SCRIPT
20260721_061917 ###############################################################

20260721_061917 ## Checking if script exists
20260721_061917 Script File: /scripts/finance/reporting/job_report_weekly/job_report_weekly.sql
20260721_061917 File exists...

20260721_061917 ## Running script
20260721_061917  *** Logon successfully completed.
  *** Total elapsed time was 5 seconds.
  *** Error: Weekly report failed: Missing required metrics.
  *** Script execution failed.
  *** RC (return code) = 4
20260721_061934
20260721_061934
Execution Return Code: 4
20260721_061934
---------
JOB ERROR
---------
Start Time: 061917, End Time: 061934