FINANCE REPORTING JOB LOG 20250619_234424
----------------------
20250619_234424 ## Passed Parameter Values:
20250619_234424 DOMAIN: finance
20250619_234424 SUB_DOMAIN: reporting
20250619_234424 USER_NAME: finance_admin
20250619_234424 TABLE_NAME: job_report_weekly
20250619_234424 EXEC_SCOPE: UAT

20250619_234424 ## Derived Variable Values:
20250619_234424 STARTTIME: 234424
20250619_234424 LOGDATE: 20250619_234424
20250619_234424 JOB=job_report_weekly

20250619_234424 ###############################################################
20250619_234424 ### RUNNING REPORT WEEKLY SCRIPT
20250619_234424 ###############################################################

20250619_234424 ## Checking if script exists
20250619_234424 Script File: /scripts/finance/reporting/job_report_weekly/job_report_weekly.sql
20250619_234424 File exists...

20250619_234424 ## Running script
20250619_234424  *** Logon successfully completed.
  *** Total elapsed time was 1 second.
  *** Analysis completed with no issues.
  *** Script execution successful.
  *** RC (return code) = 0
20250619_234519
20250619_234519
Execution Return Code: 0
20250619_234519
-----------
JOB SUCCESS
-----------
Start Time: 234424, End Time: 234519