FINANCE REPORTING JOB LOG 20251030_220535
----------------------
20251030_220535 ## Passed Parameter Values:
20251030_220535 DOMAIN: finance
20251030_220535 SUB_DOMAIN: reporting
20251030_220535 USER_NAME: finance_admin
20251030_220535 TABLE_NAME: job_report_weekly
20251030_220535 EXEC_SCOPE: UAT

20251030_220535 ## Derived Variable Values:
20251030_220535 STARTTIME: 220535
20251030_220535 LOGDATE: 20251030_220535
20251030_220535 JOB=job_report_weekly

20251030_220535 ###############################################################
20251030_220535 ### RUNNING REPORT WEEKLY SCRIPT
20251030_220535 ###############################################################

20251030_220535 ## Checking if script exists
20251030_220535 Script File: /scripts/finance/reporting/job_report_weekly/job_report_weekly.sql
20251030_220535 File exists...

20251030_220535 ## Running script
20251030_220535  *** Logon successfully completed.
  *** Total elapsed time was 3 seconds.
  *** All data processed without errors.
  *** Script execution successful.
  *** RC (return code) = 0
20251030_220555
20251030_220555
Execution Return Code: 0
20251030_220555
-----------
JOB SUCCESS
-----------
Start Time: 220535, End Time: 220555