FINANCE REPORTING JOB LOG 20260106_023704
----------------------
20260106_023704 ## Passed Parameter Values:
20260106_023704 DOMAIN: finance
20260106_023704 SUB_DOMAIN: reporting
20260106_023704 USER_NAME: finance_user1
20260106_023704 TABLE_NAME: job_report_weekly
20260106_023704 EXEC_SCOPE: PROD

20260106_023704 ## Derived Variable Values:
20260106_023704 STARTTIME: 023704
20260106_023704 LOGDATE: 20260106_023704
20260106_023704 JOB=job_report_weekly

20260106_023704 ###############################################################
20260106_023704 ### RUNNING REPORT WEEKLY SCRIPT
20260106_023704 ###############################################################

20260106_023704 ## Checking if script exists
20260106_023704 Script File: /scripts/finance/reporting/job_report_weekly/job_report_weekly.sql
20260106_023704 File exists...

20260106_023704 ## Running script
20260106_023704  *** Logon successfully completed.
  *** Total elapsed time was 5 seconds.
  *** Script executed successfully.
  *** Script execution successful.
  *** RC (return code) = 0
20260106_023712
20260106_023712
Execution Return Code: 0
20260106_023712
-----------
JOB SUCCESS
-----------
Start Time: 023704, End Time: 023712