FINANCE REPORTING JOB LOG 20260623_180554
----------------------
20260623_180554 ## Passed Parameter Values:
20260623_180554 DOMAIN: finance
20260623_180554 SUB_DOMAIN: reporting
20260623_180554 USER_NAME: accountant1
20260623_180554 TABLE_NAME: job_report_weekly
20260623_180554 EXEC_SCOPE: PROD

20260623_180554 ## Derived Variable Values:
20260623_180554 STARTTIME: 180554
20260623_180554 LOGDATE: 20260623_180554
20260623_180554 JOB=job_report_weekly

20260623_180554 ###############################################################
20260623_180554 ### RUNNING REPORT WEEKLY SCRIPT
20260623_180554 ###############################################################

20260623_180554 ## Checking if script exists
20260623_180554 Script File: /scripts/finance/reporting/job_report_weekly/job_report_weekly.sql
20260623_180554 File exists...

20260623_180554 ## Running script
20260623_180554  *** Logon successfully completed.
  *** Total elapsed time was 1 second.
  *** All data processed without errors.
  *** Script execution successful.
  *** RC (return code) = 0
20260623_180630
20260623_180630
Execution Return Code: 0
20260623_180630
-----------
JOB SUCCESS
-----------
Start Time: 180554, End Time: 180630