FINANCE REPORTING JOB LOG 20251016_114742
----------------------
20251016_114742 ## Passed Parameter Values:
20251016_114742 DOMAIN: finance
20251016_114742 SUB_DOMAIN: reporting
20251016_114742 USER_NAME: accountant1
20251016_114742 TABLE_NAME: job_report_weekly
20251016_114742 EXEC_SCOPE: DEV

20251016_114742 ## Derived Variable Values:
20251016_114742 STARTTIME: 114742
20251016_114742 LOGDATE: 20251016_114742
20251016_114742 JOB=job_report_weekly

20251016_114742 ###############################################################
20251016_114742 ### RUNNING REPORT WEEKLY SCRIPT
20251016_114742 ###############################################################

20251016_114742 ## Checking if script exists
20251016_114742 Script File: /scripts/finance/reporting/job_report_weekly/job_report_weekly.sql
20251016_114742 File exists...

20251016_114742 ## Running script
20251016_114742  *** Logon successfully completed.
  *** Total elapsed time was 2 seconds.
  *** Analysis completed with no issues.
  *** Script execution successful.
  *** RC (return code) = 0
20251016_114812
20251016_114812
Execution Return Code: 0
20251016_114812
-----------
JOB SUCCESS
-----------
Start Time: 114742, End Time: 114812