FINANCE REPORTING JOB LOG 20251202_064145
----------------------
20251202_064145 ## Passed Parameter Values:
20251202_064145 DOMAIN: finance
20251202_064145 SUB_DOMAIN: reporting
20251202_064145 USER_NAME: finance_admin
20251202_064145 TABLE_NAME: job_report_weekly
20251202_064145 EXEC_SCOPE: PROD

20251202_064145 ## Derived Variable Values:
20251202_064145 STARTTIME: 064145
20251202_064145 LOGDATE: 20251202_064145
20251202_064145 JOB=job_report_weekly

20251202_064145 ###############################################################
20251202_064145 ### RUNNING REPORT WEEKLY SCRIPT
20251202_064145 ###############################################################

20251202_064145 ## Checking if script exists
20251202_064145 Script File: /scripts/finance/reporting/job_report_weekly/job_report_weekly.sql
20251202_064145 File exists...

20251202_064145 ## Running script
20251202_064145  *** Logon successfully completed.
  *** Total elapsed time was 5 seconds.
  *** All data processed without errors.
  *** Script execution successful.
  *** RC (return code) = 0
20251202_064202
20251202_064202
Execution Return Code: 0
20251202_064202
-----------
JOB SUCCESS
-----------
Start Time: 064145, End Time: 064202