FINANCE REPORTING JOB LOG 20251118_015501
----------------------
20251118_015501 ## Passed Parameter Values:
20251118_015501 DOMAIN: finance
20251118_015501 SUB_DOMAIN: reporting
20251118_015501 USER_NAME: finance_user1
20251118_015501 TABLE_NAME: job_report_weekly
20251118_015501 EXEC_SCOPE: UAT

20251118_015501 ## Derived Variable Values:
20251118_015501 STARTTIME: 015501
20251118_015501 LOGDATE: 20251118_015501
20251118_015501 JOB=job_report_weekly

20251118_015501 ###############################################################
20251118_015501 ### RUNNING REPORT WEEKLY SCRIPT
20251118_015501 ###############################################################

20251118_015501 ## Checking if script exists
20251118_015501 Script File: /scripts/finance/reporting/job_report_weekly/job_report_weekly.sql
20251118_015501 File exists...

20251118_015501 ## Running script
20251118_015501  *** Logon successfully completed.
  *** Total elapsed time was 5 seconds.
  *** Script executed successfully.
  *** Script execution successful.
  *** RC (return code) = 0
20251118_015510
20251118_015510
Execution Return Code: 0
20251118_015510
-----------
JOB SUCCESS
-----------
Start Time: 015501, End Time: 015510