FINANCE REPORTING JOB LOG 20260618_234655
----------------------
20260618_234655 ## Passed Parameter Values:
20260618_234655 DOMAIN: finance
20260618_234655 SUB_DOMAIN: reporting
20260618_234655 USER_NAME: finance_admin
20260618_234655 TABLE_NAME: job_report_weekly
20260618_234655 EXEC_SCOPE: DEV

20260618_234655 ## Derived Variable Values:
20260618_234655 STARTTIME: 234655
20260618_234655 LOGDATE: 20260618_234655
20260618_234655 JOB=job_report_weekly

20260618_234655 ###############################################################
20260618_234655 ### RUNNING REPORT WEEKLY SCRIPT
20260618_234655 ###############################################################

20260618_234655 ## Checking if script exists
20260618_234655 Script File: /scripts/finance/reporting/job_report_weekly/job_report_weekly.sql
20260618_234655 File exists...

20260618_234655 ## Running script
20260618_234655  *** Logon successfully completed.
  *** Total elapsed time was 3 seconds.
  *** Script executed successfully.
  *** Script execution successful.
  *** RC (return code) = 0
20260618_234708
20260618_234708
Execution Return Code: 0
20260618_234708
-----------
JOB SUCCESS
-----------
Start Time: 234655, End Time: 234708