FINANCE REPORTING JOB LOG 20260315_131042
----------------------
20260315_131042 ## Passed Parameter Values:
20260315_131042 DOMAIN: finance
20260315_131042 SUB_DOMAIN: reporting
20260315_131042 USER_NAME: finance_user1
20260315_131042 TABLE_NAME: job_report_weekly
20260315_131042 EXEC_SCOPE: DEV

20260315_131042 ## Derived Variable Values:
20260315_131042 STARTTIME: 131042
20260315_131042 LOGDATE: 20260315_131042
20260315_131042 JOB=job_report_weekly

20260315_131042 ###############################################################
20260315_131042 ### RUNNING REPORT WEEKLY SCRIPT
20260315_131042 ###############################################################

20260315_131042 ## Checking if script exists
20260315_131042 Script File: /scripts/finance/reporting/job_report_weekly/job_report_weekly.sql
20260315_131042 File exists...

20260315_131042 ## Running script
20260315_131042  *** Logon successfully completed.
  *** Total elapsed time was 3 seconds.
  *** Error: Monthly aggregation error: Inconsistent daily data.
  *** Script execution failed.
  *** RC (return code) = 4
20260315_131115
20260315_131115
Execution Return Code: 4
20260315_131115
---------
JOB ERROR
---------
Start Time: 131042, End Time: 131115