FINANCE REPORTING JOB LOG 20260113_152405
----------------------
20260113_152405 ## Passed Parameter Values:
20260113_152405 DOMAIN: finance
20260113_152405 SUB_DOMAIN: reporting
20260113_152405 USER_NAME: finance_admin
20260113_152405 TABLE_NAME: job_report_weekly
20260113_152405 EXEC_SCOPE: UAT

20260113_152405 ## Derived Variable Values:
20260113_152405 STARTTIME: 152405
20260113_152405 LOGDATE: 20260113_152405
20260113_152405 JOB=job_report_weekly

20260113_152405 ###############################################################
20260113_152405 ### RUNNING REPORT WEEKLY SCRIPT
20260113_152405 ###############################################################

20260113_152405 ## Checking if script exists
20260113_152405 Script File: /scripts/finance/reporting/job_report_weekly/job_report_weekly.sql
20260113_152405 File exists...

20260113_152405 ## Running script
20260113_152405  *** Logon successfully completed.
  *** Total elapsed time was 5 seconds.
  *** Script executed successfully.
  *** Script execution successful.
  *** RC (return code) = 0
20260113_152422
20260113_152422
Execution Return Code: 0
20260113_152422
-----------
JOB SUCCESS
-----------
Start Time: 152405, End Time: 152422