FINANCE REPORTING JOB LOG 20250525_024250
----------------------
20250525_024250 ## Passed Parameter Values:
20250525_024250 DOMAIN: finance
20250525_024250 SUB_DOMAIN: reporting
20250525_024250 USER_NAME: accountant1
20250525_024250 TABLE_NAME: job_report_weekly
20250525_024250 EXEC_SCOPE: DEV

20250525_024250 ## Derived Variable Values:
20250525_024250 STARTTIME: 024250
20250525_024250 LOGDATE: 20250525_024250
20250525_024250 JOB=job_report_weekly

20250525_024250 ###############################################################
20250525_024250 ### RUNNING REPORT WEEKLY SCRIPT
20250525_024250 ###############################################################

20250525_024250 ## Checking if script exists
20250525_024250 Script File: /scripts/finance/reporting/job_report_weekly/job_report_weekly.sql
20250525_024250 File exists...

20250525_024250 ## Running script
20250525_024250  *** Logon successfully completed.
  *** Total elapsed time was 2 seconds.
  *** All data processed without errors.
  *** Script execution successful.
  *** RC (return code) = 0
20250525_024329
20250525_024329
Execution Return Code: 0
20250525_024329
-----------
JOB SUCCESS
-----------
Start Time: 024250, End Time: 024329