FINANCE REPORTING JOB LOG 20260409_105002
----------------------
20260409_105002 ## Passed Parameter Values:
20260409_105002 DOMAIN: finance
20260409_105002 SUB_DOMAIN: reporting
20260409_105002 USER_NAME: accountant1
20260409_105002 TABLE_NAME: job_report_weekly
20260409_105002 EXEC_SCOPE: TEST

20260409_105002 ## Derived Variable Values:
20260409_105002 STARTTIME: 105002
20260409_105002 LOGDATE: 20260409_105002
20260409_105002 JOB=job_report_weekly

20260409_105002 ###############################################################
20260409_105002 ### RUNNING REPORT WEEKLY SCRIPT
20260409_105002 ###############################################################

20260409_105002 ## Checking if script exists
20260409_105002 Script File: /scripts/finance/reporting/job_report_weekly/job_report_weekly.sql
20260409_105002 File exists...

20260409_105002 ## Running script
20260409_105002  *** Logon successfully completed.
  *** Total elapsed time was 4 seconds.
  *** All data processed without errors.
  *** Script execution successful.
  *** RC (return code) = 0
20260409_105007
20260409_105007
Execution Return Code: 0
20260409_105007
-----------
JOB SUCCESS
-----------
Start Time: 105002, End Time: 105007