FINANCE REPORTING JOB LOG 20251023_032752
----------------------
20251023_032752 ## Passed Parameter Values:
20251023_032752 DOMAIN: finance
20251023_032752 SUB_DOMAIN: reporting
20251023_032752 USER_NAME: accountant1
20251023_032752 TABLE_NAME: job_report_weekly
20251023_032752 EXEC_SCOPE: PROD

20251023_032752 ## Derived Variable Values:
20251023_032752 STARTTIME: 032752
20251023_032752 LOGDATE: 20251023_032752
20251023_032752 JOB=job_report_weekly

20251023_032752 ###############################################################
20251023_032752 ### RUNNING REPORT WEEKLY SCRIPT
20251023_032752 ###############################################################

20251023_032752 ## Checking if script exists
20251023_032752 Script File: /scripts/finance/reporting/job_report_weekly/job_report_weekly.sql
20251023_032752 File exists...

20251023_032752 ## Running script
20251023_032752  *** Logon successfully completed.
  *** Total elapsed time was 2 seconds.
  *** Error: Monthly aggregation error: Inconsistent daily data.
  *** Script execution failed.
  *** RC (return code) = 4
20251023_032826
20251023_032826
Execution Return Code: 4
20251023_032826
---------
JOB ERROR
---------
Start Time: 032752, End Time: 032826