FINANCE REPORTING JOB LOG 20260614_094528
----------------------
20260614_094528 ## Passed Parameter Values:
20260614_094528 DOMAIN: finance
20260614_094528 SUB_DOMAIN: reporting
20260614_094528 USER_NAME: accountant1
20260614_094528 TABLE_NAME: job_report_weekly
20260614_094528 EXEC_SCOPE: UAT

20260614_094528 ## Derived Variable Values:
20260614_094528 STARTTIME: 094528
20260614_094528 LOGDATE: 20260614_094528
20260614_094528 JOB=job_report_weekly

20260614_094528 ###############################################################
20260614_094528 ### RUNNING REPORT WEEKLY SCRIPT
20260614_094528 ###############################################################

20260614_094528 ## Checking if script exists
20260614_094528 Script File: /scripts/finance/reporting/job_report_weekly/job_report_weekly.sql
20260614_094528 File exists...

20260614_094528 ## Running script
20260614_094528  *** Logon successfully completed.
  *** Total elapsed time was 5 seconds.
  *** Error: Monthly aggregation error: Inconsistent daily data.
  *** Script execution failed.
  *** RC (return code) = 1
20260614_094615
20260614_094615
Execution Return Code: 1
20260614_094615
---------
JOB ERROR
---------
Start Time: 094528, End Time: 094615