MARKETING ANALYTICS JOB LOG 20250904_080757
----------------------
20250904_080757 ## Passed Parameter Values:
20250904_080757 DOMAIN: marketing
20250904_080757 SUB_DOMAIN: analytics
20250904_080757 USER_NAME: campaign_manager
20250904_080757 TABLE_NAME: job_conversion_rate
20250904_080757 EXEC_SCOPE: DEV

20250904_080757 ## Derived Variable Values:
20250904_080757 STARTTIME: 080757
20250904_080757 LOGDATE: 20250904_080757
20250904_080757 JOB=job_conversion_rate

20250904_080757 ###############################################################
20250904_080757 ### RUNNING CONVERSION RATE SCRIPT
20250904_080757 ###############################################################

20250904_080757 ## Checking if script exists
20250904_080757 Script File: /scripts/marketing/analytics/job_conversion_rate/job_conversion_rate.sql
20250904_080757 File exists...

20250904_080757 ## Running script
20250904_080757  *** Logon successfully completed.
  *** Total elapsed time was 1 second.
  *** Analysis completed with no issues.
  *** Script execution successful.
  *** RC (return code) = 0
20250904_080811
20250904_080811
Execution Return Code: 0
20250904_080811
-----------
JOB SUCCESS
-----------
Start Time: 080757, End Time: 080811