MARKETING ANALYTICS JOB LOG 20260519_133225
----------------------
20260519_133225 ## Passed Parameter Values:
20260519_133225 DOMAIN: marketing
20260519_133225 SUB_DOMAIN: analytics
20260519_133225 USER_NAME: marketing_user1
20260519_133225 TABLE_NAME: job_conversion_rate
20260519_133225 EXEC_SCOPE: TEST

20260519_133225 ## Derived Variable Values:
20260519_133225 STARTTIME: 133225
20260519_133225 LOGDATE: 20260519_133225
20260519_133225 JOB=job_conversion_rate

20260519_133225 ###############################################################
20260519_133225 ### RUNNING CONVERSION RATE SCRIPT
20260519_133225 ###############################################################

20260519_133225 ## Checking if script exists
20260519_133225 Script File: /scripts/marketing/analytics/job_conversion_rate/job_conversion_rate.sql
20260519_133225 File exists...

20260519_133225 ## Running script
20260519_133225  *** Logon successfully completed.
  *** Total elapsed time was 5 seconds.
  *** Script executed successfully.
  *** Script execution successful.
  *** RC (return code) = 0
20260519_133303
20260519_133303
Execution Return Code: 0
20260519_133303
-----------
JOB SUCCESS
-----------
Start Time: 133225, End Time: 133303