MARKETING ANALYTICS JOB LOG 20250610_071630
----------------------
20250610_071630 ## Passed Parameter Values:
20250610_071630 DOMAIN: marketing
20250610_071630 SUB_DOMAIN: analytics
20250610_071630 USER_NAME: marketing_user1
20250610_071630 TABLE_NAME: job_conversion_rate
20250610_071630 EXEC_SCOPE: DEV

20250610_071630 ## Derived Variable Values:
20250610_071630 STARTTIME: 071630
20250610_071630 LOGDATE: 20250610_071630
20250610_071630 JOB=job_conversion_rate

20250610_071630 ###############################################################
20250610_071630 ### RUNNING CONVERSION RATE SCRIPT
20250610_071630 ###############################################################

20250610_071630 ## Checking if script exists
20250610_071630 Script File: /scripts/marketing/analytics/job_conversion_rate/job_conversion_rate.sql
20250610_071630 File exists...

20250610_071630 ## Running script
20250610_071630  *** Logon successfully completed.
  *** Total elapsed time was 1 second.
  *** Error: Performance warning: Query execution exceeded threshold.
  *** Script execution failed.
  *** RC (return code) = 1
20250610_071637
20250610_071637
Execution Return Code: 1
20250610_071637
---------
JOB ERROR
---------
Start Time: 071630, End Time: 071637