MARKETING ANALYTICS JOB LOG 20260514_155101
----------------------
20260514_155101 ## Passed Parameter Values:
20260514_155101 DOMAIN: marketing
20260514_155101 SUB_DOMAIN: analytics
20260514_155101 USER_NAME: campaign_manager
20260514_155101 TABLE_NAME: job_conversion_rate
20260514_155101 EXEC_SCOPE: TEST

20260514_155101 ## Derived Variable Values:
20260514_155101 STARTTIME: 155101
20260514_155101 LOGDATE: 20260514_155101
20260514_155101 JOB=job_conversion_rate

20260514_155101 ###############################################################
20260514_155101 ### RUNNING CONVERSION RATE SCRIPT
20260514_155101 ###############################################################

20260514_155101 ## Checking if script exists
20260514_155101 Script File: /scripts/marketing/analytics/job_conversion_rate/job_conversion_rate.sql
20260514_155101 File exists...

20260514_155101 ## Running script
20260514_155101  *** Logon successfully completed.
  *** Total elapsed time was 5 seconds.
  *** Report generated successfully.
  *** Script execution successful.
  *** RC (return code) = 0
20260514_155108
20260514_155108
Execution Return Code: 0
20260514_155108
-----------
JOB SUCCESS
-----------
Start Time: 155101, End Time: 155108