MARKETING ANALYTICS JOB LOG 20251207_132744
----------------------
20251207_132744 ## Passed Parameter Values:
20251207_132744 DOMAIN: marketing
20251207_132744 SUB_DOMAIN: analytics
20251207_132744 USER_NAME: marketing_user1
20251207_132744 TABLE_NAME: job_conversion_rate
20251207_132744 EXEC_SCOPE: DEV

20251207_132744 ## Derived Variable Values:
20251207_132744 STARTTIME: 132744
20251207_132744 LOGDATE: 20251207_132744
20251207_132744 JOB=job_conversion_rate

20251207_132744 ###############################################################
20251207_132744 ### RUNNING CONVERSION RATE SCRIPT
20251207_132744 ###############################################################

20251207_132744 ## Checking if script exists
20251207_132744 Script File: /scripts/marketing/analytics/job_conversion_rate/job_conversion_rate.sql
20251207_132744 File exists...

20251207_132744 ## Running script
20251207_132744  *** Logon successfully completed.
  *** Total elapsed time was 3 seconds.
  *** All data processed without errors.
  *** Script execution successful.
  *** RC (return code) = 0
20251207_132811
20251207_132811
Execution Return Code: 0
20251207_132811
-----------
JOB SUCCESS
-----------
Start Time: 132744, End Time: 132811