MARKETING ANALYTICS JOB LOG 20260716_032840
----------------------
20260716_032840 ## Passed Parameter Values:
20260716_032840 DOMAIN: marketing
20260716_032840 SUB_DOMAIN: analytics
20260716_032840 USER_NAME: campaign_manager
20260716_032840 TABLE_NAME: job_conversion_rate
20260716_032840 EXEC_SCOPE: PROD

20260716_032840 ## Derived Variable Values:
20260716_032840 STARTTIME: 032840
20260716_032840 LOGDATE: 20260716_032840
20260716_032840 JOB=job_conversion_rate

20260716_032840 ###############################################################
20260716_032840 ### RUNNING CONVERSION RATE SCRIPT
20260716_032840 ###############################################################

20260716_032840 ## Checking if script exists
20260716_032840 Script File: /scripts/marketing/analytics/job_conversion_rate/job_conversion_rate.sql
20260716_032840 File exists...

20260716_032840 ## Running script
20260716_032840  *** Logon successfully completed.
  *** Total elapsed time was 1 second.
  *** Error: Division by zero encountered in calculation.
  *** Script execution failed.
  *** RC (return code) = 4
20260716_032925
20260716_032925
Execution Return Code: 4
20260716_032925
---------
JOB ERROR
---------
Start Time: 032840, End Time: 032925