MARKETING ANALYTICS JOB LOG 20250626_113309
----------------------
20250626_113309 ## Passed Parameter Values:
20250626_113309 DOMAIN: marketing
20250626_113309 SUB_DOMAIN: analytics
20250626_113309 USER_NAME: campaign_manager
20250626_113309 TABLE_NAME: job_conversion_rate
20250626_113309 EXEC_SCOPE: TEST

20250626_113309 ## Derived Variable Values:
20250626_113309 STARTTIME: 113309
20250626_113309 LOGDATE: 20250626_113309
20250626_113309 JOB=job_conversion_rate

20250626_113309 ###############################################################
20250626_113309 ### RUNNING CONVERSION RATE SCRIPT
20250626_113309 ###############################################################

20250626_113309 ## Checking if script exists
20250626_113309 Script File: /scripts/marketing/analytics/job_conversion_rate/job_conversion_rate.sql
20250626_113309 File exists...

20250626_113309 ## Running script
20250626_113309  *** Logon successfully completed.
  *** Total elapsed time was 5 seconds.
  *** All data processed without errors.
  *** Script execution successful.
  *** RC (return code) = 0
20250626_113327
20250626_113327
Execution Return Code: 0
20250626_113327
-----------
JOB SUCCESS
-----------
Start Time: 113309, End Time: 113327