MARKETING ANALYTICS JOB LOG 20251230_185616
----------------------
20251230_185616 ## Passed Parameter Values:
20251230_185616 DOMAIN: marketing
20251230_185616 SUB_DOMAIN: analytics
20251230_185616 USER_NAME: marketing_user1
20251230_185616 TABLE_NAME: job_conversion_rate
20251230_185616 EXEC_SCOPE: UAT

20251230_185616 ## Derived Variable Values:
20251230_185616 STARTTIME: 185616
20251230_185616 LOGDATE: 20251230_185616
20251230_185616 JOB=job_conversion_rate

20251230_185616 ###############################################################
20251230_185616 ### RUNNING CONVERSION RATE SCRIPT
20251230_185616 ###############################################################

20251230_185616 ## Checking if script exists
20251230_185616 Script File: /scripts/marketing/analytics/job_conversion_rate/job_conversion_rate.sql
20251230_185616 File exists...

20251230_185616 ## Running script
20251230_185616  *** Logon successfully completed.
  *** Total elapsed time was 3 seconds.
  *** Report generated successfully.
  *** Script execution successful.
  *** RC (return code) = 0
20251230_185716
20251230_185716
Execution Return Code: 0
20251230_185716
-----------
JOB SUCCESS
-----------
Start Time: 185616, End Time: 185716