MARKETING ANALYTICS JOB LOG 20260503_181221
----------------------
20260503_181221 ## Passed Parameter Values:
20260503_181221 DOMAIN: marketing
20260503_181221 SUB_DOMAIN: analytics
20260503_181221 USER_NAME: marketing_user1
20260503_181221 TABLE_NAME: job_conversion_rate
20260503_181221 EXEC_SCOPE: PROD

20260503_181221 ## Derived Variable Values:
20260503_181221 STARTTIME: 181221
20260503_181221 LOGDATE: 20260503_181221
20260503_181221 JOB=job_conversion_rate

20260503_181221 ###############################################################
20260503_181221 ### RUNNING CONVERSION RATE SCRIPT
20260503_181221 ###############################################################

20260503_181221 ## Checking if script exists
20260503_181221 Script File: /scripts/marketing/analytics/job_conversion_rate/job_conversion_rate.sql
20260503_181221 File exists...

20260503_181221 ## Running script
20260503_181221  *** Logon successfully completed.
  *** Total elapsed time was 2 seconds.
  *** Report generated successfully.
  *** Script execution successful.
  *** RC (return code) = 0
20260503_181251
20260503_181251
Execution Return Code: 0
20260503_181251
-----------
JOB SUCCESS
-----------
Start Time: 181221, End Time: 181251