MARKETING ANALYTICS JOB LOG 20250522_144500
----------------------
20250522_144500 ## Passed Parameter Values:
20250522_144500 DOMAIN: marketing
20250522_144500 SUB_DOMAIN: analytics
20250522_144500 USER_NAME: marketing_user1
20250522_144500 TABLE_NAME: job_conversion_rate
20250522_144500 EXEC_SCOPE: PROD

20250522_144500 ## Derived Variable Values:
20250522_144500 STARTTIME: 144500
20250522_144500 LOGDATE: 20250522_144500
20250522_144500 JOB=job_conversion_rate

20250522_144500 ###############################################################
20250522_144500 ### RUNNING CONVERSION RATE SCRIPT
20250522_144500 ###############################################################

20250522_144500 ## Checking if script exists
20250522_144500 Script File: /scripts/marketing/analytics/job_conversion_rate/job_conversion_rate.sql
20250522_144500 File exists...

20250522_144500 ## Running script
20250522_144500  *** Logon successfully completed.
  *** Total elapsed time was 5 seconds.
  *** Error: Traffic analysis error: Invalid source attribution.
  *** Script execution failed.
  *** RC (return code) = 8
20250522_144559
20250522_144559
Execution Return Code: 8
20250522_144559
---------
JOB ERROR
---------
Start Time: 144500, End Time: 144559