MARKETING ANALYTICS JOB LOG 20260215_041159
----------------------
20260215_041159 ## Passed Parameter Values:
20260215_041159 DOMAIN: marketing
20260215_041159 SUB_DOMAIN: analytics
20260215_041159 USER_NAME: marketing_user1
20260215_041159 TABLE_NAME: job_conversion_rate
20260215_041159 EXEC_SCOPE: DEV

20260215_041159 ## Derived Variable Values:
20260215_041159 STARTTIME: 041159
20260215_041159 LOGDATE: 20260215_041159
20260215_041159 JOB=job_conversion_rate

20260215_041159 ###############################################################
20260215_041159 ### RUNNING CONVERSION RATE SCRIPT
20260215_041159 ###############################################################

20260215_041159 ## Checking if script exists
20260215_041159 Script File: /scripts/marketing/analytics/job_conversion_rate/job_conversion_rate.sql
20260215_041159 File exists...

20260215_041159 ## Running script
20260215_041159  *** Logon successfully completed.
  *** Total elapsed time was 1 second.
  *** Error: Conversion calculation error: Missing funnel stage data.
  *** Script execution failed.
  *** RC (return code) = 4
20260215_041243
20260215_041243
Execution Return Code: 4
20260215_041243
---------
JOB ERROR
---------
Start Time: 041159, End Time: 041243