MARKETING ANALYTICS JOB LOG 20260524_110442
----------------------
20260524_110442 ## Passed Parameter Values:
20260524_110442 DOMAIN: marketing
20260524_110442 SUB_DOMAIN: analytics
20260524_110442 USER_NAME: campaign_manager
20260524_110442 TABLE_NAME: job_conversion_rate
20260524_110442 EXEC_SCOPE: TEST

20260524_110442 ## Derived Variable Values:
20260524_110442 STARTTIME: 110442
20260524_110442 LOGDATE: 20260524_110442
20260524_110442 JOB=job_conversion_rate

20260524_110442 ###############################################################
20260524_110442 ### RUNNING CONVERSION RATE SCRIPT
20260524_110442 ###############################################################

20260524_110442 ## Checking if script exists
20260524_110442 Script File: /scripts/marketing/analytics/job_conversion_rate/job_conversion_rate.sql
20260524_110442 File exists...

20260524_110442 ## Running script
20260524_110442  *** Logon successfully completed.
  *** Total elapsed time was 4 seconds.
  *** Error: Performance warning: Query execution exceeded threshold.
  *** Script execution failed.
  *** RC (return code) = 1
20260524_110503
20260524_110503
Execution Return Code: 1
20260524_110503
---------
JOB ERROR
---------
Start Time: 110442, End Time: 110503