MARKETING ANALYTICS JOB LOG 20251028_202713
----------------------
20251028_202713 ## Passed Parameter Values:
20251028_202713 DOMAIN: marketing
20251028_202713 SUB_DOMAIN: analytics
20251028_202713 USER_NAME: analyst1
20251028_202713 TABLE_NAME: job_conversion_rate
20251028_202713 EXEC_SCOPE: PROD

20251028_202713 ## Derived Variable Values:
20251028_202713 STARTTIME: 202713
20251028_202713 LOGDATE: 20251028_202713
20251028_202713 JOB=job_conversion_rate

20251028_202713 ###############################################################
20251028_202713 ### RUNNING CONVERSION RATE SCRIPT
20251028_202713 ###############################################################

20251028_202713 ## Checking if script exists
20251028_202713 Script File: /scripts/marketing/analytics/job_conversion_rate/job_conversion_rate.sql
20251028_202713 File exists...

20251028_202713 ## Running script
20251028_202713  *** Logon successfully completed.
  *** Total elapsed time was 4 seconds.
  *** Script executed successfully.
  *** Script execution successful.
  *** RC (return code) = 0
20251028_202745
20251028_202745
Execution Return Code: 0
20251028_202745
-----------
JOB SUCCESS
-----------
Start Time: 202713, End Time: 202745