MARKETING ANALYTICS JOB LOG 20250805_022733
----------------------
20250805_022733 ## Passed Parameter Values:
20250805_022733 DOMAIN: marketing
20250805_022733 SUB_DOMAIN: analytics
20250805_022733 USER_NAME: marketing_user1
20250805_022733 TABLE_NAME: job_conversion_rate
20250805_022733 EXEC_SCOPE: PROD

20250805_022733 ## Derived Variable Values:
20250805_022733 STARTTIME: 022733
20250805_022733 LOGDATE: 20250805_022733
20250805_022733 JOB=job_conversion_rate

20250805_022733 ###############################################################
20250805_022733 ### RUNNING CONVERSION RATE SCRIPT
20250805_022733 ###############################################################

20250805_022733 ## Checking if script exists
20250805_022733 Script File: /scripts/marketing/analytics/job_conversion_rate/job_conversion_rate.sql
20250805_022733 File exists...

20250805_022733 ## Running script
20250805_022733  *** Logon successfully completed.
  *** Total elapsed time was 1 second.
  *** Report generated successfully.
  *** Script execution successful.
  *** RC (return code) = 0
20250805_022738
20250805_022738
Execution Return Code: 0
20250805_022738
-----------
JOB SUCCESS
-----------
Start Time: 022733, End Time: 022738