MARKETING ANALYTICS JOB LOG 20251030_211541
----------------------
20251030_211541 ## Passed Parameter Values:
20251030_211541 DOMAIN: marketing
20251030_211541 SUB_DOMAIN: analytics
20251030_211541 USER_NAME: marketing_user1
20251030_211541 TABLE_NAME: job_conversion_rate
20251030_211541 EXEC_SCOPE: DEV

20251030_211541 ## Derived Variable Values:
20251030_211541 STARTTIME: 211541
20251030_211541 LOGDATE: 20251030_211541
20251030_211541 JOB=job_conversion_rate

20251030_211541 ###############################################################
20251030_211541 ### RUNNING CONVERSION RATE SCRIPT
20251030_211541 ###############################################################

20251030_211541 ## Checking if script exists
20251030_211541 Script File: /scripts/marketing/analytics/job_conversion_rate/job_conversion_rate.sql
20251030_211541 File exists...

20251030_211541 ## Running script
20251030_211541  *** Logon successfully completed.
  *** Total elapsed time was 4 seconds.
  *** Error: Conversion calculation error: Missing funnel stage data.
  *** Script execution failed.
  *** RC (return code) = 1
20251030_211634
20251030_211634
Execution Return Code: 1
20251030_211634
---------
JOB ERROR
---------
Start Time: 211541, End Time: 211634