MARKETING ANALYTICS JOB LOG 20250918_193722
----------------------
20250918_193722 ## Passed Parameter Values:
20250918_193722 DOMAIN: marketing
20250918_193722 SUB_DOMAIN: analytics
20250918_193722 USER_NAME: analyst1
20250918_193722 TABLE_NAME: job_conversion_rate
20250918_193722 EXEC_SCOPE: UAT

20250918_193722 ## Derived Variable Values:
20250918_193722 STARTTIME: 193722
20250918_193722 LOGDATE: 20250918_193722
20250918_193722 JOB=job_conversion_rate

20250918_193722 ###############################################################
20250918_193722 ### RUNNING CONVERSION RATE SCRIPT
20250918_193722 ###############################################################

20250918_193722 ## Checking if script exists
20250918_193722 Script File: /scripts/marketing/analytics/job_conversion_rate/job_conversion_rate.sql
20250918_193722 File exists...

20250918_193722 ## Running script
20250918_193722  *** Logon successfully completed.
  *** Total elapsed time was 2 seconds.
  *** Report generated successfully.
  *** Script execution successful.
  *** RC (return code) = 0
20250918_193746
20250918_193746
Execution Return Code: 0
20250918_193746
-----------
JOB SUCCESS
-----------
Start Time: 193722, End Time: 193746