MARKETING ANALYTICS JOB LOG 20260317_183729
----------------------
20260317_183729 ## Passed Parameter Values:
20260317_183729 DOMAIN: marketing
20260317_183729 SUB_DOMAIN: analytics
20260317_183729 USER_NAME: marketing_user1
20260317_183729 TABLE_NAME: job_conversion_rate
20260317_183729 EXEC_SCOPE: TEST

20260317_183729 ## Derived Variable Values:
20260317_183729 STARTTIME: 183729
20260317_183729 LOGDATE: 20260317_183729
20260317_183729 JOB=job_conversion_rate

20260317_183729 ###############################################################
20260317_183729 ### RUNNING CONVERSION RATE SCRIPT
20260317_183729 ###############################################################

20260317_183729 ## Checking if script exists
20260317_183729 Script File: /scripts/marketing/analytics/job_conversion_rate/job_conversion_rate.sql
20260317_183729 File exists...

20260317_183729 ## Running script
20260317_183729  *** Logon successfully completed.
  *** Total elapsed time was 1 second.
  *** Report generated successfully.
  *** Script execution successful.
  *** RC (return code) = 0
20260317_183742
20260317_183742
Execution Return Code: 0
20260317_183742
-----------
JOB SUCCESS
-----------
Start Time: 183729, End Time: 183742