MARKETING ANALYTICS JOB LOG 20251106_105627
----------------------
20251106_105627 ## Passed Parameter Values:
20251106_105627 DOMAIN: marketing
20251106_105627 SUB_DOMAIN: analytics
20251106_105627 USER_NAME: analyst1
20251106_105627 TABLE_NAME: job_conversion_rate
20251106_105627 EXEC_SCOPE: DEV

20251106_105627 ## Derived Variable Values:
20251106_105627 STARTTIME: 105627
20251106_105627 LOGDATE: 20251106_105627
20251106_105627 JOB=job_conversion_rate

20251106_105627 ###############################################################
20251106_105627 ### RUNNING CONVERSION RATE SCRIPT
20251106_105627 ###############################################################

20251106_105627 ## Checking if script exists
20251106_105627 Script File: /scripts/marketing/analytics/job_conversion_rate/job_conversion_rate.sql
20251106_105627 File exists...

20251106_105627 ## Running script
20251106_105627  *** Logon successfully completed.
  *** Total elapsed time was 4 seconds.
  *** Data extraction and transformation successful.
  *** Script execution successful.
  *** RC (return code) = 0
20251106_105726
20251106_105726
Execution Return Code: 0
20251106_105726
-----------
JOB SUCCESS
-----------
Start Time: 105627, End Time: 105726