MARKETING ANALYTICS JOB LOG 20260705_221116
----------------------
20260705_221116 ## Passed Parameter Values:
20260705_221116 DOMAIN: marketing
20260705_221116 SUB_DOMAIN: analytics
20260705_221116 USER_NAME: marketing_user1
20260705_221116 TABLE_NAME: job_conversion_rate
20260705_221116 EXEC_SCOPE: TEST

20260705_221116 ## Derived Variable Values:
20260705_221116 STARTTIME: 221116
20260705_221116 LOGDATE: 20260705_221116
20260705_221116 JOB=job_conversion_rate

20260705_221116 ###############################################################
20260705_221116 ### RUNNING CONVERSION RATE SCRIPT
20260705_221116 ###############################################################

20260705_221116 ## Checking if script exists
20260705_221116 Script File: /scripts/marketing/analytics/job_conversion_rate/job_conversion_rate.sql
20260705_221116 File exists...

20260705_221116 ## Running script
20260705_221116  *** Logon successfully completed.
  *** Total elapsed time was 3 seconds.
  *** Error: Traffic analysis error: Invalid source attribution.
  *** Script execution failed.
  *** RC (return code) = 4
20260705_221215
20260705_221215
Execution Return Code: 4
20260705_221215
---------
JOB ERROR
---------
Start Time: 221116, End Time: 221215