OPERATIONS SCHEDULING JOB LOG 20260331_213718
----------------------
20260331_213718 ## Passed Parameter Values:
20260331_213718 DOMAIN: operations
20260331_213718 SUB_DOMAIN: scheduling
20260331_213718 USER_NAME: ops_user1
20260331_213718 TABLE_NAME: job_maintenance_plan
20260331_213718 EXEC_SCOPE: DEV

20260331_213718 ## Derived Variable Values:
20260331_213718 STARTTIME: 213718
20260331_213718 LOGDATE: 20260331_213718
20260331_213718 JOB=job_maintenance_plan

20260331_213718 ###############################################################
20260331_213718 ### RUNNING MAINTENANCE PLAN SCRIPT
20260331_213718 ###############################################################

20260331_213718 ## Checking if script exists
20260331_213718 Script File: /scripts/operations/scheduling/job_maintenance_plan/job_maintenance_plan.sql
20260331_213718 File exists...

20260331_213718 ## Running script
20260331_213718  *** Logon successfully completed.
  *** Total elapsed time was 2 seconds.
  *** All data processed without errors.
  *** Script execution successful.
  *** RC (return code) = 0
20260331_213805
20260331_213805
Execution Return Code: 0
20260331_213805
-----------
JOB SUCCESS
-----------
Start Time: 213718, End Time: 213805