OPERATIONS SCHEDULING JOB LOG 20251125_164339
----------------------
20251125_164339 ## Passed Parameter Values:
20251125_164339 DOMAIN: operations
20251125_164339 SUB_DOMAIN: scheduling
20251125_164339 USER_NAME: logistics_manager
20251125_164339 TABLE_NAME: job_maintenance_plan
20251125_164339 EXEC_SCOPE: TEST

20251125_164339 ## Derived Variable Values:
20251125_164339 STARTTIME: 164339
20251125_164339 LOGDATE: 20251125_164339
20251125_164339 JOB=job_maintenance_plan

20251125_164339 ###############################################################
20251125_164339 ### RUNNING MAINTENANCE PLAN SCRIPT
20251125_164339 ###############################################################

20251125_164339 ## Checking if script exists
20251125_164339 Script File: /scripts/operations/scheduling/job_maintenance_plan/job_maintenance_plan.sql
20251125_164339 File exists...

20251125_164339 ## Running script
20251125_164339  *** Logon successfully completed.
  *** Total elapsed time was 2 seconds.
  *** Analysis completed with no issues.
  *** Script execution successful.
  *** RC (return code) = 0
20251125_164436
20251125_164436
Execution Return Code: 0
20251125_164436
-----------
JOB SUCCESS
-----------
Start Time: 164339, End Time: 164436