OPERATIONS SCHEDULING JOB LOG 20260226_165348
----------------------
20260226_165348 ## Passed Parameter Values:
20260226_165348 DOMAIN: operations
20260226_165348 SUB_DOMAIN: scheduling
20260226_165348 USER_NAME: ops_user1
20260226_165348 TABLE_NAME: job_maintenance_plan
20260226_165348 EXEC_SCOPE: DEV

20260226_165348 ## Derived Variable Values:
20260226_165348 STARTTIME: 165348
20260226_165348 LOGDATE: 20260226_165348
20260226_165348 JOB=job_maintenance_plan

20260226_165348 ###############################################################
20260226_165348 ### RUNNING MAINTENANCE PLAN SCRIPT
20260226_165348 ###############################################################

20260226_165348 ## Checking if script exists
20260226_165348 Script File: /scripts/operations/scheduling/job_maintenance_plan/job_maintenance_plan.sql
20260226_165348 File exists...

20260226_165348 ## Running script
20260226_165348  *** Logon successfully completed.
  *** Total elapsed time was 5 seconds.
  *** Data extraction and transformation successful.
  *** Script execution successful.
  *** RC (return code) = 0
20260226_165437
20260226_165437
Execution Return Code: 0
20260226_165437
-----------
JOB SUCCESS
-----------
Start Time: 165348, End Time: 165437