OPERATIONS SCHEDULING JOB LOG 20250518_134047
----------------------
20250518_134047 ## Passed Parameter Values:
20250518_134047 DOMAIN: operations
20250518_134047 SUB_DOMAIN: scheduling
20250518_134047 USER_NAME: logistics_manager
20250518_134047 TABLE_NAME: job_maintenance_plan
20250518_134047 EXEC_SCOPE: DEV

20250518_134047 ## Derived Variable Values:
20250518_134047 STARTTIME: 134047
20250518_134047 LOGDATE: 20250518_134047
20250518_134047 JOB=job_maintenance_plan

20250518_134047 ###############################################################
20250518_134047 ### RUNNING MAINTENANCE PLAN SCRIPT
20250518_134047 ###############################################################

20250518_134047 ## Checking if script exists
20250518_134047 Script File: /scripts/operations/scheduling/job_maintenance_plan/job_maintenance_plan.sql
20250518_134047 File exists...

20250518_134047 ## Running script
20250518_134047  *** Logon successfully completed.
  *** Total elapsed time was 2 seconds.
  *** Error: Scheduling aggregation error: Inconsistent daily data.
  *** Script execution failed.
  *** RC (return code) = 4
20250518_134104
20250518_134104
Execution Return Code: 4
20250518_134104
---------
JOB ERROR
---------
Start Time: 134047, End Time: 134104