OPERATIONS SCHEDULING JOB LOG 20260621_053139
----------------------
20260621_053139 ## Passed Parameter Values:
20260621_053139 DOMAIN: operations
20260621_053139 SUB_DOMAIN: scheduling
20260621_053139 USER_NAME: ops_user1
20260621_053139 TABLE_NAME: job_maintenance_plan
20260621_053139 EXEC_SCOPE: UAT

20260621_053139 ## Derived Variable Values:
20260621_053139 STARTTIME: 053139
20260621_053139 LOGDATE: 20260621_053139
20260621_053139 JOB=job_maintenance_plan

20260621_053139 ###############################################################
20260621_053139 ### RUNNING MAINTENANCE PLAN SCRIPT
20260621_053139 ###############################################################

20260621_053139 ## Checking if script exists
20260621_053139 Script File: /scripts/operations/scheduling/job_maintenance_plan/job_maintenance_plan.sql
20260621_053139 File exists...

20260621_053139 ## Running script
20260621_053139  *** Logon successfully completed.
  *** Total elapsed time was 1 second.
  *** All data processed without errors.
  *** Script execution successful.
  *** RC (return code) = 0
20260621_053159
20260621_053159
Execution Return Code: 0
20260621_053159
-----------
JOB SUCCESS
-----------
Start Time: 053139, End Time: 053159