OPERATIONS SCHEDULING JOB LOG 20250810_165743
----------------------
20250810_165743 ## Passed Parameter Values:
20250810_165743 DOMAIN: operations
20250810_165743 SUB_DOMAIN: scheduling
20250810_165743 USER_NAME: logistics_manager
20250810_165743 TABLE_NAME: job_maintenance_plan
20250810_165743 EXEC_SCOPE: PROD

20250810_165743 ## Derived Variable Values:
20250810_165743 STARTTIME: 165743
20250810_165743 LOGDATE: 20250810_165743
20250810_165743 JOB=job_maintenance_plan

20250810_165743 ###############################################################
20250810_165743 ### RUNNING MAINTENANCE PLAN SCRIPT
20250810_165743 ###############################################################

20250810_165743 ## Checking if script exists
20250810_165743 Script File: /scripts/operations/scheduling/job_maintenance_plan/job_maintenance_plan.sql
20250810_165743 File exists...

20250810_165743 ## Running script
20250810_165743  *** Logon successfully completed.
  *** Total elapsed time was 3 seconds.
  *** Error: Scheduling aggregation error: Inconsistent daily data.
  *** Script execution failed.
  *** RC (return code) = 1
20250810_165824
20250810_165824
Execution Return Code: 1
20250810_165824
---------
JOB ERROR
---------
Start Time: 165743, End Time: 165824