OPERATIONS LOGISTICS JOB LOG 20260507_135301
----------------------
20260507_135301 ## Passed Parameter Values:
20260507_135301 DOMAIN: operations
20260507_135301 SUB_DOMAIN: logistics
20260507_135301 USER_NAME: ops_user1
20260507_135301 TABLE_NAME: job_shipment_track
20260507_135301 EXEC_SCOPE: UAT

20260507_135301 ## Derived Variable Values:
20260507_135301 STARTTIME: 135301
20260507_135301 LOGDATE: 20260507_135301
20260507_135301 JOB=job_shipment_track

20260507_135301 ###############################################################
20260507_135301 ### RUNNING SHIPMENT TRACK SCRIPT
20260507_135301 ###############################################################

20260507_135301 ## Checking if script exists
20260507_135301 Script File: /scripts/operations/logistics/job_shipment_track/job_shipment_track.sql
20260507_135301 File exists...

20260507_135301 ## Running script
20260507_135301  *** Logon successfully completed.
  *** Total elapsed time was 1 second.
  *** Error: Script completed with warnings: Missing optional parameters.
  *** Script execution failed.
  *** RC (return code) = 1
20260507_135352
20260507_135352
Execution Return Code: 1
20260507_135352
---------
JOB ERROR
---------
Start Time: 135301, End Time: 135352