OPERATIONS LOGISTICS JOB LOG 20251216_101344
----------------------
20251216_101344 ## Passed Parameter Values:
20251216_101344 DOMAIN: operations
20251216_101344 SUB_DOMAIN: logistics
20251216_101344 USER_NAME: logistics_manager
20251216_101344 TABLE_NAME: job_shipment_track
20251216_101344 EXEC_SCOPE: UAT

20251216_101344 ## Derived Variable Values:
20251216_101344 STARTTIME: 101344
20251216_101344 LOGDATE: 20251216_101344
20251216_101344 JOB=job_shipment_track

20251216_101344 ###############################################################
20251216_101344 ### RUNNING SHIPMENT TRACK SCRIPT
20251216_101344 ###############################################################

20251216_101344 ## Checking if script exists
20251216_101344 Script File: /scripts/operations/logistics/job_shipment_track/job_shipment_track.sql
20251216_101344 File exists...

20251216_101344 ## Running script
20251216_101344  *** Logon successfully completed.
  *** Total elapsed time was 1 second.
  *** All data processed without errors.
  *** Script execution successful.
  *** RC (return code) = 0
20251216_101441
20251216_101441
Execution Return Code: 0
20251216_101441
-----------
JOB SUCCESS
-----------
Start Time: 101344, End Time: 101441