OPERATIONS LOGISTICS JOB LOG 20260714_222652
----------------------
20260714_222652 ## Passed Parameter Values:
20260714_222652 DOMAIN: operations
20260714_222652 SUB_DOMAIN: logistics
20260714_222652 USER_NAME: logistics_manager
20260714_222652 TABLE_NAME: job_shipment_track
20260714_222652 EXEC_SCOPE: DEV

20260714_222652 ## Derived Variable Values:
20260714_222652 STARTTIME: 222652
20260714_222652 LOGDATE: 20260714_222652
20260714_222652 JOB=job_shipment_track

20260714_222652 ###############################################################
20260714_222652 ### RUNNING SHIPMENT TRACK SCRIPT
20260714_222652 ###############################################################

20260714_222652 ## Checking if script exists
20260714_222652 Script File: /scripts/operations/logistics/job_shipment_track/job_shipment_track.sql
20260714_222652 File exists...

20260714_222652 ## Running script
20260714_222652  *** Logon successfully completed.
  *** Total elapsed time was 4 seconds.
  *** All data processed without errors.
  *** Script execution successful.
  *** RC (return code) = 0
20260714_222746
20260714_222746
Execution Return Code: 0
20260714_222746
-----------
JOB SUCCESS
-----------
Start Time: 222652, End Time: 222746