OPERATIONS LOGISTICS JOB LOG 20250928_205605
----------------------
20250928_205605 ## Passed Parameter Values:
20250928_205605 DOMAIN: operations
20250928_205605 SUB_DOMAIN: logistics
20250928_205605 USER_NAME: ops_user1
20250928_205605 TABLE_NAME: job_shipment_track
20250928_205605 EXEC_SCOPE: TEST

20250928_205605 ## Derived Variable Values:
20250928_205605 STARTTIME: 205605
20250928_205605 LOGDATE: 20250928_205605
20250928_205605 JOB=job_shipment_track

20250928_205605 ###############################################################
20250928_205605 ### RUNNING SHIPMENT TRACK SCRIPT
20250928_205605 ###############################################################

20250928_205605 ## Checking if script exists
20250928_205605 Script File: /scripts/operations/logistics/job_shipment_track/job_shipment_track.sql
20250928_205605 File exists...

20250928_205605 ## Running script
20250928_205605  *** Logon successfully completed.
  *** Total elapsed time was 1 second.
  *** All data processed without errors.
  *** Script execution successful.
  *** RC (return code) = 0
20250928_205612
20250928_205612
Execution Return Code: 0
20250928_205612
-----------
JOB SUCCESS
-----------
Start Time: 205605, End Time: 205612