OPERATIONS LOGISTICS JOB LOG 20260628_151405
----------------------
20260628_151405 ## Passed Parameter Values:
20260628_151405 DOMAIN: operations
20260628_151405 SUB_DOMAIN: logistics
20260628_151405 USER_NAME: logistics_manager
20260628_151405 TABLE_NAME: job_shipment_track
20260628_151405 EXEC_SCOPE: TEST

20260628_151405 ## Derived Variable Values:
20260628_151405 STARTTIME: 151405
20260628_151405 LOGDATE: 20260628_151405
20260628_151405 JOB=job_shipment_track

20260628_151405 ###############################################################
20260628_151405 ### RUNNING SHIPMENT TRACK SCRIPT
20260628_151405 ###############################################################

20260628_151405 ## Checking if script exists
20260628_151405 Script File: /scripts/operations/logistics/job_shipment_track/job_shipment_track.sql
20260628_151405 File exists...

20260628_151405 ## Running script
20260628_151405  *** Logon successfully completed.
  *** Total elapsed time was 3 seconds.
  *** All data processed without errors.
  *** Script execution successful.
  *** RC (return code) = 0
20260628_151500
20260628_151500
Execution Return Code: 0
20260628_151500
-----------
JOB SUCCESS
-----------
Start Time: 151405, End Time: 151500