OPERATIONS LOGISTICS JOB LOG 20250805_185438
----------------------
20250805_185438 ## Passed Parameter Values:
20250805_185438 DOMAIN: operations
20250805_185438 SUB_DOMAIN: logistics
20250805_185438 USER_NAME: ops_user1
20250805_185438 TABLE_NAME: job_shipment_track
20250805_185438 EXEC_SCOPE: UAT

20250805_185438 ## Derived Variable Values:
20250805_185438 STARTTIME: 185438
20250805_185438 LOGDATE: 20250805_185438
20250805_185438 JOB=job_shipment_track

20250805_185438 ###############################################################
20250805_185438 ### RUNNING SHIPMENT TRACK SCRIPT
20250805_185438 ###############################################################

20250805_185438 ## Checking if script exists
20250805_185438 Script File: /scripts/operations/logistics/job_shipment_track/job_shipment_track.sql
20250805_185438 File exists...

20250805_185438 ## Running script
20250805_185438  *** Logon successfully completed.
  *** Total elapsed time was 5 seconds.
  *** Data extraction and transformation successful.
  *** Script execution successful.
  *** RC (return code) = 0
20250805_185529
20250805_185529
Execution Return Code: 0
20250805_185529
-----------
JOB SUCCESS
-----------
Start Time: 185438, End Time: 185529