OPERATIONS LOGISTICS JOB LOG 20260524_101126
----------------------
20260524_101126 ## Passed Parameter Values:
20260524_101126 DOMAIN: operations
20260524_101126 SUB_DOMAIN: logistics
20260524_101126 USER_NAME: ops_user1
20260524_101126 TABLE_NAME: job_shipment_track
20260524_101126 EXEC_SCOPE: DEV

20260524_101126 ## Derived Variable Values:
20260524_101126 STARTTIME: 101126
20260524_101126 LOGDATE: 20260524_101126
20260524_101126 JOB=job_shipment_track

20260524_101126 ###############################################################
20260524_101126 ### RUNNING SHIPMENT TRACK SCRIPT
20260524_101126 ###############################################################

20260524_101126 ## Checking if script exists
20260524_101126 Script File: /scripts/operations/logistics/job_shipment_track/job_shipment_track.sql
20260524_101126 File exists...

20260524_101126 ## Running script
20260524_101126  *** Logon successfully completed.
  *** Total elapsed time was 4 seconds.
  *** Script executed successfully.
  *** Script execution successful.
  *** RC (return code) = 0
20260524_101148
20260524_101148
Execution Return Code: 0
20260524_101148
-----------
JOB SUCCESS
-----------
Start Time: 101126, End Time: 101148