OPERATIONS LOGISTICS JOB LOG 20251230_000046
----------------------
20251230_000046 ## Passed Parameter Values:
20251230_000046 DOMAIN: operations
20251230_000046 SUB_DOMAIN: logistics
20251230_000046 USER_NAME: ops_user1
20251230_000046 TABLE_NAME: job_shipment_track
20251230_000046 EXEC_SCOPE: DEV

20251230_000046 ## Derived Variable Values:
20251230_000046 STARTTIME: 000046
20251230_000046 LOGDATE: 20251230_000046
20251230_000046 JOB=job_shipment_track

20251230_000046 ###############################################################
20251230_000046 ### RUNNING SHIPMENT TRACK SCRIPT
20251230_000046 ###############################################################

20251230_000046 ## Checking if script exists
20251230_000046 Script File: /scripts/operations/logistics/job_shipment_track/job_shipment_track.sql
20251230_000046 File exists...

20251230_000046 ## Running script
20251230_000046  *** Logon successfully completed.
  *** Total elapsed time was 3 seconds.
  *** Error: Logistics calculation failed: Missing tax rate for region.
  *** Script execution failed.
  *** RC (return code) = 4
20251230_000053
20251230_000053
Execution Return Code: 4
20251230_000053
---------
JOB ERROR
---------
Start Time: 000046, End Time: 000053