HR PAYROLL JOB LOG 20260310_221009
----------------------
20260310_221009 ## Passed Parameter Values:
20260310_221009 DOMAIN: hr
20260310_221009 SUB_DOMAIN: payroll
20260310_221009 USER_NAME: recruiter1
20260310_221009 TABLE_NAME: job_bonus_process
20260310_221009 EXEC_SCOPE: DEV

20260310_221009 ## Derived Variable Values:
20260310_221009 STARTTIME: 221009
20260310_221009 LOGDATE: 20260310_221009
20260310_221009 JOB=job_bonus_process

20260310_221009 ###############################################################
20260310_221009 ### RUNNING BONUS PROCESS SCRIPT
20260310_221009 ###############################################################

20260310_221009 ## Checking if script exists
20260310_221009 Script File: /scripts/hr/payroll/job_bonus_process/job_bonus_process.sql
20260310_221009 File exists...

20260310_221009 ## Running script
20260310_221009  *** Logon successfully completed.
  *** Total elapsed time was 2 seconds.
  *** Analysis completed with no issues.
  *** Script execution successful.
  *** RC (return code) = 0
20260310_221047
20260310_221047
Execution Return Code: 0
20260310_221047
-----------
JOB SUCCESS
-----------
Start Time: 221009, End Time: 221047