HR PAYROLL JOB LOG 20250805_123636
----------------------
20250805_123636 ## Passed Parameter Values:
20250805_123636 DOMAIN: hr
20250805_123636 SUB_DOMAIN: payroll
20250805_123636 USER_NAME: recruiter1
20250805_123636 TABLE_NAME: job_bonus_process
20250805_123636 EXEC_SCOPE: UAT

20250805_123636 ## Derived Variable Values:
20250805_123636 STARTTIME: 123636
20250805_123636 LOGDATE: 20250805_123636
20250805_123636 JOB=job_bonus_process

20250805_123636 ###############################################################
20250805_123636 ### RUNNING BONUS PROCESS SCRIPT
20250805_123636 ###############################################################

20250805_123636 ## Checking if script exists
20250805_123636 Script File: /scripts/hr/payroll/job_bonus_process/job_bonus_process.sql
20250805_123636 File exists...

20250805_123636 ## Running script
20250805_123636  *** Logon successfully completed.
  *** Total elapsed time was 1 second.
  *** Data extraction and transformation successful.
  *** Script execution successful.
  *** RC (return code) = 0
20250805_123646
20250805_123646
Execution Return Code: 0
20250805_123646
-----------
JOB SUCCESS
-----------
Start Time: 123636, End Time: 123646