HR PAYROLL JOB LOG 20260125_115409
----------------------
20260125_115409 ## Passed Parameter Values:
20260125_115409 DOMAIN: hr
20260125_115409 SUB_DOMAIN: payroll
20260125_115409 USER_NAME: recruiter1
20260125_115409 TABLE_NAME: job_bonus_process
20260125_115409 EXEC_SCOPE: PROD

20260125_115409 ## Derived Variable Values:
20260125_115409 STARTTIME: 115409
20260125_115409 LOGDATE: 20260125_115409
20260125_115409 JOB=job_bonus_process

20260125_115409 ###############################################################
20260125_115409 ### RUNNING BONUS PROCESS SCRIPT
20260125_115409 ###############################################################

20260125_115409 ## Checking if script exists
20260125_115409 Script File: /scripts/hr/payroll/job_bonus_process/job_bonus_process.sql
20260125_115409 File exists...

20260125_115409 ## Running script
20260125_115409  *** Logon successfully completed.
  *** Total elapsed time was 5 seconds.
  *** Report generated successfully.
  *** Script execution successful.
  *** RC (return code) = 0
20260125_115503
20260125_115503
Execution Return Code: 0
20260125_115503
-----------
JOB SUCCESS
-----------
Start Time: 115409, End Time: 115503