HR PAYROLL JOB LOG 20260329_153832
----------------------
20260329_153832 ## Passed Parameter Values:
20260329_153832 DOMAIN: hr
20260329_153832 SUB_DOMAIN: payroll
20260329_153832 USER_NAME: hr_user1
20260329_153832 TABLE_NAME: job_bonus_process
20260329_153832 EXEC_SCOPE: PROD

20260329_153832 ## Derived Variable Values:
20260329_153832 STARTTIME: 153832
20260329_153832 LOGDATE: 20260329_153832
20260329_153832 JOB=job_bonus_process

20260329_153832 ###############################################################
20260329_153832 ### RUNNING BONUS PROCESS SCRIPT
20260329_153832 ###############################################################

20260329_153832 ## Checking if script exists
20260329_153832 Script File: /scripts/hr/payroll/job_bonus_process/job_bonus_process.sql
20260329_153832 File exists...

20260329_153832 ## Running script
20260329_153832  *** Logon successfully completed.
  *** Total elapsed time was 2 seconds.
  *** All data processed without errors.
  *** Script execution successful.
  *** RC (return code) = 0
20260329_153909
20260329_153909
Execution Return Code: 0
20260329_153909
-----------
JOB SUCCESS
-----------
Start Time: 153832, End Time: 153909