HR PAYROLL JOB LOG 20260625_152507
----------------------
20260625_152507 ## Passed Parameter Values:
20260625_152507 DOMAIN: hr
20260625_152507 SUB_DOMAIN: payroll
20260625_152507 USER_NAME: payroll_admin
20260625_152507 TABLE_NAME: job_bonus_process
20260625_152507 EXEC_SCOPE: PROD

20260625_152507 ## Derived Variable Values:
20260625_152507 STARTTIME: 152507
20260625_152507 LOGDATE: 20260625_152507
20260625_152507 JOB=job_bonus_process

20260625_152507 ###############################################################
20260625_152507 ### RUNNING BONUS PROCESS SCRIPT
20260625_152507 ###############################################################

20260625_152507 ## Checking if script exists
20260625_152507 Script File: /scripts/hr/payroll/job_bonus_process/job_bonus_process.sql
20260625_152507 File exists...

20260625_152507 ## Running script
20260625_152507  *** Logon successfully completed.
  *** Total elapsed time was 1 second.
  *** Script executed successfully.
  *** Script execution successful.
  *** RC (return code) = 0
20260625_152518
20260625_152518
Execution Return Code: 0
20260625_152518
-----------
JOB SUCCESS
-----------
Start Time: 152507, End Time: 152518