FINANCE REPORTING JOB LOG
20250501_083000 ----------------------
20250501_083000 ## Passed Parameter Values:
20250501_083000 DOMAIN: finance
20250501_083000 SUB_DOMAIN: reporting
20250501_083000 USER_NAME: user321
20250501_083000 TABLE_NAME: job_report_daily
20250501_083000 EXEC_SCOPE: PROD

20250501_083000 ## Derived Variable Values:
20250501_083000 STARTTIME: 083000
20250501_083000 LOGDATE: 20250501_083000
20250501_083000 JOB=job_report_daily

20250501_083000 ###############################################################
20250501_083000 ### RUNNING DAILY REPORT SCRIPT
20250501_083000 ###############################################################

20250501_083000 ## Checking if script exists
20250501_083000 Script File: /scripts/finance/reporting/job_report_daily/job_report_daily.sql
20250501_083000 File exists...

20250501_083000 ## Running script
20250501_083000
 *** Logon successfully completed.
 *** Total elapsed time was 1 second.

 *** Report generated. 1800 rows written.
 *** Total elapsed time was 3 seconds.

 *** Script execution completed successfully.
 *** RC (return code) = 0
20250501_083010
20250501_083010 Execution Return Code: 0
20250501_083010
20250501_083010 ---------
20250501_083010 JOB DONE
20250501_083010 ---------
20250501_083010 Start Time: 083000, End Time: 083010
