FINANCE BILLING JOB LOG
20250429_101000 ----------------------
20250429_101000 ## Passed Parameter Values:
20250429_101000 DOMAIN: finance
20250429_101000 SUB_DOMAIN: billing
20250429_101000 USER_NAME: user456
20250429_101000 TABLE_NAME: job_payment_proc
20250429_101000 EXEC_SCOPE: PROD

20250429_101000 ## Derived Variable Values:
20250429_101000 STARTTIME: 101000
20250429_101000 LOGDATE: 20250429_101000
20250429_101000 JOB=job_payment_proc

20250429_101000 ###############################################################
20250429_101000 ### RUNNING PAYMENT PROCESSING SCRIPT
20250429_101000 ###############################################################

20250429_101000 ## Checking if script exists
20250429_101000 Script File: /scripts/finance/billing/job_payment_proc/job_payment_proc.sql
20250429_101000 File exists...

20250429_101000 ## Running script
20250429_101000
 *** Logon successfully completed.
 *** Total elapsed time was 1 second.

 *** Payment processing completed. 500 payments updated.
 *** Total elapsed time was 3 seconds.

 *** Script execution completed successfully.
 *** RC (return code) = 0
20250429_101020
20250429_101020 Execution Return Code: 0
20250429_101020
20250429_101020 ---------
20250429_101020 JOB DONE
20250429_101020 ---------
20250429_101020 Start Time: 101000, End Time: 101020
