FINANCE BILLING JOB LOG 20250911_154635
----------------------
20250911_154635 ## Passed Parameter Values:
20250911_154635 DOMAIN: finance
20250911_154635 SUB_DOMAIN: billing
20250911_154635 USER_NAME: finance_admin
20250911_154635 TABLE_NAME: job_payment_proc
20250911_154635 EXEC_SCOPE: TEST

20250911_154635 ## Derived Variable Values:
20250911_154635 STARTTIME: 154635
20250911_154635 LOGDATE: 20250911_154635
20250911_154635 JOB=job_payment_proc

20250911_154635 ###############################################################
20250911_154635 ### RUNNING PAYMENT PROC SCRIPT
20250911_154635 ###############################################################

20250911_154635 ## Checking if script exists
20250911_154635 Script File: /scripts/finance/billing/job_payment_proc/job_payment_proc.sql
20250911_154635 File exists...

20250911_154635 ## Running script
20250911_154635  *** Logon successfully completed.
  *** Total elapsed time was 5 seconds.
  *** Script executed successfully.
  *** Script execution successful.
  *** RC (return code) = 0
20250911_154723
20250911_154723
Execution Return Code: 0
20250911_154723
-----------
JOB SUCCESS
-----------
Start Time: 154635, End Time: 154723