FINANCE BILLING JOB LOG 20260416_195517
----------------------
20260416_195517 ## Passed Parameter Values:
20260416_195517 DOMAIN: finance
20260416_195517 SUB_DOMAIN: billing
20260416_195517 USER_NAME: finance_user1
20260416_195517 TABLE_NAME: job_payment_proc
20260416_195517 EXEC_SCOPE: TEST

20260416_195517 ## Derived Variable Values:
20260416_195517 STARTTIME: 195517
20260416_195517 LOGDATE: 20260416_195517
20260416_195517 JOB=job_payment_proc

20260416_195517 ###############################################################
20260416_195517 ### RUNNING PAYMENT PROC SCRIPT
20260416_195517 ###############################################################

20260416_195517 ## Checking if script exists
20260416_195517 Script File: /scripts/finance/billing/job_payment_proc/job_payment_proc.sql
20260416_195517 File exists...

20260416_195517 ## Running script
20260416_195517  *** Logon successfully completed.
  *** Total elapsed time was 1 second.
  *** Error: Invoice generation failed: Invalid customer account.
  *** Script execution failed.
  *** RC (return code) = 4
20260416_195617
20260416_195617
Execution Return Code: 4
20260416_195617
---------
JOB ERROR
---------
Start Time: 195517, End Time: 195617