FINANCE BILLING JOB LOG 20260628_172404
----------------------
20260628_172404 ## Passed Parameter Values:
20260628_172404 DOMAIN: finance
20260628_172404 SUB_DOMAIN: billing
20260628_172404 USER_NAME: accountant1
20260628_172404 TABLE_NAME: job_payment_proc
20260628_172404 EXEC_SCOPE: DEV

20260628_172404 ## Derived Variable Values:
20260628_172404 STARTTIME: 172404
20260628_172404 LOGDATE: 20260628_172404
20260628_172404 JOB=job_payment_proc

20260628_172404 ###############################################################
20260628_172404 ### RUNNING PAYMENT PROC SCRIPT
20260628_172404 ###############################################################

20260628_172404 ## Checking if script exists
20260628_172404 Script File: /scripts/finance/billing/job_payment_proc/job_payment_proc.sql
20260628_172404 File exists...

20260628_172404 ## Running script
20260628_172404  *** Logon successfully completed.
  *** Total elapsed time was 1 second.
  *** Error: Invoice generation failed: Invalid customer account.
  *** Script execution failed.
  *** RC (return code) = 1
20260628_172436
20260628_172436
Execution Return Code: 1
20260628_172436
---------
JOB ERROR
---------
Start Time: 172404, End Time: 172436