FINANCE BILLING JOB LOG 20260512_212422
----------------------
20260512_212422 ## Passed Parameter Values:
20260512_212422 DOMAIN: finance
20260512_212422 SUB_DOMAIN: billing
20260512_212422 USER_NAME: finance_user1
20260512_212422 TABLE_NAME: job_payment_proc
20260512_212422 EXEC_SCOPE: UAT

20260512_212422 ## Derived Variable Values:
20260512_212422 STARTTIME: 212422
20260512_212422 LOGDATE: 20260512_212422
20260512_212422 JOB=job_payment_proc

20260512_212422 ###############################################################
20260512_212422 ### RUNNING PAYMENT PROC SCRIPT
20260512_212422 ###############################################################

20260512_212422 ## Checking if script exists
20260512_212422 Script File: /scripts/finance/billing/job_payment_proc/job_payment_proc.sql
20260512_212422 File exists...

20260512_212422 ## Running script
20260512_212422  *** Logon successfully completed.
  *** Total elapsed time was 4 seconds.
  *** Report generated successfully.
  *** Script execution successful.
  *** RC (return code) = 0
20260512_212450
20260512_212450
Execution Return Code: 0
20260512_212450
-----------
JOB SUCCESS
-----------
Start Time: 212422, End Time: 212450