FINANCE BILLING JOB LOG 20251120_094027
----------------------
20251120_094027 ## Passed Parameter Values:
20251120_094027 DOMAIN: finance
20251120_094027 SUB_DOMAIN: billing
20251120_094027 USER_NAME: accountant1
20251120_094027 TABLE_NAME: job_payment_proc
20251120_094027 EXEC_SCOPE: TEST

20251120_094027 ## Derived Variable Values:
20251120_094027 STARTTIME: 094027
20251120_094027 LOGDATE: 20251120_094027
20251120_094027 JOB=job_payment_proc

20251120_094027 ###############################################################
20251120_094027 ### RUNNING PAYMENT PROC SCRIPT
20251120_094027 ###############################################################

20251120_094027 ## Checking if script exists
20251120_094027 Script File: /scripts/finance/billing/job_payment_proc/job_payment_proc.sql
20251120_094027 File exists...

20251120_094027 ## Running script
20251120_094027  *** Logon successfully completed.
  *** Total elapsed time was 5 seconds.
  *** Error: Fatal error in data processing pipeline.
  *** Script execution failed.
  *** RC (return code) = 8
20251120_094033
20251120_094033
Execution Return Code: 8
20251120_094033
---------
JOB ERROR
---------
Start Time: 094027, End Time: 094033