FINANCE BILLING JOB LOG 20260514_104303
----------------------
20260514_104303 ## Passed Parameter Values:
20260514_104303 DOMAIN: finance
20260514_104303 SUB_DOMAIN: billing
20260514_104303 USER_NAME: accountant1
20260514_104303 TABLE_NAME: job_payment_proc
20260514_104303 EXEC_SCOPE: UAT

20260514_104303 ## Derived Variable Values:
20260514_104303 STARTTIME: 104303
20260514_104303 LOGDATE: 20260514_104303
20260514_104303 JOB=job_payment_proc

20260514_104303 ###############################################################
20260514_104303 ### RUNNING PAYMENT PROC SCRIPT
20260514_104303 ###############################################################

20260514_104303 ## Checking if script exists
20260514_104303 Script File: /scripts/finance/billing/job_payment_proc/job_payment_proc.sql
20260514_104303 File exists...

20260514_104303 ## Running script
20260514_104303  *** Logon successfully completed.
  *** Total elapsed time was 3 seconds.
  *** Error: Invoice generation failed: Invalid customer account.
  *** Script execution failed.
  *** RC (return code) = 1
20260514_104402
20260514_104402
Execution Return Code: 1
20260514_104402
---------
JOB ERROR
---------
Start Time: 104303, End Time: 104402