FINANCE BILLING JOB LOG 20250527_190319
----------------------
20250527_190319 ## Passed Parameter Values:
20250527_190319 DOMAIN: finance
20250527_190319 SUB_DOMAIN: billing
20250527_190319 USER_NAME: finance_user1
20250527_190319 TABLE_NAME: job_payment_proc
20250527_190319 EXEC_SCOPE: DEV

20250527_190319 ## Derived Variable Values:
20250527_190319 STARTTIME: 190319
20250527_190319 LOGDATE: 20250527_190319
20250527_190319 JOB=job_payment_proc

20250527_190319 ###############################################################
20250527_190319 ### RUNNING PAYMENT PROC SCRIPT
20250527_190319 ###############################################################

20250527_190319 ## Checking if script exists
20250527_190319 Script File: /scripts/finance/billing/job_payment_proc/job_payment_proc.sql
20250527_190319 File exists...

20250527_190319 ## Running script
20250527_190319  *** Logon successfully completed.
  *** Total elapsed time was 5 seconds.
  *** Report generated successfully.
  *** Script execution successful.
  *** RC (return code) = 0
20250527_190350
20250527_190350
Execution Return Code: 0
20250527_190350
-----------
JOB SUCCESS
-----------
Start Time: 190319, End Time: 190350