FINANCE BILLING JOB LOG
20250430_103000 ----------------------
20250430_103000 ## Passed Parameter Values:
20250430_103000 DOMAIN: finance
20250430_103000 SUB_DOMAIN: billing
20250430_103000 USER_NAME: user456
20250430_103000 TABLE_NAME: job_payment_proc
20250430_103000 EXEC_SCOPE: PROD

20250430_103000 ## Derived Variable Values:
20250430_103000 STARTTIME: 103000
20250430_103000 LOGDATE: 20250430_103000
20250430_103000 JOB=job_payment_proc

20250430_103000 ###############################################################
20250430_103000 ### RUNNING PAYMENT PROCESSING SCRIPT
20250430_103000 ###############################################################

20250430_103000 ## Checking if script exists
20250430_103000 Script File: /scripts/finance/billing/job_payment_proc/job_payment_proc.sql
20250430_103000 File exists...

20250430_103000 ## Running script
20250430_103000
 *** Logon successfully completed.
 *** Total elapsed time was 1 second.

 *** Error: Unable to update payment status. Database timeout.
 *** Script execution failed.
 *** RC (return code) = 12
20250430_103010
20250430_103010 Execution Return Code: 12
20250430_103010
20250430_103010 ---------
20250430_103010 JOB ERROR
20250430_103010 ---------
20250430_103010 Start Time: 103000, End Time: 103010
