FINANCE BILLING JOB LOG 20260201_115819
----------------------
20260201_115819 ## Passed Parameter Values:
20260201_115819 DOMAIN: finance
20260201_115819 SUB_DOMAIN: billing
20260201_115819 USER_NAME: finance_user1
20260201_115819 TABLE_NAME: job_payment_proc
20260201_115819 EXEC_SCOPE: TEST

20260201_115819 ## Derived Variable Values:
20260201_115819 STARTTIME: 115819
20260201_115819 LOGDATE: 20260201_115819
20260201_115819 JOB=job_payment_proc

20260201_115819 ###############################################################
20260201_115819 ### RUNNING PAYMENT PROC SCRIPT
20260201_115819 ###############################################################

20260201_115819 ## Checking if script exists
20260201_115819 Script File: /scripts/finance/billing/job_payment_proc/job_payment_proc.sql
20260201_115819 File exists...

20260201_115819 ## Running script
20260201_115819  *** Logon successfully completed.
  *** Total elapsed time was 3 seconds.
  *** Analysis completed with no issues.
  *** Script execution successful.
  *** RC (return code) = 0
20260201_115907
20260201_115907
Execution Return Code: 0
20260201_115907
-----------
JOB SUCCESS
-----------
Start Time: 115819, End Time: 115907