FINANCE BILLING JOB LOG 20260702_071801
----------------------
20260702_071801 ## Passed Parameter Values:
20260702_071801 DOMAIN: finance
20260702_071801 SUB_DOMAIN: billing
20260702_071801 USER_NAME: finance_user1
20260702_071801 TABLE_NAME: job_payment_proc
20260702_071801 EXEC_SCOPE: PROD

20260702_071801 ## Derived Variable Values:
20260702_071801 STARTTIME: 071801
20260702_071801 LOGDATE: 20260702_071801
20260702_071801 JOB=job_payment_proc

20260702_071801 ###############################################################
20260702_071801 ### RUNNING PAYMENT PROC SCRIPT
20260702_071801 ###############################################################

20260702_071801 ## Checking if script exists
20260702_071801 Script File: /scripts/finance/billing/job_payment_proc/job_payment_proc.sql
20260702_071801 File exists...

20260702_071801 ## Running script
20260702_071801  *** Logon successfully completed.
  *** Total elapsed time was 5 seconds.
  *** Data extraction and transformation successful.
  *** Script execution successful.
  *** RC (return code) = 0
20260702_071820
20260702_071820
Execution Return Code: 0
20260702_071820
-----------
JOB SUCCESS
-----------
Start Time: 071801, End Time: 071820