FINANCE BILLING JOB LOG 20260405_092221
----------------------
20260405_092221 ## Passed Parameter Values:
20260405_092221 DOMAIN: finance
20260405_092221 SUB_DOMAIN: billing
20260405_092221 USER_NAME: finance_user1
20260405_092221 TABLE_NAME: job_tax_calc
20260405_092221 EXEC_SCOPE: UAT

20260405_092221 ## Derived Variable Values:
20260405_092221 STARTTIME: 092221
20260405_092221 LOGDATE: 20260405_092221
20260405_092221 JOB=job_tax_calc

20260405_092221 ###############################################################
20260405_092221 ### RUNNING TAX CALC SCRIPT
20260405_092221 ###############################################################

20260405_092221 ## Checking if script exists
20260405_092221 Script File: /scripts/finance/billing/job_tax_calc/job_tax_calc.sql
20260405_092221 File exists...

20260405_092221 ## Running script
20260405_092221  *** Logon successfully completed.
  *** Total elapsed time was 5 seconds.
  *** Report generated successfully.
  *** Script execution successful.
  *** RC (return code) = 0
20260405_092257
20260405_092257
Execution Return Code: 0
20260405_092257
-----------
JOB SUCCESS
-----------
Start Time: 092221, End Time: 092257