FINANCE BILLING JOB LOG 20260319_052950
----------------------
20260319_052950 ## Passed Parameter Values:
20260319_052950 DOMAIN: finance
20260319_052950 SUB_DOMAIN: billing
20260319_052950 USER_NAME: finance_admin
20260319_052950 TABLE_NAME: job_tax_calc
20260319_052950 EXEC_SCOPE: DEV

20260319_052950 ## Derived Variable Values:
20260319_052950 STARTTIME: 052950
20260319_052950 LOGDATE: 20260319_052950
20260319_052950 JOB=job_tax_calc

20260319_052950 ###############################################################
20260319_052950 ### RUNNING TAX CALC SCRIPT
20260319_052950 ###############################################################

20260319_052950 ## Checking if script exists
20260319_052950 Script File: /scripts/finance/billing/job_tax_calc/job_tax_calc.sql
20260319_052950 File exists...

20260319_052950 ## Running script
20260319_052950  *** Logon successfully completed.
  *** Total elapsed time was 5 seconds.
  *** Data extraction and transformation successful.
  *** Script execution successful.
  *** RC (return code) = 0
20260319_053040
20260319_053040
Execution Return Code: 0
20260319_053040
-----------
JOB SUCCESS
-----------
Start Time: 052950, End Time: 053040