FINANCE BILLING JOB LOG 20250502_080619
----------------------
20250502_080619 ## Passed Parameter Values:
20250502_080619 DOMAIN: finance
20250502_080619 SUB_DOMAIN: billing
20250502_080619 USER_NAME: finance_user1
20250502_080619 TABLE_NAME: job_tax_calc
20250502_080619 EXEC_SCOPE: DEV

20250502_080619 ## Derived Variable Values:
20250502_080619 STARTTIME: 080619
20250502_080619 LOGDATE: 20250502_080619
20250502_080619 JOB=job_tax_calc

20250502_080619 ###############################################################
20250502_080619 ### RUNNING TAX CALC SCRIPT
20250502_080619 ###############################################################

20250502_080619 ## Checking if script exists
20250502_080619 Script File: /scripts/finance/billing/job_tax_calc/job_tax_calc.sql
20250502_080619 File exists...

20250502_080619 ## Running script
20250502_080619  *** Logon successfully completed.
  *** Total elapsed time was 5 seconds.
  *** Script executed successfully.
  *** Script execution successful.
  *** RC (return code) = 0
20250502_080653
20250502_080653
Execution Return Code: 0
20250502_080653
-----------
JOB SUCCESS
-----------
Start Time: 080619, End Time: 080653