FINANCE BILLING JOB LOG 20260303_151935
----------------------
20260303_151935 ## Passed Parameter Values:
20260303_151935 DOMAIN: finance
20260303_151935 SUB_DOMAIN: billing
20260303_151935 USER_NAME: finance_user1
20260303_151935 TABLE_NAME: job_tax_calc
20260303_151935 EXEC_SCOPE: DEV

20260303_151935 ## Derived Variable Values:
20260303_151935 STARTTIME: 151935
20260303_151935 LOGDATE: 20260303_151935
20260303_151935 JOB=job_tax_calc

20260303_151935 ###############################################################
20260303_151935 ### RUNNING TAX CALC SCRIPT
20260303_151935 ###############################################################

20260303_151935 ## Checking if script exists
20260303_151935 Script File: /scripts/finance/billing/job_tax_calc/job_tax_calc.sql
20260303_151935 File exists...

20260303_151935 ## Running script
20260303_151935  *** Logon successfully completed.
  *** Total elapsed time was 1 second.
  *** Data extraction and transformation successful.
  *** Script execution successful.
  *** RC (return code) = 0
20260303_151954
20260303_151954
Execution Return Code: 0
20260303_151954
-----------
JOB SUCCESS
-----------
Start Time: 151935, End Time: 151954