FINANCE BILLING JOB LOG 20260517_131126
----------------------
20260517_131126 ## Passed Parameter Values:
20260517_131126 DOMAIN: finance
20260517_131126 SUB_DOMAIN: billing
20260517_131126 USER_NAME: finance_user1
20260517_131126 TABLE_NAME: job_tax_calc
20260517_131126 EXEC_SCOPE: UAT

20260517_131126 ## Derived Variable Values:
20260517_131126 STARTTIME: 131126
20260517_131126 LOGDATE: 20260517_131126
20260517_131126 JOB=job_tax_calc

20260517_131126 ###############################################################
20260517_131126 ### RUNNING TAX CALC SCRIPT
20260517_131126 ###############################################################

20260517_131126 ## Checking if script exists
20260517_131126 Script File: /scripts/finance/billing/job_tax_calc/job_tax_calc.sql
20260517_131126 File exists...

20260517_131126 ## Running script
20260517_131126  *** Logon successfully completed.
  *** Total elapsed time was 2 seconds.
  *** Data extraction and transformation successful.
  *** Script execution successful.
  *** RC (return code) = 0
20260517_131143
20260517_131143
Execution Return Code: 0
20260517_131143
-----------
JOB SUCCESS
-----------
Start Time: 131126, End Time: 131143