FINANCE BILLING JOB LOG 20260430_224437
----------------------
20260430_224437 ## Passed Parameter Values:
20260430_224437 DOMAIN: finance
20260430_224437 SUB_DOMAIN: billing
20260430_224437 USER_NAME: finance_admin
20260430_224437 TABLE_NAME: job_tax_calc
20260430_224437 EXEC_SCOPE: DEV

20260430_224437 ## Derived Variable Values:
20260430_224437 STARTTIME: 224437
20260430_224437 LOGDATE: 20260430_224437
20260430_224437 JOB=job_tax_calc

20260430_224437 ###############################################################
20260430_224437 ### RUNNING TAX CALC SCRIPT
20260430_224437 ###############################################################

20260430_224437 ## Checking if script exists
20260430_224437 Script File: /scripts/finance/billing/job_tax_calc/job_tax_calc.sql
20260430_224437 File exists...

20260430_224437 ## Running script
20260430_224437  *** Logon successfully completed.
  *** Total elapsed time was 1 second.
  *** Report generated successfully.
  *** Script execution successful.
  *** RC (return code) = 0
20260430_224453
20260430_224453
Execution Return Code: 0
20260430_224453
-----------
JOB SUCCESS
-----------
Start Time: 224437, End Time: 224453