FINANCE BILLING JOB LOG 20251216_060142
----------------------
20251216_060142 ## Passed Parameter Values:
20251216_060142 DOMAIN: finance
20251216_060142 SUB_DOMAIN: billing
20251216_060142 USER_NAME: accountant1
20251216_060142 TABLE_NAME: job_tax_calc
20251216_060142 EXEC_SCOPE: UAT

20251216_060142 ## Derived Variable Values:
20251216_060142 STARTTIME: 060142
20251216_060142 LOGDATE: 20251216_060142
20251216_060142 JOB=job_tax_calc

20251216_060142 ###############################################################
20251216_060142 ### RUNNING TAX CALC SCRIPT
20251216_060142 ###############################################################

20251216_060142 ## Checking if script exists
20251216_060142 Script File: /scripts/finance/billing/job_tax_calc/job_tax_calc.sql
20251216_060142 File exists...

20251216_060142 ## Running script
20251216_060142  *** Logon successfully completed.
  *** Total elapsed time was 4 seconds.
  *** Script executed successfully.
  *** Script execution successful.
  *** RC (return code) = 0
20251216_060220
20251216_060220
Execution Return Code: 0
20251216_060220
-----------
JOB SUCCESS
-----------
Start Time: 060142, End Time: 060220