FINANCE BILLING JOB LOG 20250525_165412
----------------------
20250525_165412 ## Passed Parameter Values:
20250525_165412 DOMAIN: finance
20250525_165412 SUB_DOMAIN: billing
20250525_165412 USER_NAME: accountant1
20250525_165412 TABLE_NAME: job_tax_calc
20250525_165412 EXEC_SCOPE: DEV

20250525_165412 ## Derived Variable Values:
20250525_165412 STARTTIME: 165412
20250525_165412 LOGDATE: 20250525_165412
20250525_165412 JOB=job_tax_calc

20250525_165412 ###############################################################
20250525_165412 ### RUNNING TAX CALC SCRIPT
20250525_165412 ###############################################################

20250525_165412 ## Checking if script exists
20250525_165412 Script File: /scripts/finance/billing/job_tax_calc/job_tax_calc.sql
20250525_165412 File exists...

20250525_165412 ## Running script
20250525_165412  *** Logon successfully completed.
  *** Total elapsed time was 3 seconds.
  *** Error: Invoice generation failed: Invalid customer account.
  *** Script execution failed.
  *** RC (return code) = 1
20250525_165506
20250525_165506
Execution Return Code: 1
20250525_165506
---------
JOB ERROR
---------
Start Time: 165412, End Time: 165506