FINANCE BILLING JOB LOG 20260308_221058
----------------------
20260308_221058 ## Passed Parameter Values:
20260308_221058 DOMAIN: finance
20260308_221058 SUB_DOMAIN: billing
20260308_221058 USER_NAME: finance_admin
20260308_221058 TABLE_NAME: job_tax_calc
20260308_221058 EXEC_SCOPE: TEST

20260308_221058 ## Derived Variable Values:
20260308_221058 STARTTIME: 221058
20260308_221058 LOGDATE: 20260308_221058
20260308_221058 JOB=job_tax_calc

20260308_221058 ###############################################################
20260308_221058 ### RUNNING TAX CALC SCRIPT
20260308_221058 ###############################################################

20260308_221058 ## Checking if script exists
20260308_221058 Script File: /scripts/finance/billing/job_tax_calc/job_tax_calc.sql
20260308_221058 File exists...

20260308_221058 ## Running script
20260308_221058  *** Logon successfully completed.
  *** Total elapsed time was 4 seconds.
  *** Data extraction and transformation successful.
  *** Script execution successful.
  *** RC (return code) = 0
20260308_221151
20260308_221151
Execution Return Code: 0
20260308_221151
-----------
JOB SUCCESS
-----------
Start Time: 221058, End Time: 221151