FINANCE BILLING JOB LOG 20260614_223451
----------------------
20260614_223451 ## Passed Parameter Values:
20260614_223451 DOMAIN: finance
20260614_223451 SUB_DOMAIN: billing
20260614_223451 USER_NAME: accountant1
20260614_223451 TABLE_NAME: job_tax_calc
20260614_223451 EXEC_SCOPE: DEV

20260614_223451 ## Derived Variable Values:
20260614_223451 STARTTIME: 223451
20260614_223451 LOGDATE: 20260614_223451
20260614_223451 JOB=job_tax_calc

20260614_223451 ###############################################################
20260614_223451 ### RUNNING TAX CALC SCRIPT
20260614_223451 ###############################################################

20260614_223451 ## Checking if script exists
20260614_223451 Script File: /scripts/finance/billing/job_tax_calc/job_tax_calc.sql
20260614_223451 File exists...

20260614_223451 ## Running script
20260614_223451  *** Logon successfully completed.
  *** Total elapsed time was 3 seconds.
  *** Data extraction and transformation successful.
  *** Script execution successful.
  *** RC (return code) = 0
20260614_223510
20260614_223510
Execution Return Code: 0
20260614_223510
-----------
JOB SUCCESS
-----------
Start Time: 223451, End Time: 223510