FINANCE BILLING JOB LOG
20250429_140000 ----------------------
20250429_140000 ## Passed Parameter Values:
20250429_140000 DOMAIN: finance
20250429_140000 SUB_DOMAIN: billing
20250429_140000 USER_NAME: user789
20250429_140000 TABLE_NAME: job_tax_calc
20250429_140000 EXEC_SCOPE: PROD

20250429_140000 ## Derived Variable Values:
20250429_140000 STARTTIME: 140000
20250429_140000 LOGDATE: 20250429_140000
20250429_140000 JOB=job_tax_calc

20250429_140000 ###############################################################
20250429_140000 ### RUNNING TAX CALCULATION SCRIPT
20250429_140000 ###############################################################

20250429_140000 ## Checking if script exists
20250429_140000 Script File: /scripts/finance/billing/job_tax_calc/job_tax_calc.sql
20250429_140000 File exists...

20250429_140000 ## Running script
20250429_140000
 *** Logon successfully completed.
 *** Total elapsed time was 1 second.

 *** Calculation completed. 500 rows processed.
 *** Total elapsed time was 3 seconds.

 *** Script execution completed successfully.
 *** RC (return code) = 0
20250429_140010
20250429_140010 Execution Return Code: 0
20250429_140010
20250429_140010 ---------
20250429_140010 JOB DONE
20250429_140010 ---------
20250429_140010 Start Time: 140000, End Time: 140010
