HR RECRUITING JOB LOG 20250511_221458
----------------------
20250511_221458 ## Passed Parameter Values:
20250511_221458 DOMAIN: hr
20250511_221458 SUB_DOMAIN: recruiting
20250511_221458 USER_NAME: payroll_admin
20250511_221458 TABLE_NAME: job_candidate_screen
20250511_221458 EXEC_SCOPE: UAT

20250511_221458 ## Derived Variable Values:
20250511_221458 STARTTIME: 221458
20250511_221458 LOGDATE: 20250511_221458
20250511_221458 JOB=job_candidate_screen

20250511_221458 ###############################################################
20250511_221458 ### RUNNING CANDIDATE SCREEN SCRIPT
20250511_221458 ###############################################################

20250511_221458 ## Checking if script exists
20250511_221458 Script File: /scripts/hr/recruiting/job_candidate_screen/job_candidate_screen.sql
20250511_221458 File exists...

20250511_221458 ## Running script
20250511_221458  *** Logon successfully completed.
  *** Total elapsed time was 1 second.
  *** Error: Recruiting report failed: Missing required metrics.
  *** Script execution failed.
  *** RC (return code) = 8
20250511_221534
20250511_221534
Execution Return Code: 8
20250511_221534
---------
JOB ERROR
---------
Start Time: 221458, End Time: 221534