HR RECRUITING JOB LOG 20260122_060750
----------------------
20260122_060750 ## Passed Parameter Values:
20260122_060750 DOMAIN: hr
20260122_060750 SUB_DOMAIN: recruiting
20260122_060750 USER_NAME: hr_user1
20260122_060750 TABLE_NAME: job_candidate_screen
20260122_060750 EXEC_SCOPE: PROD

20260122_060750 ## Derived Variable Values:
20260122_060750 STARTTIME: 060750
20260122_060750 LOGDATE: 20260122_060750
20260122_060750 JOB=job_candidate_screen

20260122_060750 ###############################################################
20260122_060750 ### RUNNING CANDIDATE SCREEN SCRIPT
20260122_060750 ###############################################################

20260122_060750 ## Checking if script exists
20260122_060750 Script File: /scripts/hr/recruiting/job_candidate_screen/job_candidate_screen.sql
20260122_060750 File exists...

20260122_060750 ## Running script
20260122_060750  *** Logon successfully completed.
  *** Total elapsed time was 5 seconds.
  *** Analysis completed with no issues.
  *** Script execution successful.
  *** RC (return code) = 0
20260122_060841
20260122_060841
Execution Return Code: 0
20260122_060841
-----------
JOB SUCCESS
-----------
Start Time: 060750, End Time: 060841